AUTOSAR XML Text Transformation v2.0.2.0
    Output folder: C:\Component\ES400A_TunSelnMngt_Impl\tools\local\generate
    Descr. file:   C:\Users\cz7lt6\AppData\Local\Temp\DaVinci\Cfg-2346904\Generation\Cfg_Gen-1525452478831-0\AutosarFiles_ValGen-1525454402037-0\TunSelnMngt_ECUC_1875136616948306366.arxml
    Include file:  C:\Component\ES400A_TunSelnMngt_Impl\tools\template\..\..\..\TL105A_Artt\tools\include\Helper.tt
    Include file:  C:\Component\ES400A_TunSelnMngt_Impl\tools\template\TunSelnMngt.tti
    Template:      C:\Component\ES400A_TunSelnMngt_Impl\tools\template\TunSelnMngt_Cfg_private.h.tt
    Namespace:     http://autosar.org/schema/r4.0
    Prefix:        ar
    File:          C:/Component/ES400A_TunSelnMngt_Impl/tools/local/generate\TunSelnMngt_Cfg_private.h. written.
    Duration:      00:00:00.9516061.
AUTOSAR XML Text Transformation v2.0.2.0
    Output folder: C:\Component\ES400A_TunSelnMngt_Impl-cz7lt6\ES400A_TunSelnMngt_Impl\tools\local\generate
    Descr. file:   C:\Users\cz7lt6\AppData\Local\Temp\DaVinci\Cfg-6335323\Generation\Cfg_Gen-1525896342469-0\AutosarFiles_ValGen-1525897053110-0\TunSelnMngt_ECUC_4258800294946093856.arxml
    Include file:  C:\Component\ES400A_TunSelnMngt_Impl-cz7lt6\ES400A_TunSelnMngt_Impl\tools\template\..\..\..\TL105A_Artt\tools\include\Helper.tt
    Include file:  C:\Component\ES400A_TunSelnMngt_Impl-cz7lt6\ES400A_TunSelnMngt_Impl\tools\template\TunSelnMngt.tti
    Template:      C:\Component\ES400A_TunSelnMngt_Impl-cz7lt6\ES400A_TunSelnMngt_Impl\tools\template\TunSelnMngt_Cfg_private.h.tt
    Namespace:     http://autosar.org/schema/r4.0
    Prefix:        ar
    File:          C:/Component/ES400A_TunSelnMngt_Impl-cz7lt6/ES400A_TunSelnMngt_Impl/tools/local/generate\TunSelnMngt_Cfg_private.h. written.
    Duration:      00:00:00.8580055.
AUTOSAR XML Text Transformation v2.0.2.0
    Output folder: C:\Component\ES400A_TunSelnMngt_Impl-cz7lt6\ES400A_TunSelnMngt_Impl\tools\local\generate
    Descr. file:   C:\Users\cz7lt6\AppData\Local\Temp\DaVinci\Cfg-7200291\Generation\Cfg_Gen-1525897205533-0\AutosarFiles_ValGen-1525897211898-0\TunSelnMngt_ECUC_8423326924144709792.arxml
    Include file:  C:\Component\ES400A_TunSelnMngt_Impl-cz7lt6\ES400A_TunSelnMngt_Impl\tools\template\..\..\..\TL105A_Artt\tools\include\Helper.tt
    Include file:  C:\Component\ES400A_TunSelnMngt_Impl-cz7lt6\ES400A_TunSelnMngt_Impl\tools\template\TunSelnMngt.tti
    Template:      C:\Component\ES400A_TunSelnMngt_Impl-cz7lt6\ES400A_TunSelnMngt_Impl\tools\template\TunSelnMngt_Cfg_private.h.tt
    Namespace:     http://autosar.org/schema/r4.0
    Prefix:        ar
    File:          C:/Component/ES400A_TunSelnMngt_Impl-cz7lt6/ES400A_TunSelnMngt_Impl/tools/local/generate\TunSelnMngt_Cfg_private.h. written.
    Duration:      00:00:00.8424054.
AUTOSAR XML Text Transformation v2.0.2.0
    Output folder: C:\Component\ES400A_TunSelnMngt_Impl-cz7lt6\ES400A_TunSelnMngt_Impl\tools\local\generate
    Descr. file:   C:\Users\cz7lt6\AppData\Local\Temp\DaVinci\Cfg-7920261\Generation\Cfg_Gen-1525907925347-0\AutosarFiles_ValGen-1525907931480-0\TunSelnMngt_ECUC_658857431899098362.arxml
    Include file:  C:\Component\ES400A_TunSelnMngt_Impl-cz7lt6\ES400A_TunSelnMngt_Impl\tools\template\..\..\..\TL105A_Artt\tools\include\Helper.tt
    Include file:  C:\Component\ES400A_TunSelnMngt_Impl-cz7lt6\ES400A_TunSelnMngt_Impl\tools\template\TunSelnMngt.tti
    Template:      C:\Component\ES400A_TunSelnMngt_Impl-cz7lt6\ES400A_TunSelnMngt_Impl\tools\template\TunSelnMngt_Cfg_private.h.tt
    Namespace:     http://autosar.org/schema/r4.0
    Prefix:        ar
    File:          C:/Component/ES400A_TunSelnMngt_Impl-cz7lt6/ES400A_TunSelnMngt_Impl/tools/local/generate\TunSelnMngt_Cfg_private.h. written.
    Duration:      00:00:00.7956051.
AUTOSAR XML Text Transformation v2.0.2.0
    Output folder: C:\Component\ES400A_TunSelnMngt_Impl-cz7lt6\ES400A_TunSelnMngt_Impl\tools\local\generate
    Descr. file:   C:\Users\cz7lt6\AppData\Local\Temp\DaVinci\Cfg-8092113\Generation\Cfg_Gen-1526398098163-0\AutosarFiles_ValGen-1526398105593-0\TunSelnMngt_ECUC_9152082577841095070.arxml
    Include file:  C:\Component\ES400A_TunSelnMngt_Impl-cz7lt6\ES400A_TunSelnMngt_Impl\tools\template\..\..\..\TL105A_Artt\tools\include\Helper.tt
    Include file:  C:\Component\ES400A_TunSelnMngt_Impl-cz7lt6\ES400A_TunSelnMngt_Impl\tools\template\TunSelnMngt.tti
    Template:      C:\Component\ES400A_TunSelnMngt_Impl-cz7lt6\ES400A_TunSelnMngt_Impl\tools\template\TunSelnMngt_Cfg_private.h.tt
    Namespace:     http://autosar.org/schema/r4.0
    Prefix:        ar
    File:          C:/Component/ES400A_TunSelnMngt_Impl-cz7lt6/ES400A_TunSelnMngt_Impl/tools/local/generate\TunSelnMngt_Cfg_private.h. written.
    Duration:      00:00:00.9516061.
AUTOSAR XML Text Transformation v2.0.2.0
    Output folder: C:\Component\ES400A_TunSelnMngt_Impl-cz7lt6\ES400A_TunSelnMngt_Impl\tools\local\generate
    Descr. file:   C:\Users\cz7lt6\AppData\Local\Temp\DaVinci\Cfg-9543270\Generation\Cfg_Gen-1526479548525-0\AutosarFiles_ValGen-1526479555132-0\TunSelnMngt_ECUC_2061387755590811525.arxml
    Include file:  C:\Component\ES400A_TunSelnMngt_Impl-cz7lt6\ES400A_TunSelnMngt_Impl\tools\template\..\..\..\TL105A_Artt\tools\include\Helper.tt
    Include file:  C:\Component\ES400A_TunSelnMngt_Impl-cz7lt6\ES400A_TunSelnMngt_Impl\tools\template\TunSelnMngt.tti
    Template:      C:\Component\ES400A_TunSelnMngt_Impl-cz7lt6\ES400A_TunSelnMngt_Impl\tools\template\TunSelnMngt_Cfg_private.h.tt
    Namespace:     http://autosar.org/schema/r4.0
    Prefix:        ar
    File:          C:/Component/ES400A_TunSelnMngt_Impl-cz7lt6/ES400A_TunSelnMngt_Impl/tools/local/generate\TunSelnMngt_Cfg_private.h. written.
    Duration:      00:00:00.8424054.
AUTOSAR XML Text Transformation v2.0.2.0
    Output folder: C:\Component\ES400A_TunSelnMngt_Impl-cz7lt6\ES400A_TunSelnMngt_Impl\tools\local\generate
    Descr. file:   C:\Users\cz7lt6\AppData\Local\Temp\DaVinci\Cfg-0125033\Generation\Cfg_Gen-1526480129590-0\AutosarFiles_ValGen-1526480136000-0\TunSelnMngt_ECUC_6430291320684870425.arxml
    Include file:  C:\Component\ES400A_TunSelnMngt_Impl-cz7lt6\ES400A_TunSelnMngt_Impl\tools\template\..\..\..\TL105A_Artt\tools\include\Helper.tt
    Include file:  C:\Component\ES400A_TunSelnMngt_Impl-cz7lt6\ES400A_TunSelnMngt_Impl\tools\template\TunSelnMngt.tti
    Template:      C:\Component\ES400A_TunSelnMngt_Impl-cz7lt6\ES400A_TunSelnMngt_Impl\tools\template\TunSelnMngt_Cfg_private.h.tt
    Namespace:     http://autosar.org/schema/r4.0
    Prefix:        ar
    File:          C:/Component/ES400A_TunSelnMngt_Impl-cz7lt6/ES400A_TunSelnMngt_Impl/tools/local/generate\TunSelnMngt_Cfg_private.h. written.
    Duration:      00:00:00.8424054.
AUTOSAR XML Text Transformation v2.0.2.0
    Output folder: C:\Component\ES400A_TunSelnMngt_Impl-cz7lt6\ES400A_TunSelnMngt_Impl\tools\local\generate
    Descr. file:   C:\Users\cz7lt6\AppData\Local\Temp\DaVinci\Cfg-0639262\Generation\Cfg_Gen-1526480643815-0\AutosarFiles_ValGen-1526480650239-0\TunSelnMngt_ECUC_6829048373895118187.arxml
    Include file:  C:\Component\ES400A_TunSelnMngt_Impl-cz7lt6\ES400A_TunSelnMngt_Impl\tools\template\..\..\..\TL105A_Artt\tools\include\Helper.tt
    Include file:  C:\Component\ES400A_TunSelnMngt_Impl-cz7lt6\ES400A_TunSelnMngt_Impl\tools\template\TunSelnMngt.tti
    Template:      C:\Component\ES400A_TunSelnMngt_Impl-cz7lt6\ES400A_TunSelnMngt_Impl\tools\template\TunSelnMngt_Cfg_private.h.tt
    Namespace:     http://autosar.org/schema/r4.0
    Prefix:        ar
    File:          C:/Component/ES400A_TunSelnMngt_Impl-cz7lt6/ES400A_TunSelnMngt_Impl/tools/local/generate\TunSelnMngt_Cfg_private.h. written.
    Duration:      00:00:00.8892057.
AUTOSAR XML Text Transformation v2.0.2.0
    Output folder: C:\Component\ES400A_TunSelnMngt_Impl-cz7lt6\ES400A_TunSelnMngt_Impl\tools\local\generate
    Descr. file:   C:\Users\cz7lt6\AppData\Local\Temp\DaVinci\Cfg-9619226\Generation\Cfg_Gen-1526479626950-0\AutosarFiles_ValGen-1526480985150-0\TunSelnMngt_ECUC_2801093010781900064.arxml
    Include file:  C:\Component\ES400A_TunSelnMngt_Impl-cz7lt6\ES400A_TunSelnMngt_Impl\tools\template\..\..\..\TL105A_Artt\tools\include\Helper.tt
    Include file:  C:\Component\ES400A_TunSelnMngt_Impl-cz7lt6\ES400A_TunSelnMngt_Impl\tools\template\TunSelnMngt.tti
    Template:      C:\Component\ES400A_TunSelnMngt_Impl-cz7lt6\ES400A_TunSelnMngt_Impl\tools\template\TunSelnMngt_Cfg_private.h.tt
    Namespace:     http://autosar.org/schema/r4.0
    Prefix:        ar
----------3--------------
    File:          C:/Component/ES400A_TunSelnMngt_Impl-cz7lt6/ES400A_TunSelnMngt_Impl/tools/local/generate\TunSelnMngt_Cfg_private.h. written.
    Duration:      00:00:00.9360060.
AUTOSAR XML Text Transformation v2.0.2.0
    Output folder: C:\Component\ES400A_TunSelnMngt_Impl-cz7lt6\ES400A_TunSelnMngt_Impl\tools\local\generate
    Descr. file:   C:\Users\cz7lt6\AppData\Local\Temp\DaVinci\Cfg-1031544\Generation\Cfg_Gen-1526481036117-0\AutosarFiles_ValGen-1526481042434-0\TunSelnMngt_ECUC_4333264805336633929.arxml
    Include file:  C:\Component\ES400A_TunSelnMngt_Impl-cz7lt6\ES400A_TunSelnMngt_Impl\tools\template\..\..\..\TL105A_Artt\tools\include\Helper.tt
    Include file:  C:\Component\ES400A_TunSelnMngt_Impl-cz7lt6\ES400A_TunSelnMngt_Impl\tools\template\TunSelnMngt.tti
    Template:      C:\Component\ES400A_TunSelnMngt_Impl-cz7lt6\ES400A_TunSelnMngt_Impl\tools\template\TunSelnMngt_Cfg_private.h.tt
    Namespace:     http://autosar.org/schema/r4.0
    Prefix:        ar
----------0--------------
    File:          C:/Component/ES400A_TunSelnMngt_Impl-cz7lt6/ES400A_TunSelnMngt_Impl/tools/local/generate\TunSelnMngt_Cfg_private.h. written.
    Duration:      00:00:00.8892057.
AUTOSAR XML Text Transformation v2.0.2.0
    Output folder: C:\Component\ES400A_TunSelnMngt_Impl-cz7lt6\ES400A_TunSelnMngt_Impl\tools\local\generate
    Descr. file:   C:\Users\cz7lt6\AppData\Local\Temp\DaVinci\Cfg-9619226\Generation\Cfg_Gen-1526479626950-0\AutosarFiles_ValGen-1526481147925-0\TunSelnMngt_ECUC_1402897206060745476.arxml
    Include file:  C:\Component\ES400A_TunSelnMngt_Impl-cz7lt6\ES400A_TunSelnMngt_Impl\tools\template\..\..\..\TL105A_Artt\tools\include\Helper.tt
    Include file:  C:\Component\ES400A_TunSelnMngt_Impl-cz7lt6\ES400A_TunSelnMngt_Impl\tools\template\TunSelnMngt.tti
    Template:      C:\Component\ES400A_TunSelnMngt_Impl-cz7lt6\ES400A_TunSelnMngt_Impl\tools\template\TunSelnMngt_Cfg_private.h.tt
    Namespace:     http://autosar.org/schema/r4.0
    Prefix:        ar
----------3--------------
    File:          C:/Component/ES400A_TunSelnMngt_Impl-cz7lt6/ES400A_TunSelnMngt_Impl/tools/local/generate\TunSelnMngt_Cfg_private.h. written.
    Duration:      00:00:00.9048058.
AUTOSAR XML Text Transformation v2.0.2.0
    Output folder: C:\Component\ES400A_TunSelnMngt_Impl-cz7lt6\ES400A_TunSelnMngt_Impl\tools\local\generate
    Descr. file:   C:\Users\cz7lt6\AppData\Local\Temp\DaVinci\Cfg-1191435\Generation\Cfg_Gen-1526481196108-0\AutosarFiles_ValGen-1526481202461-0\TunSelnMngt_ECUC_462216508887140347.arxml
    Include file:  C:\Component\ES400A_TunSelnMngt_Impl-cz7lt6\ES400A_TunSelnMngt_Impl\tools\template\..\..\..\TL105A_Artt\tools\include\Helper.tt
    Include file:  C:\Component\ES400A_TunSelnMngt_Impl-cz7lt6\ES400A_TunSelnMngt_Impl\tools\template\TunSelnMngt.tti
    Template:      C:\Component\ES400A_TunSelnMngt_Impl-cz7lt6\ES400A_TunSelnMngt_Impl\tools\template\TunSelnMngt_Cfg_private.h.tt
    Namespace:     http://autosar.org/schema/r4.0
    Prefix:        ar
----------0--------------
    File:          C:/Component/ES400A_TunSelnMngt_Impl-cz7lt6/ES400A_TunSelnMngt_Impl/tools/local/generate\TunSelnMngt_Cfg_private.h. written.
    Duration:      00:00:00.9204059.
AUTOSAR XML Text Transformation v2.0.2.0
    Output folder: C:\Component\ES400A_TunSelnMngt_Impl-cz7lt6\ES400A_TunSelnMngt_Impl\tools\local\generate
    Descr. file:   C:\Users\cz7lt6\AppData\Local\Temp\DaVinci\Cfg-2197381\Generation\Cfg_Gen-1526482204552-0\AutosarFiles_ValGen-1526482246808-0\TunSelnMngt_ECUC_7561625892445126851.arxml
    Include file:  C:\Component\ES400A_TunSelnMngt_Impl-cz7lt6\ES400A_TunSelnMngt_Impl\tools\template\..\..\..\TL105A_Artt\tools\include\Helper.tt
    Include file:  C:\Component\ES400A_TunSelnMngt_Impl-cz7lt6\ES400A_TunSelnMngt_Impl\tools\template\TunSelnMngt.tti
    Template:      C:\Component\ES400A_TunSelnMngt_Impl-cz7lt6\ES400A_TunSelnMngt_Impl\tools\template\TunSelnMngt_Cfg_private.h.tt
    Namespace:     http://autosar.org/schema/r4.0
    Prefix:        ar
----------3--------------
    File:          C:/Component/ES400A_TunSelnMngt_Impl-cz7lt6/ES400A_TunSelnMngt_Impl/tools/local/generate\TunSelnMngt_Cfg_private.h. written.
    Duration:      00:00:00.8892057.
AUTOSAR XML Text Transformation v2.0.2.0
    Output folder: C:\Component\ES400A_TunSelnMngt_Impl-cz7lt6\ES400A_TunSelnMngt_Impl\tools\local\generate
    Descr. file:   C:\Users\cz7lt6\AppData\Local\Temp\DaVinci\Cfg-2276088\Generation\Cfg_Gen-1526482280620-0\AutosarFiles_ValGen-1526482286944-0\TunSelnMngt_ECUC_5844825510328257850.arxml
    Include file:  C:\Component\ES400A_TunSelnMngt_Impl-cz7lt6\ES400A_TunSelnMngt_Impl\tools\template\..\..\..\TL105A_Artt\tools\include\Helper.tt
    Include file:  C:\Component\ES400A_TunSelnMngt_Impl-cz7lt6\ES400A_TunSelnMngt_Impl\tools\template\TunSelnMngt.tti
    Template:      C:\Component\ES400A_TunSelnMngt_Impl-cz7lt6\ES400A_TunSelnMngt_Impl\tools\template\TunSelnMngt_Cfg_private.h.tt
    Namespace:     http://autosar.org/schema/r4.0
    Prefix:        ar
----------3--------------
    File:          C:/Component/ES400A_TunSelnMngt_Impl-cz7lt6/ES400A_TunSelnMngt_Impl/tools/local/generate\TunSelnMngt_Cfg_private.h. written.
    Duration:      00:00:00.8736056.
AUTOSAR XML Text Transformation v2.0.2.0
    Output folder: C:\Component\ES400A_TunSelnMngt_Impl-cz7lt6\ES400A_TunSelnMngt_Impl\tools\local\generate
    Descr. file:   C:\Users\cz7lt6\AppData\Local\Temp\DaVinci\Cfg-2197381\Generation\Cfg_Gen-1526482204552-0\AutosarFiles_ValGen-1526488279234-0\TunSelnMngt_ECUC_7684890317647136031.arxml
    Include file:  C:\Component\ES400A_TunSelnMngt_Impl-cz7lt6\ES400A_TunSelnMngt_Impl\tools\template\..\..\..\TL105A_Artt\tools\include\Helper.tt
    Include file:  C:\Component\ES400A_TunSelnMngt_Impl-cz7lt6\ES400A_TunSelnMngt_Impl\tools\template\TunSelnMngt.tti
    Template:      C:\Component\ES400A_TunSelnMngt_Impl-cz7lt6\ES400A_TunSelnMngt_Impl\tools\template\TunSelnMngt_Cfg_private.h.tt
    Namespace:     http://autosar.org/schema/r4.0
    Prefix:        ar
----------3--------------
    File:          C:/Component/ES400A_TunSelnMngt_Impl-cz7lt6/ES400A_TunSelnMngt_Impl/tools/local/generate\TunSelnMngt_Cfg_private.h. written.
    Duration:      00:00:00.9048058.
