###########################################################################
# AUTOSAR Renesas R4.0 Spi Driver Generation Tool for X1x - 1.2.17                     
# Run time      = [30 Jul 2018 - 19:59:15]
#  Command line arguments = RUCG.exe Spi_X1x.dll -L -O
#    C:\Component\FAAR_WE_Synergy\_Bmw_5441_Eps_Impl_A\generate\Spi
#    C:\Users\tzyksv\AppData\Local\Temp\DaVinci\Cfg-3240631\Generation\Cfg_Gen-1532993252944-0\AutosarFiles_ValGen-1532994905284-0\Spi_ECUC_9161016338772377939.arxml
#    R403_SPI_P1x_BSWMDT.arxml P1M.trxml Spi_X1x.cfgxml
#
# Copyright(c) 2012-2016 Renesas Electronics Corporation.
# All rights reserved
###########################################################################


INF000001: DLL Version: 1.2.17
INF000002: Command line arguments: RUCG.exe Spi_X1x.dll -L -O
           C:\Component\FAAR_WE_Synergy\_Bmw_5441_Eps_Impl_A\generate\Spi
           C:\Users\tzyksv\AppData\Local\Temp\DaVinci\Cfg-3240631\Generation\Cfg_Gen-1532993252944-0\AutosarFiles_ValGen-1532994905284-0\Spi_ECUC_9161016338772377939.arxml
           R403_SPI_P1x_BSWMDT.arxml P1M.trxml Spi_X1x.cfgxml
INF083003: Calculated SPI baudrate for job 'GateDrv0Cfg8Job' in configuration
           set 'SpiDriver' is <1000000 Hz>.
INF083003: Calculated SPI baudrate for job 'GateDrv0Cfg9Job' in configuration
           set 'SpiDriver' is <1000000 Hz>.
INF083003: Calculated SPI baudrate for job 'GateDrv0Cfg10Job' in configuration
           set 'SpiDriver' is <1000000 Hz>.
INF083003: Calculated SPI baudrate for job 'GateDrv0Cfg11Job' in configuration
           set 'SpiDriver' is <1000000 Hz>.
INF083003: Calculated SPI baudrate for job 'GateDrv0Cfg12Job' in configuration
           set 'SpiDriver' is <1000000 Hz>.
INF083003: Calculated SPI baudrate for job 'GateDrv0Cfg13Job' in configuration
           set 'SpiDriver' is <1000000 Hz>.
INF083003: Calculated SPI baudrate for job 'GateDrv0VrfyCmd0Job' in
           configuration set 'SpiDriver' is <1000000 Hz>.
INF083003: Calculated SPI baudrate for job 'GateDrv0VrfyCmd1Job' in
           configuration set 'SpiDriver' is <1000000 Hz>.
INF083003: Calculated SPI baudrate for job 'GateDrv0VrfyCmd2Job' in
           configuration set 'SpiDriver' is <1000000 Hz>.
INF083003: Calculated SPI baudrate for job 'GateDrv0CtrlJob' in configuration
           set 'SpiDriver' is <1000000 Hz>.
INF083003: Calculated SPI baudrate for job 'TmplMonrJob1' in configuration set
           'SpiDriver' is <1000000 Hz>.
INF083003: Calculated SPI baudrate for job 'TmplMonrJob2' in configuration set
           'SpiDriver' is <1000000 Hz>.
INF083003: Calculated SPI baudrate for job 'TmplMonrJob3' in configuration set
           'SpiDriver' is <1000000 Hz>.
INF083003: Calculated SPI baudrate for job 'TmplMonrJob4' in configuration set
           'SpiDriver' is <1000000 Hz>.
INF083003: Calculated SPI baudrate for job 'TmplMonrJob5' in configuration set
           'SpiDriver' is <1000000 Hz>.
INF083003: Calculated SPI baudrate for job 'PwrSplyJob1' in configuration set
           'SpiDriver' is <1000000 Hz>.
INF083003: Calculated SPI baudrate for job 'PwrSplyJob2' in configuration set
           'SpiDriver' is <1000000 Hz>.
INF083003: Calculated SPI baudrate for job 'PwrSplyJob3' in configuration set
           'SpiDriver' is <1000000 Hz>.
INF083003: Calculated SPI baudrate for job 'PwrSplyJob4' in configuration set
           'SpiDriver' is <1000000 Hz>.
INF083003: Calculated SPI baudrate for job 'PwrSplyJob5' in configuration set
           'SpiDriver' is <1000000 Hz>.
INF083003: Calculated SPI baudrate for job 'PwrSplyJob6' in configuration set
           'SpiDriver' is <1000000 Hz>.
INF083003: Calculated SPI baudrate for job 'PwrSplyJob7' in configuration set
           'SpiDriver' is <1000000 Hz>.
INF083003: Calculated SPI baudrate for job 'PwrSplyJob8' in configuration set
           'SpiDriver' is <1000000 Hz>.
INF083003: Calculated SPI baudrate for job 'PwrSplyJob9' in configuration set
           'SpiDriver' is <1000000 Hz>.
INF083003: Calculated SPI baudrate for job 'PwrSplyJob10' in configuration set
           'SpiDriver' is <1000000 Hz>.
INF083003: Calculated SPI baudrate for job 'GateDrv0AllCfgJob' in configuration
           set 'SpiDriver' is <1000000 Hz>.
INF083003: Calculated SPI baudrate for job 'GateDrv0CmnDiagJob' in configuration
           set 'SpiDriver' is <1000000 Hz>.
INF083009: The expected CS behavior may not be observed at high baud rates in
           case of Direct Access Mode due to general limitation of the serial
           controllers. A work around at high baud rates is to use FIFO mode
           File Name:
           C:\Users\tzyksv\AppData\Local\Temp\DaVinci\Cfg-3240631\Generation\Cfg_Gen-1532993252944-0\AutosarFiles_ValGen-1532994905284-0\Spi_ECUC_9161016338772377939.arxml
INF083005: The parameters 'SpiCsIdleEnforcement', 'SpiCsIdleTiming',
           'SpiCsHoldTiming', 'SpiCsInterDataDelay',
           'SpiCsInactiveAfterLastData' and 'SpiCsSetupTime' from the container
           'SpiExternalDevice' should not be configured since the parameter
           'SpiHwUnit' present in the container 'SpiExternalDevice' is
           configured as <CSIG0>.
           File Name:
           C:\Users\tzyksv\AppData\Local\Temp\DaVinci\Cfg-3240631\Generation\Cfg_Gen-1532993252944-0\AutosarFiles_ValGen-1532994905284-0\Spi_ECUC_9161016338772377939.arxml
           Path: /ActiveEcuC/Spi/SpiDriver/PwrSplyTmplMonr
INF083001: The value of the parameter 'SpiShiftClockIdleLevel' in the container
           'SpiExternalDevice' configured is ignored since the value of
           parameter 'SpiHwUnit' present in the container 'SpiExternalDevice' is
           configured as <CSIG0>.
           File Name:
           C:\Users\tzyksv\AppData\Local\Temp\DaVinci\Cfg-3240631\Generation\Cfg_Gen-1532993252944-0\AutosarFiles_ValGen-1532994905284-0\Spi_ECUC_9161016338772377939.arxml
           Path: /ActiveEcuC/Spi/SpiDriver/PwrSplyTmplMonr
INF083005: The parameters 'SpiCsIdleEnforcement', 'SpiCsIdleTiming',
           'SpiCsHoldTiming', 'SpiCsInterDataDelay',
           'SpiCsInactiveAfterLastData' and 'SpiCsSetupTime' from the container
           'SpiExternalDevice' should not be configured since the parameter
           'SpiHwUnit' present in the container 'SpiExternalDevice' is
           configured as <CSIG0>.
           File Name:
           C:\Users\tzyksv\AppData\Local\Temp\DaVinci\Cfg-3240631\Generation\Cfg_Gen-1532993252944-0\AutosarFiles_ValGen-1532994905284-0\Spi_ECUC_9161016338772377939.arxml
           Path: /ActiveEcuC/Spi/SpiDriver/PwrSplyTmplMonr
INF083001: The value of the parameter 'SpiShiftClockIdleLevel' in the container
           'SpiExternalDevice' configured is ignored since the value of
           parameter 'SpiHwUnit' present in the container 'SpiExternalDevice' is
           configured as <CSIG0>.
           File Name:
           C:\Users\tzyksv\AppData\Local\Temp\DaVinci\Cfg-3240631\Generation\Cfg_Gen-1532993252944-0\AutosarFiles_ValGen-1532994905284-0\Spi_ECUC_9161016338772377939.arxml
           Path: /ActiveEcuC/Spi/SpiDriver/PwrSplyTmplMonr
INF083005: The parameters 'SpiCsIdleEnforcement', 'SpiCsIdleTiming',
           'SpiCsHoldTiming', 'SpiCsInterDataDelay',
           'SpiCsInactiveAfterLastData' and 'SpiCsSetupTime' from the container
           'SpiExternalDevice' should not be configured since the parameter
           'SpiHwUnit' present in the container 'SpiExternalDevice' is
           configured as <CSIG0>.
           File Name:
           C:\Users\tzyksv\AppData\Local\Temp\DaVinci\Cfg-3240631\Generation\Cfg_Gen-1532993252944-0\AutosarFiles_ValGen-1532994905284-0\Spi_ECUC_9161016338772377939.arxml
           Path: /ActiveEcuC/Spi/SpiDriver/PwrSplyTmplMonr
INF083001: The value of the parameter 'SpiShiftClockIdleLevel' in the container
           'SpiExternalDevice' configured is ignored since the value of
           parameter 'SpiHwUnit' present in the container 'SpiExternalDevice' is
           configured as <CSIG0>.
           File Name:
           C:\Users\tzyksv\AppData\Local\Temp\DaVinci\Cfg-3240631\Generation\Cfg_Gen-1532993252944-0\AutosarFiles_ValGen-1532994905284-0\Spi_ECUC_9161016338772377939.arxml
           Path: /ActiveEcuC/Spi/SpiDriver/PwrSplyTmplMonr
INF083005: The parameters 'SpiCsIdleEnforcement', 'SpiCsIdleTiming',
           'SpiCsHoldTiming', 'SpiCsInterDataDelay',
           'SpiCsInactiveAfterLastData' and 'SpiCsSetupTime' from the container
           'SpiExternalDevice' should not be configured since the parameter
           'SpiHwUnit' present in the container 'SpiExternalDevice' is
           configured as <CSIG0>.
           File Name:
           C:\Users\tzyksv\AppData\Local\Temp\DaVinci\Cfg-3240631\Generation\Cfg_Gen-1532993252944-0\AutosarFiles_ValGen-1532994905284-0\Spi_ECUC_9161016338772377939.arxml
           Path: /ActiveEcuC/Spi/SpiDriver/PwrSplyTmplMonr
INF083001: The value of the parameter 'SpiShiftClockIdleLevel' in the container
           'SpiExternalDevice' configured is ignored since the value of
           parameter 'SpiHwUnit' present in the container 'SpiExternalDevice' is
           configured as <CSIG0>.
           File Name:
           C:\Users\tzyksv\AppData\Local\Temp\DaVinci\Cfg-3240631\Generation\Cfg_Gen-1532993252944-0\AutosarFiles_ValGen-1532994905284-0\Spi_ECUC_9161016338772377939.arxml
           Path: /ActiveEcuC/Spi/SpiDriver/PwrSplyTmplMonr
INF083005: The parameters 'SpiCsIdleEnforcement', 'SpiCsIdleTiming',
           'SpiCsHoldTiming', 'SpiCsInterDataDelay',
           'SpiCsInactiveAfterLastData' and 'SpiCsSetupTime' from the container
           'SpiExternalDevice' should not be configured since the parameter
           'SpiHwUnit' present in the container 'SpiExternalDevice' is
           configured as <CSIG0>.
           File Name:
           C:\Users\tzyksv\AppData\Local\Temp\DaVinci\Cfg-3240631\Generation\Cfg_Gen-1532993252944-0\AutosarFiles_ValGen-1532994905284-0\Spi_ECUC_9161016338772377939.arxml
           Path: /ActiveEcuC/Spi/SpiDriver/PwrSplyTmplMonr
INF083001: The value of the parameter 'SpiShiftClockIdleLevel' in the container
           'SpiExternalDevice' configured is ignored since the value of
           parameter 'SpiHwUnit' present in the container 'SpiExternalDevice' is
           configured as <CSIG0>.
           File Name:
           C:\Users\tzyksv\AppData\Local\Temp\DaVinci\Cfg-3240631\Generation\Cfg_Gen-1532993252944-0\AutosarFiles_ValGen-1532994905284-0\Spi_ECUC_9161016338772377939.arxml
           Path: /ActiveEcuC/Spi/SpiDriver/PwrSplyTmplMonr
INF083005: The parameters 'SpiCsIdleEnforcement', 'SpiCsIdleTiming',
           'SpiCsHoldTiming', 'SpiCsInterDataDelay',
           'SpiCsInactiveAfterLastData' and 'SpiCsSetupTime' from the container
           'SpiExternalDevice' should not be configured since the parameter
           'SpiHwUnit' present in the container 'SpiExternalDevice' is
           configured as <CSIG0>.
           File Name:
           C:\Users\tzyksv\AppData\Local\Temp\DaVinci\Cfg-3240631\Generation\Cfg_Gen-1532993252944-0\AutosarFiles_ValGen-1532994905284-0\Spi_ECUC_9161016338772377939.arxml
           Path: /ActiveEcuC/Spi/SpiDriver/PwrSplyTmplMonr
INF083001: The value of the parameter 'SpiShiftClockIdleLevel' in the container
           'SpiExternalDevice' configured is ignored since the value of
           parameter 'SpiHwUnit' present in the container 'SpiExternalDevice' is
           configured as <CSIG0>.
           File Name:
           C:\Users\tzyksv\AppData\Local\Temp\DaVinci\Cfg-3240631\Generation\Cfg_Gen-1532993252944-0\AutosarFiles_ValGen-1532994905284-0\Spi_ECUC_9161016338772377939.arxml
           Path: /ActiveEcuC/Spi/SpiDriver/PwrSplyTmplMonr
INF083005: The parameters 'SpiCsIdleEnforcement', 'SpiCsIdleTiming',
           'SpiCsHoldTiming', 'SpiCsInterDataDelay',
           'SpiCsInactiveAfterLastData' and 'SpiCsSetupTime' from the container
           'SpiExternalDevice' should not be configured since the parameter
           'SpiHwUnit' present in the container 'SpiExternalDevice' is
           configured as <CSIG0>.
           File Name:
           C:\Users\tzyksv\AppData\Local\Temp\DaVinci\Cfg-3240631\Generation\Cfg_Gen-1532993252944-0\AutosarFiles_ValGen-1532994905284-0\Spi_ECUC_9161016338772377939.arxml
           Path: /ActiveEcuC/Spi/SpiDriver/PwrSplyTmplMonr
INF083001: The value of the parameter 'SpiShiftClockIdleLevel' in the container
           'SpiExternalDevice' configured is ignored since the value of
           parameter 'SpiHwUnit' present in the container 'SpiExternalDevice' is
           configured as <CSIG0>.
           File Name:
           C:\Users\tzyksv\AppData\Local\Temp\DaVinci\Cfg-3240631\Generation\Cfg_Gen-1532993252944-0\AutosarFiles_ValGen-1532994905284-0\Spi_ECUC_9161016338772377939.arxml
           Path: /ActiveEcuC/Spi/SpiDriver/PwrSplyTmplMonr
INF083005: The parameters 'SpiCsIdleEnforcement', 'SpiCsIdleTiming',
           'SpiCsHoldTiming', 'SpiCsInterDataDelay',
           'SpiCsInactiveAfterLastData' and 'SpiCsSetupTime' from the container
           'SpiExternalDevice' should not be configured since the parameter
           'SpiHwUnit' present in the container 'SpiExternalDevice' is
           configured as <CSIG0>.
           File Name:
           C:\Users\tzyksv\AppData\Local\Temp\DaVinci\Cfg-3240631\Generation\Cfg_Gen-1532993252944-0\AutosarFiles_ValGen-1532994905284-0\Spi_ECUC_9161016338772377939.arxml
           Path: /ActiveEcuC/Spi/SpiDriver/PwrSplyTmplMonr
INF083001: The value of the parameter 'SpiShiftClockIdleLevel' in the container
           'SpiExternalDevice' configured is ignored since the value of
           parameter 'SpiHwUnit' present in the container 'SpiExternalDevice' is
           configured as <CSIG0>.
           File Name:
           C:\Users\tzyksv\AppData\Local\Temp\DaVinci\Cfg-3240631\Generation\Cfg_Gen-1532993252944-0\AutosarFiles_ValGen-1532994905284-0\Spi_ECUC_9161016338772377939.arxml
           Path: /ActiveEcuC/Spi/SpiDriver/PwrSplyTmplMonr
INF083005: The parameters 'SpiCsIdleEnforcement', 'SpiCsIdleTiming',
           'SpiCsHoldTiming', 'SpiCsInterDataDelay',
           'SpiCsInactiveAfterLastData' and 'SpiCsSetupTime' from the container
           'SpiExternalDevice' should not be configured since the parameter
           'SpiHwUnit' present in the container 'SpiExternalDevice' is
           configured as <CSIG0>.
           File Name:
           C:\Users\tzyksv\AppData\Local\Temp\DaVinci\Cfg-3240631\Generation\Cfg_Gen-1532993252944-0\AutosarFiles_ValGen-1532994905284-0\Spi_ECUC_9161016338772377939.arxml
           Path: /ActiveEcuC/Spi/SpiDriver/PwrSplyTmplMonr
INF083001: The value of the parameter 'SpiShiftClockIdleLevel' in the container
           'SpiExternalDevice' configured is ignored since the value of
           parameter 'SpiHwUnit' present in the container 'SpiExternalDevice' is
           configured as <CSIG0>.
           File Name:
           C:\Users\tzyksv\AppData\Local\Temp\DaVinci\Cfg-3240631\Generation\Cfg_Gen-1532993252944-0\AutosarFiles_ValGen-1532994905284-0\Spi_ECUC_9161016338772377939.arxml
           Path: /ActiveEcuC/Spi/SpiDriver/PwrSplyTmplMonr
INF083005: The parameters 'SpiCsIdleEnforcement', 'SpiCsIdleTiming',
           'SpiCsHoldTiming', 'SpiCsInterDataDelay',
           'SpiCsInactiveAfterLastData' and 'SpiCsSetupTime' from the container
           'SpiExternalDevice' should not be configured since the parameter
           'SpiHwUnit' present in the container 'SpiExternalDevice' is
           configured as <CSIG0>.
           File Name:
           C:\Users\tzyksv\AppData\Local\Temp\DaVinci\Cfg-3240631\Generation\Cfg_Gen-1532993252944-0\AutosarFiles_ValGen-1532994905284-0\Spi_ECUC_9161016338772377939.arxml
           Path: /ActiveEcuC/Spi/SpiDriver/PwrSplyTmplMonr
INF083001: The value of the parameter 'SpiShiftClockIdleLevel' in the container
           'SpiExternalDevice' configured is ignored since the value of
           parameter 'SpiHwUnit' present in the container 'SpiExternalDevice' is
           configured as <CSIG0>.
           File Name:
           C:\Users\tzyksv\AppData\Local\Temp\DaVinci\Cfg-3240631\Generation\Cfg_Gen-1532993252944-0\AutosarFiles_ValGen-1532994905284-0\Spi_ECUC_9161016338772377939.arxml
           Path: /ActiveEcuC/Spi/SpiDriver/PwrSplyTmplMonr
INF083005: The parameters 'SpiCsIdleEnforcement', 'SpiCsIdleTiming',
           'SpiCsHoldTiming', 'SpiCsInterDataDelay',
           'SpiCsInactiveAfterLastData' and 'SpiCsSetupTime' from the container
           'SpiExternalDevice' should not be configured since the parameter
           'SpiHwUnit' present in the container 'SpiExternalDevice' is
           configured as <CSIG0>.
           File Name:
           C:\Users\tzyksv\AppData\Local\Temp\DaVinci\Cfg-3240631\Generation\Cfg_Gen-1532993252944-0\AutosarFiles_ValGen-1532994905284-0\Spi_ECUC_9161016338772377939.arxml
           Path: /ActiveEcuC/Spi/SpiDriver/PwrSplyTmplMonr
INF083001: The value of the parameter 'SpiShiftClockIdleLevel' in the container
           'SpiExternalDevice' configured is ignored since the value of
           parameter 'SpiHwUnit' present in the container 'SpiExternalDevice' is
           configured as <CSIG0>.
           File Name:
           C:\Users\tzyksv\AppData\Local\Temp\DaVinci\Cfg-3240631\Generation\Cfg_Gen-1532993252944-0\AutosarFiles_ValGen-1532994905284-0\Spi_ECUC_9161016338772377939.arxml
           Path: /ActiveEcuC/Spi/SpiDriver/PwrSplyTmplMonr
INF083005: The parameters 'SpiCsIdleEnforcement', 'SpiCsIdleTiming',
           'SpiCsHoldTiming', 'SpiCsInterDataDelay',
           'SpiCsInactiveAfterLastData' and 'SpiCsSetupTime' from the container
           'SpiExternalDevice' should not be configured since the parameter
           'SpiHwUnit' present in the container 'SpiExternalDevice' is
           configured as <CSIG0>.
           File Name:
           C:\Users\tzyksv\AppData\Local\Temp\DaVinci\Cfg-3240631\Generation\Cfg_Gen-1532993252944-0\AutosarFiles_ValGen-1532994905284-0\Spi_ECUC_9161016338772377939.arxml
           Path: /ActiveEcuC/Spi/SpiDriver/PwrSplyTmplMonr
INF083001: The value of the parameter 'SpiShiftClockIdleLevel' in the container
           'SpiExternalDevice' configured is ignored since the value of
           parameter 'SpiHwUnit' present in the container 'SpiExternalDevice' is
           configured as <CSIG0>.
           File Name:
           C:\Users\tzyksv\AppData\Local\Temp\DaVinci\Cfg-3240631\Generation\Cfg_Gen-1532993252944-0\AutosarFiles_ValGen-1532994905284-0\Spi_ECUC_9161016338772377939.arxml
           Path: /ActiveEcuC/Spi/SpiDriver/PwrSplyTmplMonr
INF083005: The parameters 'SpiCsIdleEnforcement', 'SpiCsIdleTiming',
           'SpiCsHoldTiming', 'SpiCsInterDataDelay',
           'SpiCsInactiveAfterLastData' and 'SpiCsSetupTime' from the container
           'SpiExternalDevice' should not be configured since the parameter
           'SpiHwUnit' present in the container 'SpiExternalDevice' is
           configured as <CSIG0>.
           File Name:
           C:\Users\tzyksv\AppData\Local\Temp\DaVinci\Cfg-3240631\Generation\Cfg_Gen-1532993252944-0\AutosarFiles_ValGen-1532994905284-0\Spi_ECUC_9161016338772377939.arxml
           Path: /ActiveEcuC/Spi/SpiDriver/PwrSplyTmplMonr
INF083001: The value of the parameter 'SpiShiftClockIdleLevel' in the container
           'SpiExternalDevice' configured is ignored since the value of
           parameter 'SpiHwUnit' present in the container 'SpiExternalDevice' is
           configured as <CSIG0>.
           File Name:
           C:\Users\tzyksv\AppData\Local\Temp\DaVinci\Cfg-3240631\Generation\Cfg_Gen-1532993252944-0\AutosarFiles_ValGen-1532994905284-0\Spi_ECUC_9161016338772377939.arxml
           Path: /ActiveEcuC/Spi/SpiDriver/PwrSplyTmplMonr
INF083005: The parameters 'SpiCsIdleEnforcement', 'SpiCsIdleTiming',
           'SpiCsHoldTiming', 'SpiCsInterDataDelay',
           'SpiCsInactiveAfterLastData' and 'SpiCsSetupTime' from the container
           'SpiExternalDevice' should not be configured since the parameter
           'SpiHwUnit' present in the container 'SpiExternalDevice' is
           configured as <CSIG0>.
           File Name:
           C:\Users\tzyksv\AppData\Local\Temp\DaVinci\Cfg-3240631\Generation\Cfg_Gen-1532993252944-0\AutosarFiles_ValGen-1532994905284-0\Spi_ECUC_9161016338772377939.arxml
           Path: /ActiveEcuC/Spi/SpiDriver/PwrSplyTmplMonr
INF083001: The value of the parameter 'SpiShiftClockIdleLevel' in the container
           'SpiExternalDevice' configured is ignored since the value of
           parameter 'SpiHwUnit' present in the container 'SpiExternalDevice' is
           configured as <CSIG0>.
           File Name:
           C:\Users\tzyksv\AppData\Local\Temp\DaVinci\Cfg-3240631\Generation\Cfg_Gen-1532993252944-0\AutosarFiles_ValGen-1532994905284-0\Spi_ECUC_9161016338772377939.arxml
           Path: /ActiveEcuC/Spi/SpiDriver/PwrSplyTmplMonr
INF083005: The parameters 'SpiCsIdleEnforcement', 'SpiCsIdleTiming',
           'SpiCsHoldTiming', 'SpiCsInterDataDelay',
           'SpiCsInactiveAfterLastData' and 'SpiCsSetupTime' from the container
           'SpiExternalDevice' should not be configured since the parameter
           'SpiHwUnit' present in the container 'SpiExternalDevice' is
           configured as <CSIG0>.
           File Name:
           C:\Users\tzyksv\AppData\Local\Temp\DaVinci\Cfg-3240631\Generation\Cfg_Gen-1532993252944-0\AutosarFiles_ValGen-1532994905284-0\Spi_ECUC_9161016338772377939.arxml
           Path: /ActiveEcuC/Spi/SpiDriver/PwrSplyTmplMonr
INF083001: The value of the parameter 'SpiShiftClockIdleLevel' in the container
           'SpiExternalDevice' configured is ignored since the value of
           parameter 'SpiHwUnit' present in the container 'SpiExternalDevice' is
           configured as <CSIG0>.
           File Name:
           C:\Users\tzyksv\AppData\Local\Temp\DaVinci\Cfg-3240631\Generation\Cfg_Gen-1532993252944-0\AutosarFiles_ValGen-1532994905284-0\Spi_ECUC_9161016338772377939.arxml
           Path: /ActiveEcuC/Spi/SpiDriver/PwrSplyTmplMonr
INF000004: Opened file
           <C:\Component\FAAR_WE_Synergy\_Bmw_5441_Eps_Impl_A\generate\Spi\src\Spi_PBcfg.c>
           at [30 Jul 2018 - 19:59:38].
INF000004: Opened file
           <C:\Component\FAAR_WE_Synergy\_Bmw_5441_Eps_Impl_A\generate\Spi\src\Spi_Lcfg.c>
           at [30 Jul 2018 - 19:59:38].
INF000004: Opened file
           <C:\Component\FAAR_WE_Synergy\_Bmw_5441_Eps_Impl_A\generate\Spi\include\Spi_Cfg.h>
           at [30 Jul 2018 - 19:59:38].
INF000004: Opened file
           <C:\Component\FAAR_WE_Synergy\_Bmw_5441_Eps_Impl_A\generate\Spi\include\Spi_Cbk.h>
           at [30 Jul 2018 - 19:59:38].
INF000005: <0> Error(s) and <0> Warning(s) detected.
INF000006: Execution completed successfully.
