AUTOSAR XML Text Transformation v2.0.2.0
    Output folder: E:\EA4NewTemplate\ES999A_ElecGlbPrm_Impl\tools\local\generate
    Descr. file:   C:\Users\rzk04c\AppData\Local\Temp\DaVinci\Cfg-2428927\Generation\Cfg_Gen-1494262610068-0\AutosarFiles_ValGen-1494268665248-0\ElecGlbPrm_ECUC_1636373686202272257.arxml
    Include file:  E:\EA4NewTemplate\ES999A_ElecGlbPrm_Impl\tools\template\..\..\..\TL105A_Artt\tools\include\Helper.tt
    Template:      E:\EA4NewTemplate\ES999A_ElecGlbPrm_Impl\tools\template\ElecGlbPrm_Cfg.h.tt
    Namespace:     http://autosar.org/schema/r4.0
    Prefix:        ar
    File:          E:/EA4NewTemplate/ES999A_ElecGlbPrm_Impl/tools/local/generate\ElecGlbPrm_Cfg.h. written.
    Duration:      00:00:00.7800050.
AUTOSAR XML Text Transformation v2.0.2.0
    Output folder: E:\EA4NewTemplate\ES999A_ElecGlbPrm_Impl\tools\local\generate
    Descr. file:   C:\Users\rzk04c\AppData\Local\Temp\DaVinci\Cfg-2428927\Generation\Cfg_Gen-1494262610068-0\AutosarFiles_ValGen-1494268682127-0\ElecGlbPrm_ECUC_1901795291129646546.arxml
    Include file:  E:\EA4NewTemplate\ES999A_ElecGlbPrm_Impl\tools\template\..\..\..\TL105A_Artt\tools\include\Helper.tt
    Template:      E:\EA4NewTemplate\ES999A_ElecGlbPrm_Impl\tools\template\ElecGlbPrm_Cfg.h.tt
    Namespace:     http://autosar.org/schema/r4.0
    Prefix:        ar
    File:          E:/EA4NewTemplate/ES999A_ElecGlbPrm_Impl/tools/local/generate\ElecGlbPrm_Cfg.h. written.
    Duration:      00:00:00.7176046.
AUTOSAR XML Text Transformation v2.0.2.0
    Output folder: E:\EA4NewTemplate\ES999A_ElecGlbPrm_Impl\tools\local\generate
    Descr. file:   C:\Users\rzk04c\AppData\Local\Temp\DaVinci\Cfg-2428927\Generation\Cfg_Gen-1494262610068-0\AutosarFiles_ValGen-1494268722217-0\ElecGlbPrm_ECUC_6441908973394795766.arxml
    Include file:  E:\EA4NewTemplate\ES999A_ElecGlbPrm_Impl\tools\template\..\..\..\TL105A_Artt\tools\include\Helper.tt
    Template:      E:\EA4NewTemplate\ES999A_ElecGlbPrm_Impl\tools\template\ElecGlbPrm_Cfg.h.tt
    Namespace:     http://autosar.org/schema/r4.0
    Prefix:        ar
The transformation produced the following errors and warnings:
e:\EA4NewTemplate\ES999A_ElecGlbPrm_Impl\tools\template\ElecGlbPrm_Cfg.h.tt(66,14) : error CS1002: Compiling transformation: ; expected
    File:          E:/EA4NewTemplate/ES999A_ElecGlbPrm_Impl/tools/local/generate\ElecGlbPrm_Cfg.h. written with errors.
    Duration:      00:00:00.4524029.
AUTOSAR XML Text Transformation v2.0.2.0
    Output folder: E:\EA4NewTemplate\ES999A_ElecGlbPrm_Impl\tools\local\generate
    Descr. file:   C:\Users\rzk04c\AppData\Local\Temp\DaVinci\Cfg-2428927\Generation\Cfg_Gen-1494262610068-0\AutosarFiles_ValGen-1494268742933-0\ElecGlbPrm_ECUC_2745037626999414143.arxml
    Include file:  E:\EA4NewTemplate\ES999A_ElecGlbPrm_Impl\tools\template\..\..\..\TL105A_Artt\tools\include\Helper.tt
    Template:      E:\EA4NewTemplate\ES999A_ElecGlbPrm_Impl\tools\template\ElecGlbPrm_Cfg.h.tt
    Namespace:     http://autosar.org/schema/r4.0
    Prefix:        ar
The transformation produced the following errors and warnings:
e:\EA4NewTemplate\ES999A_ElecGlbPrm_Impl\tools\template\ElecGlbPrm_Cfg.h.tt(66,1) : error CS0201: Compiling transformation: Only assignment, call, increment, decrement, and new object expressions can be used as a statement
    File:          E:/EA4NewTemplate/ES999A_ElecGlbPrm_Impl/tools/local/generate\ElecGlbPrm_Cfg.h. written with errors.
    Duration:      00:00:00.4680030.
AUTOSAR XML Text Transformation v2.0.2.0
    Output folder: E:\EA4NewTemplate\ES999A_ElecGlbPrm_Impl\tools\local\generate
    Descr. file:   C:\Users\rzk04c\AppData\Local\Temp\DaVinci\Cfg-2428927\Generation\Cfg_Gen-1494262610068-0\AutosarFiles_ValGen-1494268764071-0\ElecGlbPrm_ECUC_1862446515887649726.arxml
    Include file:  E:\EA4NewTemplate\ES999A_ElecGlbPrm_Impl\tools\template\..\..\..\TL105A_Artt\tools\include\Helper.tt
    Template:      E:\EA4NewTemplate\ES999A_ElecGlbPrm_Impl\tools\template\ElecGlbPrm_Cfg.h.tt
    Namespace:     http://autosar.org/schema/r4.0
    Prefix:        ar
The transformation produced the following errors and warnings:
e:\EA4NewTemplate\ES999A_ElecGlbPrm_Impl\tools\template\ElecGlbPrm_Cfg.h.tt(66,114) : error CS1026: Compiling transformation: ) expected
e:\EA4NewTemplate\ES999A_ElecGlbPrm_Impl\tools\template\ElecGlbPrm_Cfg.h.tt(66,115) : error CS1525: Compiling transformation: Invalid expression term ')'
e:\EA4NewTemplate\ES999A_ElecGlbPrm_Impl\tools\template\ElecGlbPrm_Cfg.h.tt(66,116) : error CS1002: Compiling transformation: ; expected
e:\EA4NewTemplate\ES999A_ElecGlbPrm_Impl\tools\template\ElecGlbPrm_Cfg.h.tt(66,116) : error CS1525: Compiling transformation: Invalid expression term ')'
    File:          E:/EA4NewTemplate/ES999A_ElecGlbPrm_Impl/tools/local/generate\ElecGlbPrm_Cfg.h. written with errors.
    Duration:      00:00:00.5772037.
AUTOSAR XML Text Transformation v2.0.2.0
    Output folder: E:\EA4NewTemplate\ES999A_ElecGlbPrm_Impl\tools\local\generate
    Descr. file:   C:\Users\rzk04c\AppData\Local\Temp\DaVinci\Cfg-2428927\Generation\Cfg_Gen-1494262610068-0\AutosarFiles_ValGen-1494268797472-0\ElecGlbPrm_ECUC_6977414264954275397.arxml
    Include file:  E:\EA4NewTemplate\ES999A_ElecGlbPrm_Impl\tools\template\..\..\..\TL105A_Artt\tools\include\Helper.tt
    Template:      E:\EA4NewTemplate\ES999A_ElecGlbPrm_Impl\tools\template\ElecGlbPrm_Cfg.h.tt
    Namespace:     http://autosar.org/schema/r4.0
    Prefix:        ar
    File:          E:/EA4NewTemplate/ES999A_ElecGlbPrm_Impl/tools/local/generate\ElecGlbPrm_Cfg.h. written.
    Duration:      00:00:00.6864044.
AUTOSAR XML Text Transformation v2.0.2.0
    Output folder: E:\EA4NewTemplate\ES999A_ElecGlbPrm_Impl\tools\local\generate
    Descr. file:   C:\Users\rzk04c\AppData\Local\Temp\DaVinci\Cfg-2428927\Generation\Cfg_Gen-1494262610068-0\AutosarFiles_ValGen-1494268920253-0\ElecGlbPrm_ECUC_3522238875969054613.arxml
    Include file:  E:\EA4NewTemplate\ES999A_ElecGlbPrm_Impl\tools\template\..\..\..\TL105A_Artt\tools\include\Helper.tt
    Template:      E:\EA4NewTemplate\ES999A_ElecGlbPrm_Impl\tools\template\ElecGlbPrm_Cfg.h.tt
    Namespace:     http://autosar.org/schema/r4.0
    Prefix:        ar
    File:          E:/EA4NewTemplate/ES999A_ElecGlbPrm_Impl/tools/local/generate\ElecGlbPrm_Cfg.h. written.
    Duration:      00:00:00.7176046.
