AUTOSAR XML Text Transformation v2.0.2.0
    Output folder: C:\_EA4SynWrkgCpy\ES101A_DiagcMgr_Impl\tools\local\generate
    Descr. file:   C:\Users\nz2554\AppData\Local\Temp\DaVinci\Cfg-4551006\Generation\Cfg_Gen-1509024560096-0\AutosarFiles_ValGen-1509025540739-0\DiagcMgr_ECUC_7342490448111200711.arxml
    Include file:  C:\_EA4SynWrkgCpy\ES101A_DiagcMgr_Impl\tools\template\..\..\..\TL105A_Artt\tools\include\Helper.tt
    Template:      C:\_EA4SynWrkgCpy\ES101A_DiagcMgr_Impl\tools\template\DiagcMgr_Cfg.c.tt
    Namespace:     http://autosar.org/schema/r4.0
    Prefix:        ar
CONFIGURATION ERROR: NTC with Latching Enabled has Zero Threshold 
AUTOSAR XML Text Transformation v2.0.2.0
    Output folder: C:\_EA4SynWrkgCpy\ES101A_DiagcMgr_Impl\tools\local\generate
    Descr. file:   C:\Users\nz2554\AppData\Local\Temp\DaVinci\Cfg-4551006\Generation\Cfg_Gen-1509024560096-0\AutosarFiles_ValGen-1509025571015-0\DiagcMgr_ECUC_8346690394650553238.arxml
    Include file:  C:\_EA4SynWrkgCpy\ES101A_DiagcMgr_Impl\tools\template\..\..\..\TL105A_Artt\tools\include\Helper.tt
    Template:      C:\_EA4SynWrkgCpy\ES101A_DiagcMgr_Impl\tools\template\DiagcMgr_Cfg.c.tt
    Namespace:     http://autosar.org/schema/r4.0
    Prefix:        ar
CONFIGURATION ERROR: A Non-Zero Latching Threshold is set for a Non Latching NTC 
AUTOSAR XML Text Transformation v2.0.2.0
    Output folder: C:\_EA4SynWrkgCpy\ES101A_DiagcMgr_Impl\tools\local\generate
    Descr. file:   C:\Users\nz2554\AppData\Local\Temp\DaVinci\Cfg-4551006\Generation\Cfg_Gen-1509024560096-0\AutosarFiles_ValGen-1509025770236-0\DiagcMgr_ECUC_641656886728241406.arxml
    Include file:  C:\_EA4SynWrkgCpy\ES101A_DiagcMgr_Impl\tools\template\..\..\..\TL105A_Artt\tools\include\Helper.tt
    Template:      C:\_EA4SynWrkgCpy\ES101A_DiagcMgr_Impl\tools\template\DiagcMgr_Cfg.c.tt
    Namespace:     http://autosar.org/schema/r4.0
    Prefix:        ar
CONFIGURATION ERROR: DTC Idx configured is non sequential 
AUTOSAR XML Text Transformation v2.0.2.0
    Output folder: C:\_EA4SynWrkgCpy\ES101A_DiagcMgr_Impl\tools\local\generate
    Descr. file:   C:\Users\nz2554\AppData\Local\Temp\DaVinci\Cfg-4551006\Generation\Cfg_Gen-1509024560096-0\AutosarFiles_ValGen-1509025818552-0\DiagcMgr_ECUC_1469946206945776062.arxml
    Include file:  C:\_EA4SynWrkgCpy\ES101A_DiagcMgr_Impl\tools\template\..\..\..\TL105A_Artt\tools\include\Helper.tt
    Template:      C:\_EA4SynWrkgCpy\ES101A_DiagcMgr_Impl\tools\template\DiagcMgr_Cfg.c.tt
    Namespace:     http://autosar.org/schema/r4.0
    Prefix:        ar
CONFIGURATION ERROR: More than one Dem DTC is configured under same enable conditions 
AUTOSAR XML Text Transformation v2.0.2.0
    Output folder: C:\_EA4SynWrkgCpy\ES101A_DiagcMgr_Impl\tools\local\generate
    Descr. file:   C:\Users\nz2554\AppData\Local\Temp\DaVinci\Cfg-4551006\Generation\Cfg_Gen-1509024560096-0\AutosarFiles_ValGen-1509026030111-0\DiagcMgr_ECUC_6632355113226313365.arxml
    Include file:  C:\_EA4SynWrkgCpy\ES101A_DiagcMgr_Impl\tools\template\..\..\..\TL105A_Artt\tools\include\Helper.tt
    Template:      C:\_EA4SynWrkgCpy\ES101A_DiagcMgr_Impl\tools\template\DiagcMgr_Cfg.c.tt
    Namespace:     http://autosar.org/schema/r4.0
    Prefix:        ar
CONFIGURATION ERROR: Number of Dem DTCs and DiagcMgr Enable conditions don't match 
AUTOSAR XML Text Transformation v2.0.2.0
    Output folder: C:\_EA4SynWrkgCpy\ES101A_DiagcMgr_Impl\tools\local\generate
    Descr. file:   C:\Users\nz2554\AppData\Local\Temp\DaVinci\Cfg-4551006\Generation\Cfg_Gen-1509024560096-0\AutosarFiles_ValGen-1509026189975-0\DiagcMgr_ECUC_4275839200837475398.arxml
    Include file:  C:\_EA4SynWrkgCpy\ES101A_DiagcMgr_Impl\tools\template\..\..\..\TL105A_Artt\tools\include\Helper.tt
    Template:      C:\_EA4SynWrkgCpy\ES101A_DiagcMgr_Impl\tools\template\DiagcMgr_Cfg.c.tt
    Namespace:     http://autosar.org/schema/r4.0
    Prefix:        ar
CONFIGURATION ERROR: Too many NTCs configured as Latching. Max number of LtchgNTCs supported is 20.  
AUTOSAR XML Text Transformation v2.0.2.0
    Output folder: C:\_EA4SynWrkgCpy\ES101A_DiagcMgr_Impl\tools\local\generate
    Descr. file:   C:\Users\nz2554\AppData\Local\Temp\DaVinci\Cfg-4551006\Generation\Cfg_Gen-1509024560096-0\AutosarFiles_ValGen-1509026253562-0\DiagcMgr_ECUC_2771763968681842739.arxml
    Include file:  C:\_EA4SynWrkgCpy\ES101A_DiagcMgr_Impl\tools\template\..\..\..\TL105A_Artt\tools\include\Helper.tt
    Template:      C:\_EA4SynWrkgCpy\ES101A_DiagcMgr_Impl\tools\template\DiagcMgr_Cfg.c.tt
    Namespace:     http://autosar.org/schema/r4.0
    Prefix:        ar
The transformation produced the following errors and warnings:
c:\_EA4SynWrkgCpy\ES101A_DiagcMgr_Impl\tools\template\DiagcMgr_Cfg.c.tt(275,9) : warning CS0168: Compiling transformation: The variable 'curr_ntcnum' is declared but never used
    File:          C:/_EA4SynWrkgCpy/ES101A_DiagcMgr_Impl/tools/local/generate\DiagcMgr_Cfg.c. written.
    Duration:      00:00:05.4444349.
