AUTOSAR XML Text Transformation v2.0.2.0
    Output folder: C:\_EA4SynWrkgCpy\ES101A_DiagcMgr_Impl\tools\local\generate
    Descr. file:   C:\Users\nz2554\AppData\Local\Temp\DaVinci\Cfg-4551006\Generation\Cfg_Gen-1509024560096-0\AutosarFiles_ValGen-1509025540739-0\DiagcMgr_ECUC_7342490448111200711.arxml
    Include file:  C:\_EA4SynWrkgCpy\ES101A_DiagcMgr_Impl\tools\template\..\..\..\TL105A_Artt\tools\include\Helper.tt
    Template:      C:\_EA4SynWrkgCpy\ES101A_DiagcMgr_Impl\tools\template\DiagcMgr_Cfg.h.tt
    Namespace:     http://autosar.org/schema/r4.0
    Prefix:        ar
    File:          C:/_EA4SynWrkgCpy/ES101A_DiagcMgr_Impl/tools/local/generate\DiagcMgr_Cfg.h. written.
    Duration:      00:00:00.8268053.

AUTOSAR XML Text Transformation v2.0.2.0
    Output folder: C:\_EA4SynWrkgCpy\ES101A_DiagcMgr_Impl\tools\local\generate
    Descr. file:   C:\Users\nz2554\AppData\Local\Temp\DaVinci\Cfg-4551006\Generation\Cfg_Gen-1509024560096-0\AutosarFiles_ValGen-1509025571015-0\DiagcMgr_ECUC_8346690394650553238.arxml
    Include file:  C:\_EA4SynWrkgCpy\ES101A_DiagcMgr_Impl\tools\template\..\..\..\TL105A_Artt\tools\include\Helper.tt
    Template:      C:\_EA4SynWrkgCpy\ES101A_DiagcMgr_Impl\tools\template\DiagcMgr_Cfg.h.tt
    Namespace:     http://autosar.org/schema/r4.0
    Prefix:        ar
    File:          C:/_EA4SynWrkgCpy/ES101A_DiagcMgr_Impl/tools/local/generate\DiagcMgr_Cfg.h. written.
    Duration:      00:00:00.9984064.

AUTOSAR XML Text Transformation v2.0.2.0
    Output folder: C:\_EA4SynWrkgCpy\ES101A_DiagcMgr_Impl\tools\local\generate
    Descr. file:   C:\Users\nz2554\AppData\Local\Temp\DaVinci\Cfg-4551006\Generation\Cfg_Gen-1509024560096-0\AutosarFiles_ValGen-1509025636746-0\DiagcMgr_ECUC_8884691300284559748.arxml
    Include file:  C:\_EA4SynWrkgCpy\ES101A_DiagcMgr_Impl\tools\template\..\..\..\TL105A_Artt\tools\include\Helper.tt
    Template:      C:\_EA4SynWrkgCpy\ES101A_DiagcMgr_Impl\tools\template\DiagcMgr_Cfg.h.tt
    Namespace:     http://autosar.org/schema/r4.0
    Prefix:        ar
    File:          C:/_EA4SynWrkgCpy/ES101A_DiagcMgr_Impl/tools/local/generate\DiagcMgr_Cfg.h. written.
    Duration:      00:00:00.8268053.

AUTOSAR XML Text Transformation v2.0.2.0
    Output folder: C:\_EA4SynWrkgCpy\ES101A_DiagcMgr_Impl\tools\local\generate
    Descr. file:   C:\Users\nz2554\AppData\Local\Temp\DaVinci\Cfg-4551006\Generation\Cfg_Gen-1509024560096-0\AutosarFiles_ValGen-1509025668033-0\DiagcMgr_ECUC_532738272193742807.arxml
    Include file:  C:\_EA4SynWrkgCpy\ES101A_DiagcMgr_Impl\tools\template\..\..\..\TL105A_Artt\tools\include\Helper.tt
    Template:      C:\_EA4SynWrkgCpy\ES101A_DiagcMgr_Impl\tools\template\DiagcMgr_Cfg.h.tt
    Namespace:     http://autosar.org/schema/r4.0
    Prefix:        ar
    File:          C:/_EA4SynWrkgCpy/ES101A_DiagcMgr_Impl/tools/local/generate\DiagcMgr_Cfg.h. written.
    Duration:      00:00:00.8736056.
AUTOSAR XML Text Transformation v2.0.2.0
    Output folder: C:\_EA4SynWrkgCpy\ES101A_DiagcMgr_Impl\tools\local\generate
    Descr. file:   C:\Users\nz2554\AppData\Local\Temp\DaVinci\Cfg-4551006\Generation\Cfg_Gen-1509024560096-0\AutosarFiles_ValGen-1509025716185-0\DiagcMgr_ECUC_730004167428275425.arxml
    Include file:  C:\_EA4SynWrkgCpy\ES101A_DiagcMgr_Impl\tools\template\..\..\..\TL105A_Artt\tools\include\Helper.tt
    Template:      C:\_EA4SynWrkgCpy\ES101A_DiagcMgr_Impl\tools\template\DiagcMgr_Cfg.h.tt
    Namespace:     http://autosar.org/schema/r4.0
    Prefix:        ar
    File:          C:/_EA4SynWrkgCpy/ES101A_DiagcMgr_Impl/tools/local/generate\DiagcMgr_Cfg.h. written.
    Duration:      00:00:00.9204059.
AUTOSAR XML Text Transformation v2.0.2.0
    Output folder: C:\_EA4SynWrkgCpy\ES101A_DiagcMgr_Impl\tools\local\generate
    Descr. file:   C:\Users\nz2554\AppData\Local\Temp\DaVinci\Cfg-4551006\Generation\Cfg_Gen-1509024560096-0\AutosarFiles_ValGen-1509025770236-0\DiagcMgr_ECUC_641656886728241406.arxml
    Include file:  C:\_EA4SynWrkgCpy\ES101A_DiagcMgr_Impl\tools\template\..\..\..\TL105A_Artt\tools\include\Helper.tt
    Template:      C:\_EA4SynWrkgCpy\ES101A_DiagcMgr_Impl\tools\template\DiagcMgr_Cfg.h.tt
    Namespace:     http://autosar.org/schema/r4.0
    Prefix:        ar
    File:          C:/_EA4SynWrkgCpy/ES101A_DiagcMgr_Impl/tools/local/generate\DiagcMgr_Cfg.h. written.
    Duration:      00:00:00.8892057.

AUTOSAR XML Text Transformation v2.0.2.0
    Output folder: C:\_EA4SynWrkgCpy\ES101A_DiagcMgr_Impl\tools\local\generate
    Descr. file:   C:\Users\nz2554\AppData\Local\Temp\DaVinci\Cfg-4551006\Generation\Cfg_Gen-1509024560096-0\AutosarFiles_ValGen-1509025818552-0\DiagcMgr_ECUC_1469946206945776062.arxml
    Include file:  C:\_EA4SynWrkgCpy\ES101A_DiagcMgr_Impl\tools\template\..\..\..\TL105A_Artt\tools\include\Helper.tt
    Template:      C:\_EA4SynWrkgCpy\ES101A_DiagcMgr_Impl\tools\template\DiagcMgr_Cfg.h.tt
    Namespace:     http://autosar.org/schema/r4.0
    Prefix:        ar
    File:          C:/_EA4SynWrkgCpy/ES101A_DiagcMgr_Impl/tools/local/generate\DiagcMgr_Cfg.h. written.
    Duration:      00:00:00.8268053.

AUTOSAR XML Text Transformation v2.0.2.0
    Output folder: C:\_EA4SynWrkgCpy\ES101A_DiagcMgr_Impl\tools\local\generate
    Descr. file:   C:\Users\nz2554\AppData\Local\Temp\DaVinci\Cfg-4551006\Generation\Cfg_Gen-1509024560096-0\AutosarFiles_ValGen-1509025948239-0\DiagcMgr_ECUC_5286492691464922031.arxml
    Include file:  C:\_EA4SynWrkgCpy\ES101A_DiagcMgr_Impl\tools\template\..\..\..\TL105A_Artt\tools\include\Helper.tt
    Template:      C:\_EA4SynWrkgCpy\ES101A_DiagcMgr_Impl\tools\template\DiagcMgr_Cfg.h.tt
    Namespace:     http://autosar.org/schema/r4.0
    Prefix:        ar
    File:          C:/_EA4SynWrkgCpy/ES101A_DiagcMgr_Impl/tools/local/generate\DiagcMgr_Cfg.h. written.
    Duration:      00:00:00.8112052.

AUTOSAR XML Text Transformation v2.0.2.0
    Output folder: C:\_EA4SynWrkgCpy\ES101A_DiagcMgr_Impl\tools\local\generate
    Descr. file:   C:\Users\nz2554\AppData\Local\Temp\DaVinci\Cfg-4551006\Generation\Cfg_Gen-1509024560096-0\AutosarFiles_ValGen-1509026030111-0\DiagcMgr_ECUC_6632355113226313365.arxml
    Include file:  C:\_EA4SynWrkgCpy\ES101A_DiagcMgr_Impl\tools\template\..\..\..\TL105A_Artt\tools\include\Helper.tt
    Template:      C:\_EA4SynWrkgCpy\ES101A_DiagcMgr_Impl\tools\template\DiagcMgr_Cfg.h.tt
    Namespace:     http://autosar.org/schema/r4.0
    Prefix:        ar
    File:          C:/_EA4SynWrkgCpy/ES101A_DiagcMgr_Impl/tools/local/generate\DiagcMgr_Cfg.h. written.
    Duration:      00:00:00.7956051.

AUTOSAR XML Text Transformation v2.0.2.0
    Output folder: C:\_EA4SynWrkgCpy\ES101A_DiagcMgr_Impl\tools\local\generate
    Descr. file:   C:\Users\nz2554\AppData\Local\Temp\DaVinci\Cfg-4551006\Generation\Cfg_Gen-1509024560096-0\AutosarFiles_ValGen-1509026189975-0\DiagcMgr_ECUC_4275839200837475398.arxml
    Include file:  C:\_EA4SynWrkgCpy\ES101A_DiagcMgr_Impl\tools\template\..\..\..\TL105A_Artt\tools\include\Helper.tt
    Template:      C:\_EA4SynWrkgCpy\ES101A_DiagcMgr_Impl\tools\template\DiagcMgr_Cfg.h.tt
    Namespace:     http://autosar.org/schema/r4.0
    Prefix:        ar
    File:          C:/_EA4SynWrkgCpy/ES101A_DiagcMgr_Impl/tools/local/generate\DiagcMgr_Cfg.h. written.
    Duration:      00:00:00.8424054.

AUTOSAR XML Text Transformation v2.0.2.0
    Output folder: C:\_EA4SynWrkgCpy\ES101A_DiagcMgr_Impl\tools\local\generate
    Descr. file:   C:\Users\nz2554\AppData\Local\Temp\DaVinci\Cfg-4551006\Generation\Cfg_Gen-1509024560096-0\AutosarFiles_ValGen-1509026216814-0\DiagcMgr_ECUC_6882078226504327561.arxml
    Include file:  C:\_EA4SynWrkgCpy\ES101A_DiagcMgr_Impl\tools\template\..\..\..\TL105A_Artt\tools\include\Helper.tt
    Template:      C:\_EA4SynWrkgCpy\ES101A_DiagcMgr_Impl\tools\template\DiagcMgr_Cfg.h.tt
    Namespace:     http://autosar.org/schema/r4.0
    Prefix:        ar
    File:          C:/_EA4SynWrkgCpy/ES101A_DiagcMgr_Impl/tools/local/generate\DiagcMgr_Cfg.h. written.
    Duration:      00:00:00.9360060.

AUTOSAR XML Text Transformation v2.0.2.0
    Output folder: C:\_EA4SynWrkgCpy\ES101A_DiagcMgr_Impl\tools\local\generate
    Descr. file:   C:\Users\nz2554\AppData\Local\Temp\DaVinci\Cfg-4551006\Generation\Cfg_Gen-1509024560096-0\AutosarFiles_ValGen-1509026253562-0\DiagcMgr_ECUC_2771763968681842739.arxml
    Include file:  C:\_EA4SynWrkgCpy\ES101A_DiagcMgr_Impl\tools\template\..\..\..\TL105A_Artt\tools\include\Helper.tt
    Template:      C:\_EA4SynWrkgCpy\ES101A_DiagcMgr_Impl\tools\template\DiagcMgr_Cfg.h.tt
    Namespace:     http://autosar.org/schema/r4.0
    Prefix:        ar
    File:          C:/_EA4SynWrkgCpy/ES101A_DiagcMgr_Impl/tools/local/generate\DiagcMgr_Cfg.h. written.
    Duration:      00:00:00.8736056.
AUTOSAR XML Text Transformation v2.0.2.0
    Output folder: C:\_EA4SynWrkgCpy\ES101A_DiagcMgr_Impl\tools\local\generate
    Descr. file:   C:\Users\nz2554\AppData\Local\Temp\DaVinci\Cfg-6322434\Generation\Cfg_Gen-1509026331267-0\AutosarFiles_ValGen-1509026353654-0\DiagcMgr_ECUC_1157215523497340123.arxml
    Include file:  C:\_EA4SynWrkgCpy\ES101A_DiagcMgr_Impl\tools\template\..\..\..\TL105A_Artt\tools\include\Helper.tt
    Template:      C:\_EA4SynWrkgCpy\ES101A_DiagcMgr_Impl\tools\template\DiagcMgr_Cfg.h.tt
    Namespace:     http://autosar.org/schema/r4.0
    Prefix:        ar
    File:          C:/_EA4SynWrkgCpy/ES101A_DiagcMgr_Impl/tools/local/generate\DiagcMgr_Cfg.h. written.
    Duration:      00:00:00.8424054.
