AUTOSAR XML Text Transformation v2.0.2.0
    Output folder: C:\Component\ES104B_XcpIf_Impl\tools\local\generate
    Descr. file:   C:\Users\cz7lt6\AppData\Local\Temp\DaVinci\Cfg-8463382\Generation\Cfg_Gen-1510938471418-0\AutosarFiles_ValGen-1510946129046-0\XcpIf_ECUC_712193394621733125.arxml
    Include file:  C:\Component\ES104B_XcpIf_Impl\tools\template\..\..\..\TL105A_Artt\tools\include\Helper.tt
    Include file:  C:\Component\ES104B_XcpIf_Impl\tools\template\XcpEventTimeConv.tti
    Template:      C:\Component\ES104B_XcpIf_Impl\tools\template\CDD_XcpIf_DataAcqnCfg.m.tt
    Namespace:     http://autosar.org/schema/r4.0
    Prefix:        ar
    File not written, only empty lines.
    Duration:      00:00:00.7644049.
AUTOSAR XML Text Transformation v2.0.2.0
    Output folder: C:\Component\ES104B_XcpIf_Impl\tools\local\generate
    Descr. file:   C:\Users\cz7lt6\AppData\Local\Temp\DaVinci\Cfg-6950959\Generation\Cfg_Gen-1510946956045-0\AutosarFiles_ValGen-1510946962380-0\XcpIf_ECUC_6838108730319659025.arxml
    Include file:  C:\Component\ES104B_XcpIf_Impl\tools\template\..\..\..\TL105A_Artt\tools\include\Helper.tt
    Include file:  C:\Component\ES104B_XcpIf_Impl\tools\template\XcpEventTimeConv.tti
    Template:      C:\Component\ES104B_XcpIf_Impl\tools\template\CDD_XcpIf_DataAcqnCfg.m.tt
    Namespace:     http://autosar.org/schema/r4.0
    Prefix:        ar
    File not written, only empty lines.
    Duration:      00:00:00.7800050.
AUTOSAR XML Text Transformation v2.0.2.0
    Output folder: C:\Component\ES104B_XcpIf_Impl\tools\local\generate
    Descr. file:   C:\Users\cz7lt6\AppData\Local\Temp\DaVinci\Cfg-4182194\Generation\Cfg_Gen-1511184189819-0\AutosarFiles_ValGen-1511184208209-0\XcpIf_ECUC_8410553634245889712.arxml
    Include file:  C:\Component\ES104B_XcpIf_Impl\tools\template\..\..\..\TL105A_Artt\tools\include\Helper.tt
    Include file:  C:\Component\ES104B_XcpIf_Impl\tools\template\XcpEventTimeConv.tti
    Template:      C:\Component\ES104B_XcpIf_Impl\tools\template\CDD_XcpIf_DataAcqnCfg.m.tt
    Namespace:     http://autosar.org/schema/r4.0
    Prefix:        ar
    File not written, only empty lines.
    Duration:      00:00:00.7176046.
AUTOSAR XML Text Transformation v2.0.2.0
    Output folder: C:\Component\ES104B_XcpIf_Impl\tools\local\generate
    Descr. file:   C:\Users\cz7lt6\AppData\Local\Temp\DaVinci\Cfg-4463976\Generation\Cfg_Gen-1516324471878-0\AutosarFiles_ValGen-1516324478525-0\XcpIf_ECUC_1849165956943281779.arxml
    Include file:  C:\Component\ES104B_XcpIf_Impl\tools\template\..\..\..\TL105A_Artt\tools\include\Helper.tt
    Include file:  C:\Component\ES104B_XcpIf_Impl\tools\template\XcpEventTimeConv.tti
    Template:      C:\Component\ES104B_XcpIf_Impl\tools\template\CDD_XcpIf_DataAcqnCfg.m.tt
    Namespace:     http://autosar.org/schema/r4.0
    Prefix:        ar
    File not written, only empty lines.
    Duration:      00:00:00.6864044.
AUTOSAR XML Text Transformation v2.0.2.0
    Output folder: C:\Component\ES104B_XcpIf_Impl\tools\local\generate
    Descr. file:   C:\Users\cz7lt6\AppData\Local\Temp\DaVinci\Cfg-9711280\Generation\Cfg_Gen-1516369716880-0\AutosarFiles_ValGen-1516369723666-0\XcpIf_ECUC_7765169919317213687.arxml
    Include file:  C:\Component\ES104B_XcpIf_Impl\tools\template\..\..\..\TL105A_Artt\tools\include\Helper.tt
    Include file:  C:\Component\ES104B_XcpIf_Impl\tools\template\XcpEventTimeConv.tti
    Template:      C:\Component\ES104B_XcpIf_Impl\tools\template\CDD_XcpIf_DataAcqnCfg.m.tt
    Namespace:     http://autosar.org/schema/r4.0
    Prefix:        ar
    File not written, only empty lines.
    Duration:      00:00:00.7644049.
AUTOSAR XML Text Transformation v2.0.2.0
    Output folder: C:\Component\ES104B_XcpIf_Impl\tools\local\generate
    Descr. file:   C:\Users\cz7lt6\AppData\Local\Temp\DaVinci\Cfg-8480264\Generation\Cfg_Gen-1525528487545-0\AutosarFiles_ValGen-1525528535800-0\XcpIf_ECUC_4419512014484893734.arxml
    Include file:  C:\Component\ES104B_XcpIf_Impl\tools\template\..\..\..\TL105A_Artt\tools\include\Helper.tt
    Include file:  C:\Component\ES104B_XcpIf_Impl\tools\template\XcpEventTimeConv.tti
    Template:      C:\Component\ES104B_XcpIf_Impl\tools\template\CDD_XcpIf_DataAcqnCfg.m.tt
    Namespace:     http://autosar.org/schema/r4.0
    Prefix:        ar
    File not written, only empty lines.
    Duration:      00:00:00.8424054.
AUTOSAR XML Text Transformation v2.0.2.0
    Output folder: C:\Component\ES104B_XcpIf_Impl\tools\local\generate
    Descr. file:   C:\Users\cz7lt6\AppData\Local\Temp\DaVinci\Cfg-8480264\Generation\Cfg_Gen-1525528487545-0\AutosarFiles_ValGen-1525528554161-0\XcpIf_ECUC_1982062291072580570.arxml
    Include file:  C:\Component\ES104B_XcpIf_Impl\tools\template\..\..\..\TL105A_Artt\tools\include\Helper.tt
    Include file:  C:\Component\ES104B_XcpIf_Impl\tools\template\XcpEventTimeConv.tti
    Template:      C:\Component\ES104B_XcpIf_Impl\tools\template\CDD_XcpIf_DataAcqnCfg.m.tt
    Namespace:     http://autosar.org/schema/r4.0
    Prefix:        ar
    File not written, only empty lines.
    Duration:      00:00:00.9048058.
AUTOSAR XML Text Transformation v2.0.2.0
    Output folder: C:\Component\ES104B_XcpIf_Impl\tools\local\generate
    Descr. file:   C:\Users\cz7lt6\AppData\Local\Temp\DaVinci\Cfg-2376136\Generation\Cfg_Gen-1525742382096-0\AutosarFiles_ValGen-1525742388759-0\XcpIf_ECUC_2501483789394640888.arxml
    Include file:  C:\Component\ES104B_XcpIf_Impl\tools\template\..\..\..\TL105A_Artt\tools\include\Helper.tt
    Include file:  C:\Component\ES104B_XcpIf_Impl\tools\template\XcpEventTimeConv.tti
    Template:      C:\Component\ES104B_XcpIf_Impl\tools\template\CDD_XcpIf_DataAcqnCfg.m.tt
    Namespace:     http://autosar.org/schema/r4.0
    Prefix:        ar
    File not written, only empty lines.
    Duration:      00:00:00.7956051.
AUTOSAR XML Text Transformation v2.0.2.0
    Output folder: C:\Component\ES104B_XcpIf_Impl\tools\local\generate
    Descr. file:   C:\Users\cz7lt6\AppData\Local\Temp\DaVinci\Cfg-2731855\Generation\Cfg_Gen-1525742736956-0\AutosarFiles_ValGen-1525742743118-0\XcpIf_ECUC_7558775312344412929.arxml
    Include file:  C:\Component\ES104B_XcpIf_Impl\tools\template\..\..\..\TL105A_Artt\tools\include\Helper.tt
    Include file:  C:\Component\ES104B_XcpIf_Impl\tools\template\XcpEventTimeConv.tti
    Template:      C:\Component\ES104B_XcpIf_Impl\tools\template\CDD_XcpIf_DataAcqnCfg.m.tt
    Namespace:     http://autosar.org/schema/r4.0
    Prefix:        ar
    File not written, only empty lines.
    Duration:      00:00:00.8736056.
AUTOSAR XML Text Transformation v2.0.2.0
    Output folder: C:\Component\ES104B_XcpIf_Impl\tools\local\generate
    Descr. file:   C:\Users\cz7lt6\AppData\Local\Temp\DaVinci\Cfg-0982286\Generation\Cfg_Gen-1526380989119-0\AutosarFiles_ValGen-1526380995883-0\XcpIf_ECUC_8687748759528322936.arxml
    Include file:  C:\Component\ES104B_XcpIf_Impl\tools\template\..\..\..\TL105A_Artt\tools\include\Helper.tt
    Include file:  C:\Component\ES104B_XcpIf_Impl\tools\template\XcpEventTimeConv.tti
    Template:      C:\Component\ES104B_XcpIf_Impl\tools\template\CDD_XcpIf_DataAcqnCfg.m.tt
    Namespace:     http://autosar.org/schema/r4.0
    Prefix:        ar
    File not written, only empty lines.
    Duration:      00:00:00.8736056.
AUTOSAR XML Text Transformation v2.0.2.0
    Output folder: C:\Component\ES104B_XcpIf_Impl\tools\local\generate
    Descr. file:   C:\Users\cz7lt6\AppData\Local\Temp\DaVinci\Cfg-5399863\Generation\Cfg_Gen-1526385405463-0\AutosarFiles_ValGen-1526385412251-0\XcpIf_ECUC_4122843768580164077.arxml
    Include file:  C:\Component\ES104B_XcpIf_Impl\tools\template\..\..\..\TL105A_Artt\tools\include\Helper.tt
    Include file:  C:\Component\ES104B_XcpIf_Impl\tools\template\XcpEventTimeConv.tti
    Template:      C:\Component\ES104B_XcpIf_Impl\tools\template\CDD_XcpIf_DataAcqnCfg.m.tt
    Namespace:     http://autosar.org/schema/r4.0
    Prefix:        ar
    File not written, only empty lines.
    Duration:      00:00:00.8892057.
