2018-07-30 19:57:35,503 - BMW PAGe - INFO - Reading XML: C:\Users\tzyksv\AppData\Local\Temp\DaVinci\Cfg-3240631\Generation\Cfg_Gen-1532993252944-0\AutosarFiles_ValGen-1532994905284-0\Coding_ECUC_5069727249055498502.arxml
2018-07-30 19:57:39,381 - BMW PAGe - INFO - Reading XML took: 3.88 s
2018-07-30 19:57:39,382 - BMW PAGe - INFO - Reading all XMLs took: 3.88 s
2018-07-30 19:57:39,383 - BMW PAGe - INFO - processing Pgen: C:\Component\FAAR_WE_Synergy\_Bmw_5441_Eps_Impl_A\autosar\..\..\Coding\tools\template\CodingClassic_Cfg.h.pgen
2018-07-30 19:57:39,384 - BMW PAGe - INFO - Open file C:\Component\FAAR_WE_Synergy\Coding\tools\template\CodingClassic_Cfg.h.pgen
2018-07-30 19:57:39,402 - BMW PAGe - INFO - Processing Pgen took: 0.019 s
2018-07-30 19:57:39,402 - BMW PAGe - INFO - File does not exist
2018-07-30 19:57:39,403 - BMW PAGe - INFO - Write C:\Component\FAAR_WE_Synergy\_Bmw_5441_Eps_Impl_A\generate\CodingClassic_Cfg.h
2018-07-30 19:57:39,405 - BMW PAGe - INFO - processing Pgen: C:\Component\FAAR_WE_Synergy\_Bmw_5441_Eps_Impl_A\autosar\..\..\Coding\tools\template\CodingClassic_Version.h.pgen
2018-07-30 19:57:39,407 - BMW PAGe - INFO - Open file C:\Component\FAAR_WE_Synergy\Coding\tools\template\CodingClassic_Version.h.pgen
2018-07-30 19:57:39,419 - BMW PAGe - INFO - Processing Pgen took: 0.013 s
2018-07-30 19:57:39,419 - BMW PAGe - INFO - File does not exist
2018-07-30 19:57:39,420 - BMW PAGe - INFO - Write C:\Component\FAAR_WE_Synergy\_Bmw_5441_Eps_Impl_A\generate\CodingClassic_Version.h
2018-07-30 19:57:39,422 - BMW PAGe - INFO - processing Pgen: C:\Component\FAAR_WE_Synergy\_Bmw_5441_Eps_Impl_A\autosar\..\..\Coding\tools\template\Coding_ApplAdapter.c.pgen
2018-07-30 19:57:39,423 - BMW PAGe - INFO - Open file C:\Component\FAAR_WE_Synergy\Coding\tools\template\Coding_ApplAdapter.c.pgen
2018-07-30 19:57:39,427 - BMW PAGe - DEBUG - include Coding_Functions
2018-07-30 19:57:39,431 - BMW PAGe - INFO - Open file C:\Component\FAAR_WE_Synergy\Coding\tools\template\Coding_Functions.pgen
2018-07-30 19:57:39,438 - BMW PAGe - DEBUG - include Coding_Function_Types
2018-07-30 19:57:39,477 - BMW PAGe - INFO - Open file C:\Component\FAAR_WE_Synergy\Coding\tools\template\Coding_Function_Types.pgen
2018-07-30 19:57:39,588 - BMW PAGe - INFO - Processing Pgen took: 0.165 s
2018-07-30 19:57:39,588 - BMW PAGe - INFO - File does not exist
2018-07-30 19:57:39,588 - BMW PAGe - INFO - Write C:\Component\FAAR_WE_Synergy\_Bmw_5441_Eps_Impl_A\generate\Coding_ApplAdapter.c
2018-07-30 19:57:39,592 - BMW PAGe - INFO - processing Pgen: C:\Component\FAAR_WE_Synergy\_Bmw_5441_Eps_Impl_A\autosar\..\..\Coding\tools\template\Coding_Cfg.c.pgen
2018-07-30 19:57:39,593 - BMW PAGe - INFO - Open file C:\Component\FAAR_WE_Synergy\Coding\tools\template\Coding_Cfg.c.pgen
2018-07-30 19:57:39,610 - BMW PAGe - DEBUG - include Coding_Functions
2018-07-30 19:57:39,615 - BMW PAGe - INFO - Open file C:\Component\FAAR_WE_Synergy\Coding\tools\template\Coding_Functions.pgen
2018-07-30 19:57:39,616 - BMW PAGe - DEBUG - include Coding_Function_Types
2018-07-30 19:57:39,647 - BMW PAGe - INFO - Open file C:\Component\FAAR_WE_Synergy\Coding\tools\template\Coding_Function_Types.pgen
2018-07-30 19:57:39,745 - BMW PAGe - INFO - Processing Pgen took: 0.152 s
2018-07-30 19:57:39,745 - BMW PAGe - INFO - File does not exist
2018-07-30 19:57:39,746 - BMW PAGe - INFO - Write C:\Component\FAAR_WE_Synergy\_Bmw_5441_Eps_Impl_A\generate\Coding_Cfg.c
2018-07-30 19:57:39,750 - BMW PAGe - INFO - processing Pgen: C:\Component\FAAR_WE_Synergy\_Bmw_5441_Eps_Impl_A\autosar\..\..\Coding\tools\template\Coding_Cfg.h.pgen
2018-07-30 19:57:39,751 - BMW PAGe - INFO - Open file C:\Component\FAAR_WE_Synergy\Coding\tools\template\Coding_Cfg.h.pgen
2018-07-30 19:57:39,755 - BMW PAGe - DEBUG - include Coding_Functions
2018-07-30 19:57:39,761 - BMW PAGe - INFO - Open file C:\Component\FAAR_WE_Synergy\Coding\tools\template\Coding_Functions.pgen
2018-07-30 19:57:39,762 - BMW PAGe - DEBUG - include Coding_Function_Types
2018-07-30 19:57:39,800 - BMW PAGe - INFO - Open file C:\Component\FAAR_WE_Synergy\Coding\tools\template\Coding_Function_Types.pgen
2018-07-30 19:57:39,908 - BMW PAGe - INFO - Processing Pgen took: 0.158 s
2018-07-30 19:57:39,909 - BMW PAGe - INFO - File does not exist
2018-07-30 19:57:39,909 - BMW PAGe - INFO - Write C:\Component\FAAR_WE_Synergy\_Bmw_5441_Eps_Impl_A\generate\Coding_Cfg.h
2018-07-30 19:57:39,915 - BMW PAGe - INFO - processing Pgen: C:\Component\FAAR_WE_Synergy\_Bmw_5441_Eps_Impl_A\autosar\..\..\Coding\tools\template\Coding_ext_interfaces.arxml.pgen
2018-07-30 19:57:39,915 - BMW PAGe - INFO - Open file C:\Component\FAAR_WE_Synergy\Coding\tools\template\Coding_ext_interfaces.arxml.pgen
2018-07-30 19:57:39,926 - BMW PAGe - DEBUG - include Coding_Functions
2018-07-30 19:57:40,018 - BMW PAGe - INFO - Open file C:\Component\FAAR_WE_Synergy\Coding\tools\template\Coding_Functions.pgen
2018-07-30 19:57:40,018 - BMW PAGe - DEBUG - include Coding_Function_Types
2018-07-30 19:57:40,050 - BMW PAGe - INFO - Open file C:\Component\FAAR_WE_Synergy\Coding\tools\template\Coding_Function_Types.pgen
2018-07-30 19:57:40,232 - BMW PAGe - INFO - Processing Pgen took: 0.317 s
2018-07-30 19:57:40,235 - BMW PAGe - INFO - Skipping write of C:\Component\FAAR_WE_Synergy\_Bmw_5441_Eps_Impl_A\generate\Coding_ext_interfaces.arxml, no changes detected
2018-07-30 19:57:40,236 - BMW PAGe - INFO - processing Pgen: C:\Component\FAAR_WE_Synergy\_Bmw_5441_Eps_Impl_A\autosar\..\..\Coding\tools\template\Coding_FuncAdapter.c.pgen
2018-07-30 19:57:40,236 - BMW PAGe - INFO - Open file C:\Component\FAAR_WE_Synergy\Coding\tools\template\Coding_FuncAdapter.c.pgen
2018-07-30 19:57:40,239 - BMW PAGe - DEBUG - include Coding_Functions
2018-07-30 19:57:40,242 - BMW PAGe - INFO - Open file C:\Component\FAAR_WE_Synergy\Coding\tools\template\Coding_Functions.pgen
2018-07-30 19:57:40,243 - BMW PAGe - DEBUG - include Coding_Function_Types
2018-07-30 19:57:40,275 - BMW PAGe - INFO - Open file C:\Component\FAAR_WE_Synergy\Coding\tools\template\Coding_Function_Types.pgen
2018-07-30 19:57:40,381 - BMW PAGe - INFO - Processing Pgen took: 0.145 s
2018-07-30 19:57:40,382 - BMW PAGe - INFO - File does not exist
2018-07-30 19:57:40,382 - BMW PAGe - INFO - Write C:\Component\FAAR_WE_Synergy\_Bmw_5441_Eps_Impl_A\generate\Coding_FuncAdapter.c
2018-07-30 19:57:40,386 - BMW PAGe - INFO - processing Pgen: C:\Component\FAAR_WE_Synergy\_Bmw_5441_Eps_Impl_A\autosar\..\..\Coding\tools\template\Coding_Function.c.pgen
2018-07-30 19:57:40,387 - BMW PAGe - INFO - Open file C:\Component\FAAR_WE_Synergy\Coding\tools\template\Coding_Function.c.pgen
2018-07-30 19:57:40,393 - BMW PAGe - DEBUG - include Coding_Functions
2018-07-30 19:57:40,408 - BMW PAGe - INFO - Open file C:\Component\FAAR_WE_Synergy\Coding\tools\template\Coding_Functions.pgen
2018-07-30 19:57:40,409 - BMW PAGe - DEBUG - include Coding_Function_Types
2018-07-30 19:57:40,455 - BMW PAGe - INFO - Open file C:\Component\FAAR_WE_Synergy\Coding\tools\template\Coding_Function_Types.pgen
2018-07-30 19:57:40,613 - BMW PAGe - INFO - Processing Pgen took: 0.226 s
2018-07-30 19:57:40,613 - BMW PAGe - INFO - File does not exist
2018-07-30 19:57:40,613 - BMW PAGe - INFO - Write C:\Component\FAAR_WE_Synergy\_Bmw_5441_Eps_Impl_A\generate\Coding_Function.c
2018-07-30 19:57:40,629 - BMW PAGe - INFO - processing Pgen: C:\Component\FAAR_WE_Synergy\_Bmw_5441_Eps_Impl_A\autosar\..\..\Coding\tools\template\Coding_Function.h.pgen
2018-07-30 19:57:40,629 - BMW PAGe - INFO - Open file C:\Component\FAAR_WE_Synergy\Coding\tools\template\Coding_Function.h.pgen
2018-07-30 19:57:40,633 - BMW PAGe - DEBUG - include Coding_Functions
2018-07-30 19:57:40,636 - BMW PAGe - INFO - Open file C:\Component\FAAR_WE_Synergy\Coding\tools\template\Coding_Functions.pgen
2018-07-30 19:57:40,637 - BMW PAGe - DEBUG - include Coding_Function_Types
2018-07-30 19:57:40,681 - BMW PAGe - INFO - Open file C:\Component\FAAR_WE_Synergy\Coding\tools\template\Coding_Function_Types.pgen
2018-07-30 19:57:40,809 - BMW PAGe - INFO - Processing Pgen took: 0.18 s
2018-07-30 19:57:40,810 - BMW PAGe - INFO - File does not exist
2018-07-30 19:57:40,810 - BMW PAGe - INFO - Write C:\Component\FAAR_WE_Synergy\_Bmw_5441_Eps_Impl_A\generate\Coding_Function.h
2018-07-30 19:57:40,813 - BMW PAGe - INFO - processing Pgen: C:\Component\FAAR_WE_Synergy\_Bmw_5441_Eps_Impl_A\autosar\..\..\Coding\tools\template\Coding_Functions.pgen
2018-07-30 19:57:40,813 - BMW PAGe - INFO - Open file C:\Component\FAAR_WE_Synergy\Coding\tools\template\Coding_Functions.pgen
2018-07-30 19:57:40,814 - BMW PAGe - DEBUG - include Coding_Function_Types
2018-07-30 19:57:40,852 - BMW PAGe - INFO - Open file C:\Component\FAAR_WE_Synergy\Coding\tools\template\Coding_Function_Types.pgen
2018-07-30 19:57:40,860 - BMW PAGe - INFO - Processing Pgen took: 0.047 s
2018-07-30 19:57:40,861 - BMW PAGe - INFO - Empty content -> no file written
2018-07-30 19:57:40,861 - BMW PAGe - INFO - Skipping write of C:\Component\FAAR_WE_Synergy\_Bmw_5441_Eps_Impl_A\generate\Coding_Functions, no changes detected
2018-07-30 19:57:40,861 - BMW PAGe - INFO - processing Pgen: C:\Component\FAAR_WE_Synergy\_Bmw_5441_Eps_Impl_A\autosar\..\..\Coding\tools\template\Coding_Function_Types.pgen
2018-07-30 19:57:40,861 - BMW PAGe - INFO - Open file C:\Component\FAAR_WE_Synergy\Coding\tools\template\Coding_Function_Types.pgen
2018-07-30 19:57:40,865 - BMW PAGe - INFO - Processing Pgen took: 0.003 s
2018-07-30 19:57:40,865 - BMW PAGe - INFO - Empty content -> no file written
2018-07-30 19:57:40,865 - BMW PAGe - INFO - Skipping write of C:\Component\FAAR_WE_Synergy\_Bmw_5441_Eps_Impl_A\generate\Coding_Function_Types, no changes detected
2018-07-30 19:57:40,865 - BMW PAGe - INFO - processing Pgen: C:\Component\FAAR_WE_Synergy\_Bmw_5441_Eps_Impl_A\autosar\..\..\Coding\tools\template\Coding_interfaces.arxml.pgen
2018-07-30 19:57:40,866 - BMW PAGe - INFO - Open file C:\Component\FAAR_WE_Synergy\Coding\tools\template\Coding_interfaces.arxml.pgen
2018-07-30 19:57:40,871 - BMW PAGe - DEBUG - include Coding_Functions
2018-07-30 19:57:40,891 - BMW PAGe - INFO - Open file C:\Component\FAAR_WE_Synergy\Coding\tools\template\Coding_Functions.pgen
2018-07-30 19:57:40,892 - BMW PAGe - DEBUG - include Coding_Function_Types
2018-07-30 19:57:40,928 - BMW PAGe - INFO - Open file C:\Component\FAAR_WE_Synergy\Coding\tools\template\Coding_Function_Types.pgen
2018-07-30 19:57:41,018 - BMW PAGe - INFO - Processing Pgen took: 0.153 s
2018-07-30 19:57:41,022 - BMW PAGe - INFO - Skipping write of C:\Component\FAAR_WE_Synergy\_Bmw_5441_Eps_Impl_A\generate\Coding_interfaces.arxml, no changes detected
2018-07-30 19:57:41,023 - BMW PAGe - INFO - processing Pgen: C:\Component\FAAR_WE_Synergy\_Bmw_5441_Eps_Impl_A\autosar\..\..\Coding\tools\template\Coding_internal.arxml.pgen
2018-07-30 19:57:41,023 - BMW PAGe - INFO - Open file C:\Component\FAAR_WE_Synergy\Coding\tools\template\Coding_internal.arxml.pgen
2018-07-30 19:57:41,027 - BMW PAGe - DEBUG - include Coding_Functions
2018-07-30 19:57:41,082 - BMW PAGe - INFO - Open file C:\Component\FAAR_WE_Synergy\Coding\tools\template\Coding_Functions.pgen
2018-07-30 19:57:41,083 - BMW PAGe - DEBUG - include Coding_Function_Types
2018-07-30 19:57:41,114 - BMW PAGe - INFO - Open file C:\Component\FAAR_WE_Synergy\Coding\tools\template\Coding_Function_Types.pgen
2018-07-30 19:57:41,214 - BMW PAGe - INFO - Processing Pgen took: 0.191 s
2018-07-30 19:57:41,220 - BMW PAGe - INFO - Skipping write of C:\Component\FAAR_WE_Synergy\_Bmw_5441_Eps_Impl_A\generate\Coding_internal.arxml, no changes detected
2018-07-30 19:57:41,220 - BMW PAGe - INFO - processing Pgen: C:\Component\FAAR_WE_Synergy\_Bmw_5441_Eps_Impl_A\autosar\..\..\Coding\tools\template\Coding_Version.h.pgen
2018-07-30 19:57:41,220 - BMW PAGe - INFO - Open file C:\Component\FAAR_WE_Synergy\Coding\tools\template\Coding_Version.h.pgen
2018-07-30 19:57:41,234 - BMW PAGe - INFO - Processing Pgen took: 0.013 s
2018-07-30 19:57:41,234 - BMW PAGe - INFO - File does not exist
2018-07-30 19:57:41,234 - BMW PAGe - INFO - Write C:\Component\FAAR_WE_Synergy\_Bmw_5441_Eps_Impl_A\generate\Coding_Version.h
