2018-07-30 19:57:35,504 - BMW PAGe - INFO - Reading XML: C:\Users\tzyksv\AppData\Local\Temp\DaVinci\Cfg-3240631\Generation\Cfg_Gen-1532993252944-0\AutosarFiles_ValGen-1532994905284-0\Crypto_ECUC_6113527646754322804.arxml
2018-07-30 19:57:39,281 - BMW PAGe - INFO - Reading XML took: 3.78 s
2018-07-30 19:57:39,281 - BMW PAGe - INFO - Reading all XMLs took: 3.78 s
2018-07-30 19:57:39,283 - BMW PAGe - INFO - processing Pgen: C:\Component\FAAR_WE_Synergy\_Bmw_5441_Eps_Impl_A\autosar\..\..\Crypto\tools\template\CryptoClassic_Version.h.pgen
2018-07-30 19:57:39,285 - BMW PAGe - INFO - Open file C:\Component\FAAR_WE_Synergy\Crypto\tools\template\CryptoClassic_Version.h.pgen
2018-07-30 19:57:39,316 - BMW PAGe - INFO - Processing Pgen took: 0.033 s
2018-07-30 19:57:39,317 - BMW PAGe - INFO - File does not exist
2018-07-30 19:57:39,318 - BMW PAGe - INFO - Write C:\Component\FAAR_WE_Synergy\_Bmw_5441_Eps_Impl_A\generate\CryptoClassic_Version.h
2018-07-30 19:57:39,323 - BMW PAGe - INFO - processing Pgen: C:\Component\FAAR_WE_Synergy\_Bmw_5441_Eps_Impl_A\autosar\..\..\Crypto\tools\template\Crypto_CertificateManagement.c.pgen
2018-07-30 19:57:39,323 - BMW PAGe - INFO - Open file C:\Component\FAAR_WE_Synergy\Crypto\tools\template\Crypto_CertificateManagement.c.pgen
2018-07-30 19:57:39,340 - BMW PAGe - INFO - Processing Pgen took: 0.017 s
2018-07-30 19:57:39,341 - BMW PAGe - INFO - File does not exist
2018-07-30 19:57:39,341 - BMW PAGe - INFO - Write C:\Component\FAAR_WE_Synergy\_Bmw_5441_Eps_Impl_A\generate\Crypto_CertificateManagement.c
2018-07-30 19:57:39,345 - BMW PAGe - INFO - processing Pgen: C:\Component\FAAR_WE_Synergy\_Bmw_5441_Eps_Impl_A\autosar\..\..\Crypto\tools\template\Crypto_CertificateManagement.h.pgen
2018-07-30 19:57:39,345 - BMW PAGe - INFO - Open file C:\Component\FAAR_WE_Synergy\Crypto\tools\template\Crypto_CertificateManagement.h.pgen
2018-07-30 19:57:39,360 - BMW PAGe - INFO - Processing Pgen took: 0.015 s
2018-07-30 19:57:39,360 - BMW PAGe - INFO - File does not exist
2018-07-30 19:57:39,360 - BMW PAGe - INFO - Write C:\Component\FAAR_WE_Synergy\_Bmw_5441_Eps_Impl_A\generate\Crypto_CertificateManagement.h
2018-07-30 19:57:39,363 - BMW PAGe - INFO - processing Pgen: C:\Component\FAAR_WE_Synergy\_Bmw_5441_Eps_Impl_A\autosar\..\..\Crypto\tools\template\Crypto_Cfg.h.pgen
2018-07-30 19:57:39,363 - BMW PAGe - INFO - Open file C:\Component\FAAR_WE_Synergy\Crypto\tools\template\Crypto_Cfg.h.pgen
2018-07-30 19:57:39,378 - BMW PAGe - INFO - Processing Pgen took: 0.015 s
2018-07-30 19:57:39,379 - BMW PAGe - INFO - File does not exist
2018-07-30 19:57:39,379 - BMW PAGe - INFO - Write C:\Component\FAAR_WE_Synergy\_Bmw_5441_Eps_Impl_A\generate\Crypto_Cfg.h
2018-07-30 19:57:39,383 - BMW PAGe - INFO - processing Pgen: C:\Component\FAAR_WE_Synergy\_Bmw_5441_Eps_Impl_A\autosar\..\..\Crypto\tools\template\Crypto_JumpTable.c.pgen
2018-07-30 19:57:39,383 - BMW PAGe - INFO - Open file C:\Component\FAAR_WE_Synergy\Crypto\tools\template\Crypto_JumpTable.c.pgen
2018-07-30 19:57:39,399 - BMW PAGe - INFO - Processing Pgen took: 0.016 s
2018-07-30 19:57:39,400 - BMW PAGe - INFO - File does not exist
2018-07-30 19:57:39,400 - BMW PAGe - INFO - Write C:\Component\FAAR_WE_Synergy\_Bmw_5441_Eps_Impl_A\generate\Crypto_JumpTable.c
2018-07-30 19:57:39,403 - BMW PAGe - INFO - processing Pgen: C:\Component\FAAR_WE_Synergy\_Bmw_5441_Eps_Impl_A\autosar\..\..\Crypto\tools\template\Crypto_JumpTable.h.pgen
2018-07-30 19:57:39,404 - BMW PAGe - INFO - Open file C:\Component\FAAR_WE_Synergy\Crypto\tools\template\Crypto_JumpTable.h.pgen
2018-07-30 19:57:39,418 - BMW PAGe - INFO - Processing Pgen took: 0.015 s
2018-07-30 19:57:39,418 - BMW PAGe - INFO - File does not exist
2018-07-30 19:57:39,419 - BMW PAGe - INFO - Write C:\Component\FAAR_WE_Synergy\_Bmw_5441_Eps_Impl_A\generate\Crypto_JumpTable.h
2018-07-30 19:57:39,425 - BMW PAGe - INFO - processing Pgen: C:\Component\FAAR_WE_Synergy\_Bmw_5441_Eps_Impl_A\autosar\..\..\Crypto\tools\template\Crypto_Version.h.pgen
2018-07-30 19:57:39,426 - BMW PAGe - INFO - Open file C:\Component\FAAR_WE_Synergy\Crypto\tools\template\Crypto_Version.h.pgen
2018-07-30 19:57:39,436 - BMW PAGe - INFO - Processing Pgen took: 0.01 s
2018-07-30 19:57:39,436 - BMW PAGe - INFO - File does not exist
2018-07-30 19:57:39,437 - BMW PAGe - INFO - Write C:\Component\FAAR_WE_Synergy\_Bmw_5441_Eps_Impl_A\generate\Crypto_Version.h
