2018-07-30 19:57:35,503 - BMW PAGe - INFO - Reading XML: C:\Users\tzyksv\AppData\Local\Temp\DaVinci\Cfg-3240631\Generation\Cfg_Gen-1532993252944-0\AutosarFiles_ValGen-1532994905284-0\Darh_ECUC_3772666550500745213.arxml
2018-07-30 19:57:39,257 - BMW PAGe - INFO - Reading XML took: 3.75 s
2018-07-30 19:57:39,257 - BMW PAGe - INFO - Reading all XMLs took: 3.75 s
2018-07-30 19:57:39,264 - BMW PAGe - INFO - processing Pgen: C:\Component\FAAR_WE_Synergy\_Bmw_5441_Eps_Impl_A\autosar\..\..\Darh\tools\template\DarhClassic_Cfg.h.pgen
2018-07-30 19:57:39,264 - BMW PAGe - INFO - Open file C:\Component\FAAR_WE_Synergy\Darh\tools\template\DarhClassic_Cfg.h.pgen
2018-07-30 19:57:39,315 - BMW PAGe - INFO - Processing Pgen took: 0.051 s
2018-07-30 19:57:39,316 - BMW PAGe - INFO - File does not exist
2018-07-30 19:57:39,316 - BMW PAGe - INFO - Write C:\Component\FAAR_WE_Synergy\_Bmw_5441_Eps_Impl_A\generate\DarhClassic_Cfg.h
2018-07-30 19:57:39,323 - BMW PAGe - INFO - processing Pgen: C:\Component\FAAR_WE_Synergy\_Bmw_5441_Eps_Impl_A\autosar\..\..\Darh\tools\template\DarhClassic_Version.h.pgen
2018-07-30 19:57:39,324 - BMW PAGe - INFO - Open file C:\Component\FAAR_WE_Synergy\Darh\tools\template\DarhClassic_Version.h.pgen
2018-07-30 19:57:39,336 - BMW PAGe - INFO - Processing Pgen took: 0.012 s
2018-07-30 19:57:39,336 - BMW PAGe - INFO - File does not exist
2018-07-30 19:57:39,336 - BMW PAGe - INFO - Write C:\Component\FAAR_WE_Synergy\_Bmw_5441_Eps_Impl_A\generate\DarhClassic_Version.h
2018-07-30 19:57:39,343 - BMW PAGe - INFO - processing Pgen: C:\Component\FAAR_WE_Synergy\_Bmw_5441_Eps_Impl_A\autosar\..\..\Darh\tools\template\Darh_Cfg.h.pgen
2018-07-30 19:57:39,344 - BMW PAGe - INFO - Open file C:\Component\FAAR_WE_Synergy\Darh\tools\template\Darh_Cfg.h.pgen
2018-07-30 19:57:39,366 - BMW PAGe - INFO - Processing Pgen took: 0.023 s
2018-07-30 19:57:39,369 - BMW PAGe - INFO - File does not exist
2018-07-30 19:57:39,370 - BMW PAGe - INFO - Write C:\Component\FAAR_WE_Synergy\_Bmw_5441_Eps_Impl_A\generate\Darh_Cfg.h
2018-07-30 19:57:39,376 - BMW PAGe - INFO - processing Pgen: C:\Component\FAAR_WE_Synergy\_Bmw_5441_Eps_Impl_A\autosar\..\..\Darh\tools\template\Darh_ext_interfaces.arxml.pgen
2018-07-30 19:57:39,376 - BMW PAGe - INFO - Open file C:\Component\FAAR_WE_Synergy\Darh\tools\template\Darh_ext_interfaces.arxml.pgen
2018-07-30 19:57:39,490 - BMW PAGe - INFO - Processing Pgen took: 0.114 s
2018-07-30 19:57:39,493 - BMW PAGe - INFO - Skipping write of C:\Component\FAAR_WE_Synergy\_Bmw_5441_Eps_Impl_A\generate\Darh_ext_interfaces.arxml, no changes detected
2018-07-30 19:57:39,493 - BMW PAGe - INFO - processing Pgen: C:\Component\FAAR_WE_Synergy\_Bmw_5441_Eps_Impl_A\autosar\..\..\Darh\tools\template\Darh_interfaces.arxml.pgen
2018-07-30 19:57:39,493 - BMW PAGe - INFO - Open file C:\Component\FAAR_WE_Synergy\Darh\tools\template\Darh_interfaces.arxml.pgen
2018-07-30 19:57:39,516 - BMW PAGe - INFO - Processing Pgen took: 0.022 s
2018-07-30 19:57:39,518 - BMW PAGe - INFO - Skipping write of C:\Component\FAAR_WE_Synergy\_Bmw_5441_Eps_Impl_A\generate\Darh_interfaces.arxml, no changes detected
2018-07-30 19:57:39,518 - BMW PAGe - INFO - processing Pgen: C:\Component\FAAR_WE_Synergy\_Bmw_5441_Eps_Impl_A\autosar\..\..\Darh\tools\template\Darh_internal.arxml.pgen
2018-07-30 19:57:39,518 - BMW PAGe - INFO - Open file C:\Component\FAAR_WE_Synergy\Darh\tools\template\Darh_internal.arxml.pgen
2018-07-30 19:57:39,583 - BMW PAGe - INFO - Processing Pgen took: 0.065 s
2018-07-30 19:57:39,586 - BMW PAGe - INFO - Skipping write of C:\Component\FAAR_WE_Synergy\_Bmw_5441_Eps_Impl_A\generate\Darh_internal.arxml, no changes detected
2018-07-30 19:57:39,587 - BMW PAGe - INFO - processing Pgen: C:\Component\FAAR_WE_Synergy\_Bmw_5441_Eps_Impl_A\autosar\..\..\Darh\tools\template\Darh_Version.h.pgen
2018-07-30 19:57:39,587 - BMW PAGe - INFO - Open file C:\Component\FAAR_WE_Synergy\Darh\tools\template\Darh_Version.h.pgen
2018-07-30 19:57:39,604 - BMW PAGe - INFO - Processing Pgen took: 0.017 s
2018-07-30 19:57:39,604 - BMW PAGe - INFO - File does not exist
2018-07-30 19:57:39,604 - BMW PAGe - INFO - Write C:\Component\FAAR_WE_Synergy\_Bmw_5441_Eps_Impl_A\generate\Darh_Version.h
