2018-07-30 19:57:35,503 - BMW PAGe - INFO - Reading XML: C:\Users\tzyksv\AppData\Local\Temp\DaVinci\Cfg-3240631\Generation\Cfg_Gen-1532993252944-0\AutosarFiles_ValGen-1532994905284-0\Dlog_ECUC_6640988738319614015.arxml
2018-07-30 19:57:39,390 - BMW PAGe - INFO - Reading XML took: 3.89 s
2018-07-30 19:57:39,390 - BMW PAGe - INFO - Reading all XMLs took: 3.89 s
2018-07-30 19:57:39,391 - BMW PAGe - INFO - processing Pgen: C:\Component\FAAR_WE_Synergy\_Bmw_5441_Eps_Impl_A\autosar\..\..\Dlog\tools\template\include\DlogClassic_Cfg.h.pgen
2018-07-30 19:57:39,393 - BMW PAGe - INFO - Open file C:\Component\FAAR_WE_Synergy\Dlog\tools\template\include\DlogClassic_Cfg.h.pgen
2018-07-30 19:57:39,400 - BMW PAGe - DEBUG - include ../pageinclude/Dlog_Help.pgen
2018-07-30 19:57:39,408 - BMW PAGe - INFO - Open file C:\Component\FAAR_WE_Synergy\Dlog\tools\template\pageinclude\Dlog_Help.pgen
2018-07-30 19:57:39,475 - BMW PAGe - INFO - Processing Pgen took: 0.083 s
2018-07-30 19:57:39,475 - BMW PAGe - INFO - File does not exist
2018-07-30 19:57:39,475 - BMW PAGe - INFO - Write C:\Component\FAAR_WE_Synergy\_Bmw_5441_Eps_Impl_A\generate\DlogClassic_Cfg.h
2018-07-30 19:57:39,503 - BMW PAGe - INFO - processing Pgen: C:\Component\FAAR_WE_Synergy\_Bmw_5441_Eps_Impl_A\autosar\..\..\Dlog\tools\template\DlogClassic_Version.h.pgen
2018-07-30 19:57:39,514 - BMW PAGe - INFO - Open file C:\Component\FAAR_WE_Synergy\Dlog\tools\template\DlogClassic_Version.h.pgen
2018-07-30 19:57:39,526 - BMW PAGe - INFO - Processing Pgen took: 0.023 s
2018-07-30 19:57:39,526 - BMW PAGe - INFO - File does not exist
2018-07-30 19:57:39,526 - BMW PAGe - INFO - Write C:\Component\FAAR_WE_Synergy\_Bmw_5441_Eps_Impl_A\generate\DlogClassic_Version.h
2018-07-30 19:57:39,531 - BMW PAGe - INFO - processing Pgen: C:\Component\FAAR_WE_Synergy\_Bmw_5441_Eps_Impl_A\autosar\..\..\Dlog\tools\template\Dlog_Cfg.h.pgen
2018-07-30 19:57:39,531 - BMW PAGe - INFO - Open file C:\Component\FAAR_WE_Synergy\Dlog\tools\template\Dlog_Cfg.h.pgen
2018-07-30 19:57:39,554 - BMW PAGe - INFO - Processing Pgen took: 0.023 s
2018-07-30 19:57:39,554 - BMW PAGe - INFO - File does not exist
2018-07-30 19:57:39,555 - BMW PAGe - INFO - Write C:\Component\FAAR_WE_Synergy\_Bmw_5441_Eps_Impl_A\generate\Dlog_Cfg.h
2018-07-30 19:57:39,563 - BMW PAGe - INFO - processing Pgen: C:\Component\FAAR_WE_Synergy\_Bmw_5441_Eps_Impl_A\autosar\..\..\Dlog\tools\template\Dlog_CfgCommon.h.pgen
2018-07-30 19:57:39,564 - BMW PAGe - INFO - Open file C:\Component\FAAR_WE_Synergy\Dlog\tools\template\Dlog_CfgCommon.h.pgen
2018-07-30 19:57:39,571 - BMW PAGe - DEBUG - include ../pageinclude/Dlog_Help.pgen
2018-07-30 19:57:39,598 - BMW PAGe - INFO - Open file C:\Component\FAAR_WE_Synergy\Dlog\tools\template\pageinclude\Dlog_Help.pgen
2018-07-30 19:57:39,706 - BMW PAGe - INFO - Processing Pgen took: 0.142 s
2018-07-30 19:57:39,706 - BMW PAGe - INFO - File does not exist
2018-07-30 19:57:39,706 - BMW PAGe - INFO - Write C:\Component\FAAR_WE_Synergy\_Bmw_5441_Eps_Impl_A\generate\Dlog_CfgCommon.h
2018-07-30 19:57:39,718 - BMW PAGe - INFO - processing Pgen: C:\Component\FAAR_WE_Synergy\_Bmw_5441_Eps_Impl_A\autosar\..\..\Dlog\tools\template\Dlog_ext_interfaces.arxml.pgen
2018-07-30 19:57:39,718 - BMW PAGe - INFO - Open file C:\Component\FAAR_WE_Synergy\Dlog\tools\template\Dlog_ext_interfaces.arxml.pgen
2018-07-30 19:57:39,786 - BMW PAGe - DEBUG - include ../pageinclude/Dlog_Help.pgen
2018-07-30 19:57:39,851 - BMW PAGe - INFO - Open file C:\Component\FAAR_WE_Synergy\Dlog\tools\template\pageinclude\Dlog_Help.pgen
2018-07-30 19:57:39,907 - BMW PAGe - INFO - Processing Pgen took: 0.189 s
2018-07-30 19:57:39,907 - BMW PAGe - INFO - Database entry did not match
2018-07-30 19:57:39,908 - BMW PAGe - INFO - Write C:\Component\FAAR_WE_Synergy\_Bmw_5441_Eps_Impl_A\generate\Dlog_ext_interfaces.arxml
2018-07-30 19:57:39,910 - BMW PAGe - INFO - processing Pgen: C:\Component\FAAR_WE_Synergy\_Bmw_5441_Eps_Impl_A\autosar\..\..\Dlog\tools\template\pageinclude\Dlog_Help.pgen
2018-07-30 19:57:39,911 - BMW PAGe - INFO - Open file C:\Component\FAAR_WE_Synergy\Dlog\tools\template\pageinclude\Dlog_Help.pgen
2018-07-30 19:57:39,918 - BMW PAGe - INFO - Processing Pgen took: 0.007 s
2018-07-30 19:57:39,918 - BMW PAGe - INFO - Empty content -> no file written
2018-07-30 19:57:39,918 - BMW PAGe - INFO - Skipping write of C:\Component\FAAR_WE_Synergy\_Bmw_5441_Eps_Impl_A\generate\Dlog_Help, no changes detected
2018-07-30 19:57:39,918 - BMW PAGe - INFO - processing Pgen: C:\Component\FAAR_WE_Synergy\_Bmw_5441_Eps_Impl_A\autosar\..\..\Dlog\tools\template\Dlog_HweTable.c.pgen
2018-07-30 19:57:39,919 - BMW PAGe - INFO - Open file C:\Component\FAAR_WE_Synergy\Dlog\tools\template\Dlog_HweTable.c.pgen
2018-07-30 19:57:40,005 - BMW PAGe - INFO - Processing Pgen took: 0.087 s
2018-07-30 19:57:40,006 - BMW PAGe - INFO - File does not exist
2018-07-30 19:57:40,006 - BMW PAGe - INFO - Write C:\Component\FAAR_WE_Synergy\_Bmw_5441_Eps_Impl_A\generate\Dlog_HweTable.c
2018-07-30 19:57:40,014 - BMW PAGe - INFO - processing Pgen: C:\Component\FAAR_WE_Synergy\_Bmw_5441_Eps_Impl_A\autosar\..\..\Dlog\tools\template\Dlog_HweTable.h.pgen
2018-07-30 19:57:40,017 - BMW PAGe - INFO - Open file C:\Component\FAAR_WE_Synergy\Dlog\tools\template\Dlog_HweTable.h.pgen
2018-07-30 19:57:40,037 - BMW PAGe - INFO - Processing Pgen took: 0.023 s
2018-07-30 19:57:40,037 - BMW PAGe - INFO - File does not exist
2018-07-30 19:57:40,037 - BMW PAGe - INFO - Write C:\Component\FAAR_WE_Synergy\_Bmw_5441_Eps_Impl_A\generate\Dlog_HweTable.h
2018-07-30 19:57:40,049 - BMW PAGe - INFO - processing Pgen: C:\Component\FAAR_WE_Synergy\_Bmw_5441_Eps_Impl_A\autosar\..\..\Dlog\tools\template\Dlog_interfaces.arxml.pgen
2018-07-30 19:57:40,050 - BMW PAGe - INFO - Open file C:\Component\FAAR_WE_Synergy\Dlog\tools\template\Dlog_interfaces.arxml.pgen
2018-07-30 19:57:40,198 - BMW PAGe - INFO - Processing Pgen took: 0.148 s
2018-07-30 19:57:40,198 - BMW PAGe - INFO - Database entry did not match
2018-07-30 19:57:40,198 - BMW PAGe - INFO - Write C:\Component\FAAR_WE_Synergy\_Bmw_5441_Eps_Impl_A\generate\Dlog_interfaces.arxml
2018-07-30 19:57:40,200 - BMW PAGe - INFO - processing Pgen: C:\Component\FAAR_WE_Synergy\_Bmw_5441_Eps_Impl_A\autosar\..\..\Dlog\tools\template\Dlog_internal.arxml.pgen
2018-07-30 19:57:40,201 - BMW PAGe - INFO - Open file C:\Component\FAAR_WE_Synergy\Dlog\tools\template\Dlog_internal.arxml.pgen
2018-07-30 19:57:40,208 - BMW PAGe - DEBUG - include ../pageinclude/Dlog_Help.pgen
2018-07-30 19:57:40,292 - BMW PAGe - INFO - Open file C:\Component\FAAR_WE_Synergy\Dlog\tools\template\pageinclude\Dlog_Help.pgen
2018-07-30 19:57:40,355 - BMW PAGe - INFO - Processing Pgen took: 0.154 s
2018-07-30 19:57:40,356 - BMW PAGe - INFO - Database entry did not match
2018-07-30 19:57:40,357 - BMW PAGe - INFO - Write C:\Component\FAAR_WE_Synergy\_Bmw_5441_Eps_Impl_A\generate\Dlog_internal.arxml
2018-07-30 19:57:40,359 - BMW PAGe - INFO - processing Pgen: C:\Component\FAAR_WE_Synergy\_Bmw_5441_Eps_Impl_A\autosar\..\..\Dlog\tools\template\Dlog_Nvm.c.pgen
2018-07-30 19:57:40,359 - BMW PAGe - INFO - Open file C:\Component\FAAR_WE_Synergy\Dlog\tools\template\Dlog_Nvm.c.pgen
2018-07-30 19:57:40,387 - BMW PAGe - INFO - Processing Pgen took: 0.026 s
2018-07-30 19:57:40,387 - BMW PAGe - INFO - File does not exist
2018-07-30 19:57:40,388 - BMW PAGe - INFO - Write C:\Component\FAAR_WE_Synergy\_Bmw_5441_Eps_Impl_A\generate\Dlog_Nvm.c
2018-07-30 19:57:40,394 - BMW PAGe - INFO - processing Pgen: C:\Component\FAAR_WE_Synergy\_Bmw_5441_Eps_Impl_A\autosar\..\..\Dlog\tools\template\Dlog_Nvm.h.pgen
2018-07-30 19:57:40,395 - BMW PAGe - INFO - Open file C:\Component\FAAR_WE_Synergy\Dlog\tools\template\Dlog_Nvm.h.pgen
2018-07-30 19:57:40,421 - BMW PAGe - INFO - Processing Pgen took: 0.027 s
2018-07-30 19:57:40,422 - BMW PAGe - INFO - File does not exist
2018-07-30 19:57:40,422 - BMW PAGe - INFO - Write C:\Component\FAAR_WE_Synergy\_Bmw_5441_Eps_Impl_A\generate\Dlog_Nvm.h
2018-07-30 19:57:40,431 - BMW PAGe - INFO - processing Pgen: C:\Component\FAAR_WE_Synergy\_Bmw_5441_Eps_Impl_A\autosar\..\..\Dlog\tools\template\Dlog_PBCfg.c.pgen
2018-07-30 19:57:40,432 - BMW PAGe - INFO - Open file C:\Component\FAAR_WE_Synergy\Dlog\tools\template\Dlog_PBCfg.c.pgen
2018-07-30 19:57:40,436 - BMW PAGe - DEBUG - include ../pageinclude/Dlog_Help.pgen
2018-07-30 19:57:40,440 - BMW PAGe - INFO - Open file C:\Component\FAAR_WE_Synergy\Dlog\tools\template\pageinclude\Dlog_Help.pgen
2018-07-30 19:57:40,466 - BMW PAGe - INFO - Looping over PostBuildVariants
2018-07-30 19:57:40,484 - BMW PAGe - INFO - Processing Pgen took: 0.052 s
2018-07-30 19:57:40,484 - BMW PAGe - INFO - File does not exist
2018-07-30 19:57:40,485 - BMW PAGe - INFO - Write C:\Component\FAAR_WE_Synergy\_Bmw_5441_Eps_Impl_A\generate\Dlog_PBCfg.c
2018-07-30 19:57:40,490 - BMW PAGe - INFO - processing Pgen: C:\Component\FAAR_WE_Synergy\_Bmw_5441_Eps_Impl_A\autosar\..\..\Dlog\tools\template\Dlog_PBCfg.h.pgen
2018-07-30 19:57:40,491 - BMW PAGe - INFO - Open file C:\Component\FAAR_WE_Synergy\Dlog\tools\template\Dlog_PBCfg.h.pgen
2018-07-30 19:57:40,516 - BMW PAGe - INFO - Looping over PostBuildVariants
2018-07-30 19:57:40,530 - BMW PAGe - INFO - Processing Pgen took: 0.039 s
2018-07-30 19:57:40,530 - BMW PAGe - INFO - File does not exist
2018-07-30 19:57:40,530 - BMW PAGe - INFO - Write C:\Component\FAAR_WE_Synergy\_Bmw_5441_Eps_Impl_A\generate\Dlog_PBCfg.h
2018-07-30 19:57:40,539 - BMW PAGe - INFO - processing Pgen: C:\Component\FAAR_WE_Synergy\_Bmw_5441_Eps_Impl_A\autosar\..\..\Dlog\tools\template\Dlog_SweTable.c.pgen
2018-07-30 19:57:40,539 - BMW PAGe - INFO - Open file C:\Component\FAAR_WE_Synergy\Dlog\tools\template\Dlog_SweTable.c.pgen
2018-07-30 19:57:40,546 - BMW PAGe - DEBUG - include ../pageinclude/Dlog_Help.pgen
2018-07-30 19:57:40,551 - BMW PAGe - INFO - Open file C:\Component\FAAR_WE_Synergy\Dlog\tools\template\pageinclude\Dlog_Help.pgen
2018-07-30 19:57:40,588 - BMW PAGe - INFO - Processing Pgen took: 0.049 s
2018-07-30 19:57:40,588 - BMW PAGe - INFO - File does not exist
2018-07-30 19:57:40,588 - BMW PAGe - INFO - Write C:\Component\FAAR_WE_Synergy\_Bmw_5441_Eps_Impl_A\generate\Dlog_SweTable.c
2018-07-30 19:57:40,596 - BMW PAGe - INFO - processing Pgen: C:\Component\FAAR_WE_Synergy\_Bmw_5441_Eps_Impl_A\autosar\..\..\Dlog\tools\template\Dlog_SweTable.h.pgen
2018-07-30 19:57:40,597 - BMW PAGe - INFO - Open file C:\Component\FAAR_WE_Synergy\Dlog\tools\template\Dlog_SweTable.h.pgen
2018-07-30 19:57:40,603 - BMW PAGe - DEBUG - include ../pageinclude/Dlog_Help.pgen
2018-07-30 19:57:40,616 - BMW PAGe - INFO - Open file C:\Component\FAAR_WE_Synergy\Dlog\tools\template\pageinclude\Dlog_Help.pgen
2018-07-30 19:57:40,668 - BMW PAGe - INFO - Processing Pgen took: 0.071 s
2018-07-30 19:57:40,669 - BMW PAGe - INFO - File does not exist
2018-07-30 19:57:40,669 - BMW PAGe - INFO - Write C:\Component\FAAR_WE_Synergy\_Bmw_5441_Eps_Impl_A\generate\Dlog_SweTable.h
2018-07-30 19:57:40,673 - BMW PAGe - INFO - processing Pgen: C:\Component\FAAR_WE_Synergy\_Bmw_5441_Eps_Impl_A\autosar\..\..\Dlog\tools\template\Dlog_UDSAdapter.c.pgen
2018-07-30 19:57:40,674 - BMW PAGe - INFO - Open file C:\Component\FAAR_WE_Synergy\Dlog\tools\template\Dlog_UDSAdapter.c.pgen
2018-07-30 19:57:40,680 - BMW PAGe - DEBUG - include ../pageinclude/Dlog_Help.pgen
2018-07-30 19:57:40,690 - BMW PAGe - INFO - Open file C:\Component\FAAR_WE_Synergy\Dlog\tools\template\pageinclude\Dlog_Help.pgen
2018-07-30 19:57:40,739 - BMW PAGe - INFO - Processing Pgen took: 0.066 s
2018-07-30 19:57:40,740 - BMW PAGe - INFO - File does not exist
2018-07-30 19:57:40,740 - BMW PAGe - INFO - Write C:\Component\FAAR_WE_Synergy\_Bmw_5441_Eps_Impl_A\generate\Dlog_UDSAdapter.c
2018-07-30 19:57:40,744 - BMW PAGe - INFO - processing Pgen: C:\Component\FAAR_WE_Synergy\_Bmw_5441_Eps_Impl_A\autosar\..\..\Dlog\tools\template\Dlog_UDSAdapterAdd.h.pgen
2018-07-30 19:57:40,744 - BMW PAGe - INFO - Open file C:\Component\FAAR_WE_Synergy\Dlog\tools\template\Dlog_UDSAdapterAdd.h.pgen
2018-07-30 19:57:40,751 - BMW PAGe - DEBUG - include ../pageinclude/Dlog_Help.pgen
2018-07-30 19:57:40,758 - BMW PAGe - INFO - Open file C:\Component\FAAR_WE_Synergy\Dlog\tools\template\pageinclude\Dlog_Help.pgen
2018-07-30 19:57:40,798 - BMW PAGe - INFO - Processing Pgen took: 0.054 s
2018-07-30 19:57:40,799 - BMW PAGe - INFO - File does not exist
2018-07-30 19:57:40,799 - BMW PAGe - INFO - Write C:\Component\FAAR_WE_Synergy\_Bmw_5441_Eps_Impl_A\generate\Dlog_UDSAdapterAdd.h
2018-07-30 19:57:40,806 - BMW PAGe - INFO - processing Pgen: C:\Component\FAAR_WE_Synergy\_Bmw_5441_Eps_Impl_A\autosar\..\..\Dlog\tools\template\Dlog_Version.h.pgen
2018-07-30 19:57:40,806 - BMW PAGe - INFO - Open file C:\Component\FAAR_WE_Synergy\Dlog\tools\template\Dlog_Version.h.pgen
2018-07-30 19:57:40,820 - BMW PAGe - INFO - Processing Pgen took: 0.014 s
2018-07-30 19:57:40,821 - BMW PAGe - INFO - File does not exist
2018-07-30 19:57:40,821 - BMW PAGe - INFO - Write C:\Component\FAAR_WE_Synergy\_Bmw_5441_Eps_Impl_A\generate\Dlog_Version.h
