AUTOSAR XML Text Transformation v2.0.2.0
    Output folder: C:\Component\FAAR_WE_Synergy\_Bmw_5441_Eps_Impl_A\generate
    Descr. file:   C:\Users\tzyksv\AppData\Local\Temp\DaVinci\Cfg-3240631\Generation\Cfg_Gen-1532993252944-0\AutosarFiles_ValGen-1532994905284-0\NxtrMfgSrv_ECUC_4.0.3_3812903611116418754.arxml
    Include file:  C:\Component\FAAR_WE_Synergy\NM001A_CmnMfgSrv_Impl\generate\..\..\TL105A_Artt\tools\include\Helper.tt
    Template:      C:\Component\FAAR_WE_Synergy\NM001A_CmnMfgSrv_Impl\generate\MfgSrvCfg.c.tt
    Namespace:     http://autosar.org/schema/r4.0
    Prefix:        ar
    File:          C:/Component/FAAR_WE_Synergy/_Bmw_5441_Eps_Impl_A/generate\MfgSrvCfg.c. written.
    Duration:      00:00:01.7940115.
AUTOSAR XML Text Transformation v2.0.2.0
    Output folder: C:\Component\FAAR_WE_Synergy\_Bmw_5441_Eps_Impl_A\generate
    Descr. file:   C:\Users\tzyksv\AppData\Local\Temp\DaVinci\Cfg-3240631\Generation\Cfg_Gen-1532993252944-0\AutosarFiles_ValGen-1532994905284-0\NxtrMfgSrv_ECUC_4.0.3_3812903611116418754.arxml
    Include file:  C:\Component\FAAR_WE_Synergy\NM001A_CmnMfgSrv_Impl\generate\..\..\TL105A_Artt\tools\include\Helper.tt
    Template:      C:\Component\FAAR_WE_Synergy\NM001A_CmnMfgSrv_Impl\generate\MfgSrvCfg.h.tt
    Namespace:     http://autosar.org/schema/r4.0
    Prefix:        ar
    File:          C:/Component/FAAR_WE_Synergy/_Bmw_5441_Eps_Impl_A/generate\MfgSrvCfg.h. written.
    Duration:      00:00:01.6068103.
WARNING:pyxb.binding.content:Multiple accepting paths for {http://autosar.org/schema/r4.0}DOCUMENTATION-BLOCK
WARNING:pyxb.binding.content:Multiple accepting paths for {http://autosar.org/schema/r4.0}DOCUMENTATION-BLOCK
WARNING:pyxb.binding.content:Multiple accepting paths for {http://autosar.org/schema/r4.0}DOCUMENTATION-BLOCK
WARNING:pyxb.binding.content:Multiple accepting paths for {http://autosar.org/schema/r4.0}DOCUMENTATION-BLOCK
WARNING:pyxb.binding.content:Multiple accepting paths for {http://autosar.org/schema/r4.0}DOCUMENTATION-BLOCK
WARNING:pyxb.binding.content:Multiple accepting paths for {http://autosar.org/schema/r4.0}DOCUMENTATION-BLOCK
WARNING:pyxb.binding.content:Multiple accepting paths for {http://autosar.org/schema/r4.0}DOCUMENTATION-BLOCK
WARNING:pyxb.binding.content:Multiple accepting paths for {http://autosar.org/schema/r4.0}DOCUMENTATION-BLOCK
WARNING:pyxb.binding.content:Multiple accepting paths for {http://autosar.org/schema/r4.0}DOCUMENTATION-BLOCK
WARNING:pyxb.binding.content:Multiple accepting paths for {http://autosar.org/schema/r4.0}DOCUMENTATION-BLOCK
WARNING:pyxb.binding.content:Multiple accepting paths for {http://autosar.org/schema/r4.0}DOCUMENTATION-BLOCK
WARNING:pyxb.binding.content:Multiple accepting paths for {http://autosar.org/schema/r4.0}DOCUMENTATION-BLOCK
WARNING:pyxb.binding.content:Multiple accepting paths for {http://autosar.org/schema/r4.0}DOCUMENTATION-BLOCK
WARNING:pyxb.binding.content:Multiple accepting paths for {http://autosar.org/schema/r4.0}DOCUMENTATION-BLOCK
WARNING:pyxb.binding.content:Multiple accepting paths for {http://autosar.org/schema/r4.0}DOCUMENTATION-BLOCK
WARNING:pyxb.binding.content:Multiple accepting paths for {http://autosar.org/schema/r4.0}DOCUMENTATION-BLOCK
WARNING:pyxb.binding.content:Multiple accepting paths for {http://autosar.org/schema/r4.0}DOCUMENTATION-BLOCK
WARNING:pyxb.binding.content:Multiple accepting paths for {http://autosar.org/schema/r4.0}DOCUMENTATION-BLOCK
WARNING:root:Service defined in ECUC but not found in ODX <Service type=0x22 id=0xF201>
WARNING:root:Service defined in ECUC but not found in ODX <Service type=0x22 id=0xF202>
WARNING:root:Service defined in ECUC but not found in ODX <Service type=0x22 id=0xF203>
WARNING:root:Service defined in ECUC but not found in ODX <Service type=0x22 id=0xF204>
WARNING:root:Service defined in ECUC but not found in ODX <Service type=0x22 id=0xF205>
WARNING:root:Service defined in ECUC but not found in ODX <Service type=0x22 id=0xF206>
WARNING:root:Service defined in ECUC but not found in ODX <Service type=0x22 id=0xF207>
WARNING:root:Service defined in ECUC but not found in ODX <Service type=0x22 id=0xF22F>
WARNING:root:Service defined in ECUC but not found in ODX <Service type=0x22 id=0xF230>
WARNING:root:Service defined in ECUC but not found in ODX <Service type=0x22 id=0xF231>
WARNING:root:Service defined in ECUC but not found in ODX <Service type=0x22 id=0xF23E>
WARNING:root:Service defined in ECUC but not found in ODX <Service type=0x22 id=0xF23F>
WARNING:root:Service defined in ECUC but not found in ODX <Service type=0x2F sub=0x00 id=0xFD40>
WARNING:root:Service defined in ECUC but not found in ODX <Service type=0x2F sub=0x03 id=0xFD40>
WARNING:root:Service defined in ECUC but not found in ODX <Service type=0x2F sub=0x00 id=0xFD41>
WARNING:root:Service defined in ECUC but not found in ODX <Service type=0x2F sub=0x03 id=0xFD41>
WARNING:root:Service defined in ECUC but not found in ODX <Service type=0x2F sub=0x00 id=0xFD42>
WARNING:root:Service defined in ECUC but not found in ODX <Service type=0x2F sub=0x03 id=0xFD42>
WARNING:pyxb.binding.content:Multiple accepting paths for {http://autosar.org/schema/r4.0}DOCUMENTATION-BLOCK
WARNING:pyxb.binding.content:Multiple accepting paths for {http://autosar.org/schema/r4.0}DOCUMENTATION-BLOCK
WARNING:pyxb.binding.content:Multiple accepting paths for {http://autosar.org/schema/r4.0}DOCUMENTATION-BLOCK
WARNING:pyxb.binding.content:Multiple accepting paths for {http://autosar.org/schema/r4.0}DOCUMENTATION-BLOCK
WARNING:pyxb.binding.content:Multiple accepting paths for {http://autosar.org/schema/r4.0}DOCUMENTATION-BLOCK
WARNING:pyxb.binding.content:Multiple accepting paths for {http://autosar.org/schema/r4.0}DOCUMENTATION-BLOCK
WARNING:pyxb.binding.content:Multiple accepting paths for {http://autosar.org/schema/r4.0}DOCUMENTATION-BLOCK
WARNING:pyxb.binding.content:Multiple accepting paths for {http://autosar.org/schema/r4.0}DOCUMENTATION-BLOCK
WARNING:pyxb.binding.content:Multiple accepting paths for {http://autosar.org/schema/r4.0}DOCUMENTATION-BLOCK
WARNING:pyxb.binding.content:Multiple accepting paths for {http://autosar.org/schema/r4.0}DOCUMENTATION-BLOCK
WARNING:pyxb.binding.content:Multiple accepting paths for {http://autosar.org/schema/r4.0}DOCUMENTATION-BLOCK
WARNING:pyxb.binding.content:Multiple accepting paths for {http://autosar.org/schema/r4.0}DOCUMENTATION-BLOCK
WARNING:pyxb.binding.content:Multiple accepting paths for {http://autosar.org/schema/r4.0}DOCUMENTATION-BLOCK
WARNING:pyxb.binding.content:Multiple accepting paths for {http://autosar.org/schema/r4.0}DOCUMENTATION-BLOCK
WARNING:pyxb.binding.content:Multiple accepting paths for {http://autosar.org/schema/r4.0}DOCUMENTATION-BLOCK
WARNING:pyxb.binding.content:Multiple accepting paths for {http://autosar.org/schema/r4.0}DOCUMENTATION-BLOCK
WARNING:pyxb.binding.content:Multiple accepting paths for {http://autosar.org/schema/r4.0}DOCUMENTATION-BLOCK
WARNING:pyxb.binding.content:Multiple accepting paths for {http://autosar.org/schema/r4.0}DOCUMENTATION-BLOCK
