2018-07-30 19:57:35,503 - BMW PAGe - INFO - Reading XML: C:\Users\tzyksv\AppData\Local\Temp\DaVinci\Cfg-3240631\Generation\Cfg_Gen-1532993252944-0\AutosarFiles_ValGen-1532994905284-0\Omc_ECUC_3822367063163111257.arxml
2018-07-30 19:57:39,336 - BMW PAGe - INFO - Reading XML took: 3.83 s
2018-07-30 19:57:39,337 - BMW PAGe - INFO - Reading all XMLs took: 3.83 s
2018-07-30 19:57:39,338 - BMW PAGe - INFO - processing Pgen: C:\Component\FAAR_WE_Synergy\_Bmw_5441_Eps_Impl_A\autosar\..\..\Omc\tools\template\Omc_Cfg.h.pgen
2018-07-30 19:57:39,338 - BMW PAGe - INFO - Open file C:\Component\FAAR_WE_Synergy\Omc\tools\template\Omc_Cfg.h.pgen
2018-07-30 19:57:39,358 - BMW PAGe - INFO - Processing Pgen took: 0.02 s
2018-07-30 19:57:39,358 - BMW PAGe - INFO - File does not exist
2018-07-30 19:57:39,359 - BMW PAGe - INFO - Write C:\Component\FAAR_WE_Synergy\_Bmw_5441_Eps_Impl_A\generate\Omc_Cfg.h
2018-07-30 19:57:39,362 - BMW PAGe - INFO - processing Pgen: C:\Component\FAAR_WE_Synergy\_Bmw_5441_Eps_Impl_A\autosar\..\..\Omc\tools\template\Omc_ext_interfaces.arxml.pgen
2018-07-30 19:57:39,362 - BMW PAGe - INFO - Open file C:\Component\FAAR_WE_Synergy\Omc\tools\template\Omc_ext_interfaces.arxml.pgen
2018-07-30 19:57:39,413 - BMW PAGe - INFO - Processing Pgen took: 0.051 s
2018-07-30 19:57:39,414 - BMW PAGe - INFO - Database entry did not match
2018-07-30 19:57:39,414 - BMW PAGe - INFO - Write C:\Component\FAAR_WE_Synergy\_Bmw_5441_Eps_Impl_A\generate\Omc_ext_interfaces.arxml
2018-07-30 19:57:39,416 - BMW PAGe - INFO - processing Pgen: C:\Component\FAAR_WE_Synergy\_Bmw_5441_Eps_Impl_A\autosar\..\..\Omc\tools\template\Omc_interfaces.arxml.pgen
2018-07-30 19:57:39,416 - BMW PAGe - INFO - Open file C:\Component\FAAR_WE_Synergy\Omc\tools\template\Omc_interfaces.arxml.pgen
2018-07-30 19:57:39,443 - BMW PAGe - INFO - Processing Pgen took: 0.027 s
2018-07-30 19:57:39,444 - BMW PAGe - INFO - Database entry did not match
2018-07-30 19:57:39,444 - BMW PAGe - INFO - Write C:\Component\FAAR_WE_Synergy\_Bmw_5441_Eps_Impl_A\generate\Omc_interfaces.arxml
2018-07-30 19:57:39,447 - BMW PAGe - INFO - processing Pgen: C:\Component\FAAR_WE_Synergy\_Bmw_5441_Eps_Impl_A\autosar\..\..\Omc\tools\template\Omc_internal.arxml.pgen
2018-07-30 19:57:39,448 - BMW PAGe - INFO - Open file C:\Component\FAAR_WE_Synergy\Omc\tools\template\Omc_internal.arxml.pgen
2018-07-30 19:57:39,510 - BMW PAGe - INFO - Processing Pgen took: 0.063 s
2018-07-30 19:57:39,510 - BMW PAGe - INFO - Database entry did not match
2018-07-30 19:57:39,511 - BMW PAGe - INFO - Write C:\Component\FAAR_WE_Synergy\_Bmw_5441_Eps_Impl_A\generate\Omc_internal.arxml
2018-07-30 19:57:39,512 - BMW PAGe - INFO - processing Pgen: C:\Component\FAAR_WE_Synergy\_Bmw_5441_Eps_Impl_A\autosar\..\..\Omc\tools\template\Omc_Version.h.pgen
2018-07-30 19:57:39,512 - BMW PAGe - INFO - Open file C:\Component\FAAR_WE_Synergy\Omc\tools\template\Omc_Version.h.pgen
2018-07-30 19:57:39,525 - BMW PAGe - INFO - Processing Pgen took: 0.013 s
2018-07-30 19:57:39,526 - BMW PAGe - INFO - File does not exist
2018-07-30 19:57:39,526 - BMW PAGe - INFO - Write C:\Component\FAAR_WE_Synergy\_Bmw_5441_Eps_Impl_A\generate\Omc_Version.h
