2018-07-30 19:57:35,503 - BMW PAGe - INFO - Reading XML: C:\Users\tzyksv\AppData\Local\Temp\DaVinci\Cfg-3240631\Generation\Cfg_Gen-1532993252944-0\AutosarFiles_ValGen-1532994905284-0\Rmh_ECUC_7053319622099730993.arxml
2018-07-30 19:57:39,423 - BMW PAGe - INFO - Reading XML took: 3.92 s
2018-07-30 19:57:39,423 - BMW PAGe - INFO - Reading all XMLs took: 3.92 s
2018-07-30 19:57:39,425 - BMW PAGe - INFO - processing Pgen: C:\Component\FAAR_WE_Synergy\_Bmw_5441_Eps_Impl_A\autosar\..\..\Rmh\tools\template\RmhClassic_Cfg.c.pgen
2018-07-30 19:57:39,425 - BMW PAGe - INFO - Open file C:\Component\FAAR_WE_Synergy\Rmh\tools\template\RmhClassic_Cfg.c.pgen
2018-07-30 19:57:39,451 - BMW PAGe - INFO - Processing Pgen took: 0.026 s
2018-07-30 19:57:39,451 - BMW PAGe - INFO - File does not exist
2018-07-30 19:57:39,451 - BMW PAGe - INFO - Write C:\Component\FAAR_WE_Synergy\_Bmw_5441_Eps_Impl_A\generate\RmhClassic_Cfg.c
2018-07-30 19:57:39,467 - BMW PAGe - INFO - processing Pgen: C:\Component\FAAR_WE_Synergy\_Bmw_5441_Eps_Impl_A\autosar\..\..\Rmh\tools\template\RmhClassic_Cfg.h.pgen
2018-07-30 19:57:39,468 - BMW PAGe - INFO - Open file C:\Component\FAAR_WE_Synergy\Rmh\tools\template\RmhClassic_Cfg.h.pgen
2018-07-30 19:57:39,483 - BMW PAGe - INFO - Processing Pgen took: 0.015 s
2018-07-30 19:57:39,484 - BMW PAGe - INFO - File does not exist
2018-07-30 19:57:39,484 - BMW PAGe - INFO - Write C:\Component\FAAR_WE_Synergy\_Bmw_5441_Eps_Impl_A\generate\RmhClassic_Cfg.h
2018-07-30 19:57:39,487 - BMW PAGe - INFO - processing Pgen: C:\Component\FAAR_WE_Synergy\_Bmw_5441_Eps_Impl_A\autosar\..\..\Rmh\tools\template\RmhClassic_Version.h.pgen
2018-07-30 19:57:39,488 - BMW PAGe - INFO - Open file C:\Component\FAAR_WE_Synergy\Rmh\tools\template\RmhClassic_Version.h.pgen
2018-07-30 19:57:39,501 - BMW PAGe - INFO - Processing Pgen took: 0.014 s
2018-07-30 19:57:39,501 - BMW PAGe - INFO - File does not exist
2018-07-30 19:57:39,501 - BMW PAGe - INFO - Write C:\Component\FAAR_WE_Synergy\_Bmw_5441_Eps_Impl_A\generate\RmhClassic_Version.h
2018-07-30 19:57:39,505 - BMW PAGe - INFO - processing Pgen: C:\Component\FAAR_WE_Synergy\_Bmw_5441_Eps_Impl_A\autosar\..\..\Rmh\tools\template\Rmh_cdd_interfaces.arxml.pgen
2018-07-30 19:57:39,506 - BMW PAGe - INFO - Open file C:\Component\FAAR_WE_Synergy\Rmh\tools\template\Rmh_cdd_interfaces.arxml.pgen
2018-07-30 19:57:39,510 - BMW PAGe - INFO - Processing Pgen took: 0.005 s
2018-07-30 19:57:39,511 - BMW PAGe - INFO - Database entry did not match
2018-07-30 19:57:39,511 - BMW PAGe - INFO - Write C:\Component\FAAR_WE_Synergy\_Bmw_5441_Eps_Impl_A\generate\Rmh_cdd_interfaces.arxml
2018-07-30 19:57:39,512 - BMW PAGe - INFO - processing Pgen: C:\Component\FAAR_WE_Synergy\_Bmw_5441_Eps_Impl_A\autosar\..\..\Rmh\tools\template\Rmh_cdd_internal.arxml.pgen
2018-07-30 19:57:39,512 - BMW PAGe - INFO - Open file C:\Component\FAAR_WE_Synergy\Rmh\tools\template\Rmh_cdd_internal.arxml.pgen
2018-07-30 19:57:39,527 - BMW PAGe - INFO - Processing Pgen took: 0.015 s
2018-07-30 19:57:39,527 - BMW PAGe - INFO - Database entry did not match
2018-07-30 19:57:39,527 - BMW PAGe - INFO - Write C:\Component\FAAR_WE_Synergy\_Bmw_5441_Eps_Impl_A\generate\Rmh_cdd_internal.arxml
2018-07-30 19:57:39,529 - BMW PAGe - INFO - processing Pgen: C:\Component\FAAR_WE_Synergy\_Bmw_5441_Eps_Impl_A\autosar\..\..\Rmh\tools\template\Rmh_ext_interfaces.arxml.pgen
2018-07-30 19:57:39,529 - BMW PAGe - INFO - Open file C:\Component\FAAR_WE_Synergy\Rmh\tools\template\Rmh_ext_interfaces.arxml.pgen
2018-07-30 19:57:39,544 - BMW PAGe - INFO - Processing Pgen took: 0.015 s
2018-07-30 19:57:39,545 - BMW PAGe - INFO - Database entry did not match
2018-07-30 19:57:39,545 - BMW PAGe - INFO - Write C:\Component\FAAR_WE_Synergy\_Bmw_5441_Eps_Impl_A\generate\Rmh_ext_interfaces.arxml
2018-07-30 19:57:39,547 - BMW PAGe - INFO - processing Pgen: C:\Component\FAAR_WE_Synergy\_Bmw_5441_Eps_Impl_A\autosar\..\..\Rmh\tools\template\Rmh_interfaces.arxml.pgen
2018-07-30 19:57:39,548 - BMW PAGe - INFO - Open file C:\Component\FAAR_WE_Synergy\Rmh\tools\template\Rmh_interfaces.arxml.pgen
2018-07-30 19:57:39,554 - BMW PAGe - INFO - Processing Pgen took: 0.006 s
2018-07-30 19:57:39,554 - BMW PAGe - INFO - Database entry did not match
2018-07-30 19:57:39,554 - BMW PAGe - INFO - Write C:\Component\FAAR_WE_Synergy\_Bmw_5441_Eps_Impl_A\generate\Rmh_interfaces.arxml
2018-07-30 19:57:39,556 - BMW PAGe - INFO - processing Pgen: C:\Component\FAAR_WE_Synergy\_Bmw_5441_Eps_Impl_A\autosar\..\..\Rmh\tools\template\Rmh_internal.arxml.pgen
2018-07-30 19:57:39,557 - BMW PAGe - INFO - Open file C:\Component\FAAR_WE_Synergy\Rmh\tools\template\Rmh_internal.arxml.pgen
2018-07-30 19:57:39,577 - BMW PAGe - INFO - Processing Pgen took: 0.021 s
2018-07-30 19:57:39,578 - BMW PAGe - INFO - Database entry did not match
2018-07-30 19:57:39,578 - BMW PAGe - INFO - Write C:\Component\FAAR_WE_Synergy\_Bmw_5441_Eps_Impl_A\generate\Rmh_internal.arxml
