2018-07-30 19:57:39,667 - BMW PAGe - INFO - Reading XML: C:\Users\tzyksv\AppData\Local\Temp\DaVinci\Cfg-3240631\Generation\Cfg_Gen-1532993252944-0\AutosarFiles_ValGen-1532994905284-0\StdDiag_ECUC_5163981149498912115.arxml
2018-07-30 19:57:43,083 - BMW PAGe - INFO - Reading XML took: 3.42 s
2018-07-30 19:57:43,083 - BMW PAGe - INFO - Reading all XMLs took: 3.42 s
2018-07-30 19:57:43,084 - BMW PAGe - INFO - processing Pgen: C:\Component\FAAR_WE_Synergy\_Bmw_5441_Eps_Impl_A\autosar\..\..\StdDiag\tools\template\StdDiagClassic_Cfg.c.pgen
2018-07-30 19:57:43,084 - BMW PAGe - INFO - Open file C:\Component\FAAR_WE_Synergy\StdDiag\tools\template\StdDiagClassic_Cfg.c.pgen
2018-07-30 19:57:43,096 - BMW PAGe - DEBUG - include StdDiag_GetAdtConfig.pgen
2018-07-30 19:57:43,111 - BMW PAGe - INFO - StdDiagIDRLSupport: 0 
2018-07-30 19:57:43,118 - BMW PAGe - INFO - Processing Pgen took: 0.034 s
2018-07-30 19:57:43,118 - BMW PAGe - INFO - File does not exist
2018-07-30 19:57:43,118 - BMW PAGe - INFO - Write C:\Component\FAAR_WE_Synergy\_Bmw_5441_Eps_Impl_A\generate\StdDiagClassic_Cfg.c
2018-07-30 19:57:43,122 - BMW PAGe - INFO - processing Pgen: C:\Component\FAAR_WE_Synergy\_Bmw_5441_Eps_Impl_A\autosar\..\..\StdDiag\tools\template\StdDiagClassic_Cfg.h.pgen
2018-07-30 19:57:43,123 - BMW PAGe - INFO - Open file C:\Component\FAAR_WE_Synergy\StdDiag\tools\template\StdDiagClassic_Cfg.h.pgen
2018-07-30 19:57:43,126 - BMW PAGe - DEBUG - include StdDiag_GetIdrlConfig.pgen
2018-07-30 19:57:43,127 - BMW PAGe - DEBUG - include StdDiag_GetAdtConfig.pgen
2018-07-30 19:57:43,145 - BMW PAGe - INFO - Processing Pgen took: 0.023 s
2018-07-30 19:57:43,145 - BMW PAGe - INFO - File does not exist
2018-07-30 19:57:43,145 - BMW PAGe - INFO - Write C:\Component\FAAR_WE_Synergy\_Bmw_5441_Eps_Impl_A\generate\StdDiagClassic_Cfg.h
2018-07-30 19:57:43,149 - BMW PAGe - INFO - processing Pgen: C:\Component\FAAR_WE_Synergy\_Bmw_5441_Eps_Impl_A\autosar\..\..\StdDiag\tools\template\StdDiagClassic_PBCfg.c.pgen
2018-07-30 19:57:43,149 - BMW PAGe - INFO - Open file C:\Component\FAAR_WE_Synergy\StdDiag\tools\template\StdDiagClassic_PBCfg.c.pgen
2018-07-30 19:57:43,154 - BMW PAGe - INFO - Looping over PostBuildVariants
2018-07-30 19:57:43,162 - BMW PAGe - INFO - Processing Pgen took: 0.013 s
2018-07-30 19:57:43,162 - BMW PAGe - INFO - File does not exist
2018-07-30 19:57:43,162 - BMW PAGe - INFO - Write C:\Component\FAAR_WE_Synergy\_Bmw_5441_Eps_Impl_A\generate\StdDiagClassic_PBCfg.c
2018-07-30 19:57:43,165 - BMW PAGe - INFO - processing Pgen: C:\Component\FAAR_WE_Synergy\_Bmw_5441_Eps_Impl_A\autosar\..\..\StdDiag\tools\template\StdDiagClassic_PBCfg.h.pgen
2018-07-30 19:57:43,166 - BMW PAGe - INFO - Open file C:\Component\FAAR_WE_Synergy\StdDiag\tools\template\StdDiagClassic_PBCfg.h.pgen
2018-07-30 19:57:43,170 - BMW PAGe - INFO - Looping over PostBuildVariants
2018-07-30 19:57:43,178 - BMW PAGe - INFO - Processing Pgen took: 0.013 s
2018-07-30 19:57:43,179 - BMW PAGe - INFO - File does not exist
2018-07-30 19:57:43,179 - BMW PAGe - INFO - Write C:\Component\FAAR_WE_Synergy\_Bmw_5441_Eps_Impl_A\generate\StdDiagClassic_PBCfg.h
2018-07-30 19:57:43,182 - BMW PAGe - INFO - processing Pgen: C:\Component\FAAR_WE_Synergy\_Bmw_5441_Eps_Impl_A\autosar\..\..\StdDiag\tools\template\StdDiagClassic_Version.h.pgen
2018-07-30 19:57:43,182 - BMW PAGe - INFO - Open file C:\Component\FAAR_WE_Synergy\StdDiag\tools\template\StdDiagClassic_Version.h.pgen
2018-07-30 19:57:43,190 - BMW PAGe - INFO - Processing Pgen took: 0.008 s
2018-07-30 19:57:43,191 - BMW PAGe - INFO - File does not exist
2018-07-30 19:57:43,191 - BMW PAGe - INFO - Write C:\Component\FAAR_WE_Synergy\_Bmw_5441_Eps_Impl_A\generate\StdDiagClassic_Version.h
2018-07-30 19:57:43,194 - BMW PAGe - INFO - processing Pgen: C:\Component\FAAR_WE_Synergy\_Bmw_5441_Eps_Impl_A\autosar\..\..\StdDiag\tools\template\StdDiag_bswmd.arxml.pgen
2018-07-30 19:57:43,194 - BMW PAGe - INFO - Open file C:\Component\FAAR_WE_Synergy\StdDiag\tools\template\StdDiag_bswmd.arxml.pgen
2018-07-30 19:57:43,213 - BMW PAGe - INFO - Processing Pgen took: 0.019 s
2018-07-30 19:57:43,214 - BMW PAGe - INFO - Database entry did not match
2018-07-30 19:57:43,214 - BMW PAGe - INFO - Write C:\Component\FAAR_WE_Synergy\_Bmw_5441_Eps_Impl_A\generate\StdDiag_bswmd.arxml
2018-07-30 19:57:43,215 - BMW PAGe - INFO - processing Pgen: C:\Component\FAAR_WE_Synergy\_Bmw_5441_Eps_Impl_A\autosar\..\..\StdDiag\tools\template\StdDiag_Cfg.c.pgen
2018-07-30 19:57:43,215 - BMW PAGe - INFO - Open file C:\Component\FAAR_WE_Synergy\StdDiag\tools\template\StdDiag_Cfg.c.pgen
2018-07-30 19:57:43,225 - BMW PAGe - INFO - Processing Pgen took: 0.01 s
2018-07-30 19:57:43,225 - BMW PAGe - INFO - File does not exist
2018-07-30 19:57:43,225 - BMW PAGe - INFO - Write C:\Component\FAAR_WE_Synergy\_Bmw_5441_Eps_Impl_A\generate\StdDiag_Cfg.c
2018-07-30 19:57:43,228 - BMW PAGe - INFO - processing Pgen: C:\Component\FAAR_WE_Synergy\_Bmw_5441_Eps_Impl_A\autosar\..\..\StdDiag\tools\template\StdDiag_Cfg.h.pgen
2018-07-30 19:57:43,228 - BMW PAGe - INFO - Open file C:\Component\FAAR_WE_Synergy\StdDiag\tools\template\StdDiag_Cfg.h.pgen
2018-07-30 19:57:43,241 - BMW PAGe - INFO - Processing Pgen took: 0.013 s
2018-07-30 19:57:43,241 - BMW PAGe - INFO - File does not exist
2018-07-30 19:57:43,241 - BMW PAGe - INFO - Write C:\Component\FAAR_WE_Synergy\_Bmw_5441_Eps_Impl_A\generate\StdDiag_Cfg.h
2018-07-30 19:57:43,244 - BMW PAGe - INFO - processing Pgen: C:\Component\FAAR_WE_Synergy\_Bmw_5441_Eps_Impl_A\autosar\..\..\StdDiag\tools\template\StdDiag_ext_interfaces.arxml.pgen
2018-07-30 19:57:43,245 - BMW PAGe - INFO - Open file C:\Component\FAAR_WE_Synergy\StdDiag\tools\template\StdDiag_ext_interfaces.arxml.pgen
2018-07-30 19:57:43,250 - BMW PAGe - DEBUG - include StdDiag_GetIdrlConfig.pgen
2018-07-30 19:57:43,368 - BMW PAGe - INFO - Processing Pgen took: 0.124 s
2018-07-30 19:57:43,369 - BMW PAGe - INFO - Database entry did not match
2018-07-30 19:57:43,369 - BMW PAGe - INFO - Write C:\Component\FAAR_WE_Synergy\_Bmw_5441_Eps_Impl_A\generate\StdDiag_ext_interfaces.arxml
2018-07-30 19:57:43,371 - BMW PAGe - INFO - processing Pgen: C:\Component\FAAR_WE_Synergy\_Bmw_5441_Eps_Impl_A\autosar\..\..\StdDiag\tools\template\StdDiag_GetAdtConfig.pgen
2018-07-30 19:57:43,371 - BMW PAGe - INFO - Open file C:\Component\FAAR_WE_Synergy\StdDiag\tools\template\StdDiag_GetAdtConfig.pgen
2018-07-30 19:57:43,384 - BMW PAGe - INFO - Processing Pgen took: 0.012 s
2018-07-30 19:57:43,384 - BMW PAGe - INFO - Empty content -> no file written
2018-07-30 19:57:43,384 - BMW PAGe - INFO - Skipping write of C:\Component\FAAR_WE_Synergy\_Bmw_5441_Eps_Impl_A\generate\StdDiag_GetAdtConfig, no changes detected
2018-07-30 19:57:43,384 - BMW PAGe - INFO - processing Pgen: C:\Component\FAAR_WE_Synergy\_Bmw_5441_Eps_Impl_A\autosar\..\..\StdDiag\tools\template\StdDiag_GetIdrlConfig.pgen
2018-07-30 19:57:43,385 - BMW PAGe - INFO - Open file C:\Component\FAAR_WE_Synergy\StdDiag\tools\template\StdDiag_GetIdrlConfig.pgen
2018-07-30 19:57:43,394 - BMW PAGe - INFO - No configuration container StdDiagProvideIDRL found, so IDRL is disabled.
2018-07-30 19:57:43,394 - BMW PAGe - INFO - Processing Pgen took: 0.01 s
2018-07-30 19:57:43,395 - BMW PAGe - INFO - Empty content -> no file written
2018-07-30 19:57:43,395 - BMW PAGe - INFO - Skipping write of C:\Component\FAAR_WE_Synergy\_Bmw_5441_Eps_Impl_A\generate\StdDiag_GetIdrlConfig, no changes detected
2018-07-30 19:57:43,395 - BMW PAGe - INFO - processing Pgen: C:\Component\FAAR_WE_Synergy\_Bmw_5441_Eps_Impl_A\autosar\..\..\StdDiag\tools\template\StdDiag_interfaces.arxml.pgen
2018-07-30 19:57:43,395 - BMW PAGe - INFO - Open file C:\Component\FAAR_WE_Synergy\StdDiag\tools\template\StdDiag_interfaces.arxml.pgen
2018-07-30 19:57:43,398 - BMW PAGe - DEBUG - include StdDiag_GetIdrlConfig.pgen
2018-07-30 19:57:43,431 - BMW PAGe - INFO - Processing Pgen took: 0.036 s
2018-07-30 19:57:43,432 - BMW PAGe - INFO - Database entry did not match
2018-07-30 19:57:43,432 - BMW PAGe - INFO - Write C:\Component\FAAR_WE_Synergy\_Bmw_5441_Eps_Impl_A\generate\StdDiag_interfaces.arxml
2018-07-30 19:57:43,434 - BMW PAGe - INFO - processing Pgen: C:\Component\FAAR_WE_Synergy\_Bmw_5441_Eps_Impl_A\autosar\..\..\StdDiag\tools\template\StdDiag_internal.arxml.pgen
2018-07-30 19:57:43,434 - BMW PAGe - INFO - Open file C:\Component\FAAR_WE_Synergy\StdDiag\tools\template\StdDiag_internal.arxml.pgen
2018-07-30 19:57:43,438 - BMW PAGe - DEBUG - include StdDiag_GetIdrlConfig.pgen
2018-07-30 19:57:43,439 - BMW PAGe - DEBUG - include StdDiag_GetAdtConfig.pgen
2018-07-30 19:57:43,525 - BMW PAGe - INFO - Processing Pgen took: 0.091 s
2018-07-30 19:57:43,526 - BMW PAGe - INFO - Database entry did not match
2018-07-30 19:57:43,526 - BMW PAGe - INFO - Write C:\Component\FAAR_WE_Synergy\_Bmw_5441_Eps_Impl_A\generate\StdDiag_internal.arxml
2018-07-30 19:57:43,527 - BMW PAGe - INFO - processing Pgen: C:\Component\FAAR_WE_Synergy\_Bmw_5441_Eps_Impl_A\autosar\..\..\StdDiag\tools\template\StdDiag_Version.h.pgen
2018-07-30 19:57:43,528 - BMW PAGe - INFO - Open file C:\Component\FAAR_WE_Synergy\StdDiag\tools\template\StdDiag_Version.h.pgen
2018-07-30 19:57:43,539 - BMW PAGe - INFO - Processing Pgen took: 0.012 s
2018-07-30 19:57:43,539 - BMW PAGe - INFO - File does not exist
2018-07-30 19:57:43,539 - BMW PAGe - INFO - Write C:\Component\FAAR_WE_Synergy\_Bmw_5441_Eps_Impl_A\generate\StdDiag_Version.h
