2018-07-30 19:57:40,943 - BMW PAGe - INFO - Reading XML: C:\Users\tzyksv\AppData\Local\Temp\DaVinci\Cfg-3240631\Generation\Cfg_Gen-1532993252944-0\AutosarFiles_ValGen-1532994905284-0\Stm_ECUC_2297433761087025598.arxml
2018-07-30 19:57:43,924 - BMW PAGe - INFO - Reading XML took: 2.98 s
2018-07-30 19:57:43,924 - BMW PAGe - INFO - Reading all XMLs took: 2.98 s
2018-07-30 19:57:43,926 - BMW PAGe - INFO - processing Pgen: C:\Component\FAAR_WE_Synergy\_Bmw_5441_Eps_Impl_A\autosar\..\..\Stm\tools\template\StmClassic_Cfg.h.pgen
2018-07-30 19:57:43,926 - BMW PAGe - INFO - Open file C:\Component\FAAR_WE_Synergy\Stm\tools\template\StmClassic_Cfg.h.pgen
2018-07-30 19:57:43,955 - BMW PAGe - INFO - Processing Pgen took: 0.029 s
2018-07-30 19:57:43,955 - BMW PAGe - INFO - File does not exist
2018-07-30 19:57:43,955 - BMW PAGe - INFO - Write C:\Component\FAAR_WE_Synergy\_Bmw_5441_Eps_Impl_A\generate\StmClassic_Cfg.h
2018-07-30 19:57:43,958 - BMW PAGe - INFO - processing Pgen: C:\Component\FAAR_WE_Synergy\_Bmw_5441_Eps_Impl_A\autosar\..\..\Stm\tools\template\StmClassic_PBCfg.c.pgen
2018-07-30 19:57:43,959 - BMW PAGe - INFO - Open file C:\Component\FAAR_WE_Synergy\Stm\tools\template\StmClassic_PBCfg.c.pgen
2018-07-30 19:57:43,970 - BMW PAGe - INFO - Processing Pgen took: 0.012 s
2018-07-30 19:57:43,970 - BMW PAGe - INFO - File does not exist
2018-07-30 19:57:43,971 - BMW PAGe - INFO - Write C:\Component\FAAR_WE_Synergy\_Bmw_5441_Eps_Impl_A\generate\StmClassic_PBCfg.c
2018-07-30 19:57:43,974 - BMW PAGe - INFO - processing Pgen: C:\Component\FAAR_WE_Synergy\_Bmw_5441_Eps_Impl_A\autosar\..\..\Stm\tools\template\StmClassic_PBCfg.h.pgen
2018-07-30 19:57:43,975 - BMW PAGe - INFO - Open file C:\Component\FAAR_WE_Synergy\Stm\tools\template\StmClassic_PBCfg.h.pgen
2018-07-30 19:57:43,984 - BMW PAGe - INFO - Processing Pgen took: 0.009 s
2018-07-30 19:57:43,984 - BMW PAGe - INFO - File does not exist
2018-07-30 19:57:43,984 - BMW PAGe - INFO - Write C:\Component\FAAR_WE_Synergy\_Bmw_5441_Eps_Impl_A\generate\StmClassic_PBCfg.h
2018-07-30 19:57:43,988 - BMW PAGe - INFO - processing Pgen: C:\Component\FAAR_WE_Synergy\_Bmw_5441_Eps_Impl_A\autosar\..\..\Stm\tools\template\StmClassic_Version.h.pgen
2018-07-30 19:57:43,988 - BMW PAGe - INFO - Open file C:\Component\FAAR_WE_Synergy\Stm\tools\template\StmClassic_Version.h.pgen
2018-07-30 19:57:43,997 - BMW PAGe - INFO - Processing Pgen took: 0.009 s
2018-07-30 19:57:43,997 - BMW PAGe - INFO - File does not exist
2018-07-30 19:57:43,998 - BMW PAGe - INFO - Write C:\Component\FAAR_WE_Synergy\_Bmw_5441_Eps_Impl_A\generate\StmClassic_Version.h
2018-07-30 19:57:44,001 - BMW PAGe - INFO - processing Pgen: C:\Component\FAAR_WE_Synergy\_Bmw_5441_Eps_Impl_A\autosar\..\..\Stm\tools\template\Stm_Cfg.h.pgen
2018-07-30 19:57:44,001 - BMW PAGe - INFO - Open file C:\Component\FAAR_WE_Synergy\Stm\tools\template\Stm_Cfg.h.pgen
2018-07-30 19:57:44,009 - BMW PAGe - INFO - Processing Pgen took: 0.008 s
2018-07-30 19:57:44,009 - BMW PAGe - INFO - File does not exist
2018-07-30 19:57:44,009 - BMW PAGe - INFO - Write C:\Component\FAAR_WE_Synergy\_Bmw_5441_Eps_Impl_A\generate\Stm_Cfg.h
2018-07-30 19:57:44,013 - BMW PAGe - INFO - processing Pgen: C:\Component\FAAR_WE_Synergy\_Bmw_5441_Eps_Impl_A\autosar\..\..\Stm\tools\template\Stm_interfaces.arxml.pgen
2018-07-30 19:57:44,013 - BMW PAGe - INFO - Open file C:\Component\FAAR_WE_Synergy\Stm\tools\template\Stm_interfaces.arxml.pgen
2018-07-30 19:57:44,035 - BMW PAGe - INFO - Processing Pgen took: 0.022 s
2018-07-30 19:57:44,037 - BMW PAGe - INFO - Skipping write of C:\Component\FAAR_WE_Synergy\_Bmw_5441_Eps_Impl_A\generate\Stm_interfaces.arxml, no changes detected
2018-07-30 19:57:44,037 - BMW PAGe - INFO - processing Pgen: C:\Component\FAAR_WE_Synergy\_Bmw_5441_Eps_Impl_A\autosar\..\..\Stm\tools\template\Stm_internal.arxml.pgen
2018-07-30 19:57:44,037 - BMW PAGe - INFO - Open file C:\Component\FAAR_WE_Synergy\Stm\tools\template\Stm_internal.arxml.pgen
2018-07-30 19:57:44,081 - BMW PAGe - INFO - Processing Pgen took: 0.044 s
2018-07-30 19:57:44,082 - BMW PAGe - INFO - Skipping write of C:\Component\FAAR_WE_Synergy\_Bmw_5441_Eps_Impl_A\generate\Stm_internal.arxml, no changes detected
