2018-07-30 19:57:41,004 - BMW PAGe - INFO - Reading XML: C:\Users\tzyksv\AppData\Local\Temp\DaVinci\Cfg-3240631\Generation\Cfg_Gen-1532993252944-0\AutosarFiles_ValGen-1532994905284-0\SysTime_ECUC_6687453742742343141.arxml
2018-07-30 19:57:44,008 - BMW PAGe - INFO - Reading XML took: 3.0 s
2018-07-30 19:57:44,008 - BMW PAGe - INFO - Reading all XMLs took: 3.0 s
2018-07-30 19:57:44,009 - BMW PAGe - INFO - processing Pgen: C:\Component\FAAR_WE_Synergy\_Bmw_5441_Eps_Impl_A\autosar\..\..\SysTime\tools\template\SysTimeClassic_Cfg.h.pgen
2018-07-30 19:57:44,010 - BMW PAGe - INFO - Open file C:\Component\FAAR_WE_Synergy\SysTime\tools\template\SysTimeClassic_Cfg.h.pgen
2018-07-30 19:57:44,022 - BMW PAGe - INFO - Processing Pgen took: 0.013 s
2018-07-30 19:57:44,023 - BMW PAGe - INFO - File does not exist
2018-07-30 19:57:44,023 - BMW PAGe - INFO - Write C:\Component\FAAR_WE_Synergy\_Bmw_5441_Eps_Impl_A\generate\SysTimeClassic_Cfg.h
2018-07-30 19:57:44,027 - BMW PAGe - INFO - processing Pgen: C:\Component\FAAR_WE_Synergy\_Bmw_5441_Eps_Impl_A\autosar\..\..\SysTime\tools\template\SysTimeClassic_Version.h.pgen
2018-07-30 19:57:44,027 - BMW PAGe - INFO - Open file C:\Component\FAAR_WE_Synergy\SysTime\tools\template\SysTimeClassic_Version.h.pgen
2018-07-30 19:57:44,036 - BMW PAGe - INFO - Processing Pgen took: 0.009 s
2018-07-30 19:57:44,036 - BMW PAGe - INFO - File does not exist
2018-07-30 19:57:44,036 - BMW PAGe - INFO - Write C:\Component\FAAR_WE_Synergy\_Bmw_5441_Eps_Impl_A\generate\SysTimeClassic_Version.h
2018-07-30 19:57:44,039 - BMW PAGe - INFO - processing Pgen: C:\Component\FAAR_WE_Synergy\_Bmw_5441_Eps_Impl_A\autosar\..\..\SysTime\tools\template\SysTime_Cfg.h.pgen
2018-07-30 19:57:44,040 - BMW PAGe - INFO - Open file C:\Component\FAAR_WE_Synergy\SysTime\tools\template\SysTime_Cfg.h.pgen
2018-07-30 19:57:44,050 - BMW PAGe - INFO - Processing Pgen took: 0.011 s
2018-07-30 19:57:44,051 - BMW PAGe - INFO - File does not exist
2018-07-30 19:57:44,051 - BMW PAGe - INFO - Write C:\Component\FAAR_WE_Synergy\_Bmw_5441_Eps_Impl_A\generate\SysTime_Cfg.h
2018-07-30 19:57:44,054 - BMW PAGe - INFO - processing Pgen: C:\Component\FAAR_WE_Synergy\_Bmw_5441_Eps_Impl_A\autosar\..\..\SysTime\tools\template\SysTime_ext_interfaces.arxml.pgen
2018-07-30 19:57:44,054 - BMW PAGe - INFO - Open file C:\Component\FAAR_WE_Synergy\SysTime\tools\template\SysTime_ext_interfaces.arxml.pgen
2018-07-30 19:57:44,064 - BMW PAGe - INFO - Processing Pgen took: 0.01 s
2018-07-30 19:57:44,065 - BMW PAGe - INFO - Database entry did not match
2018-07-30 19:57:44,065 - BMW PAGe - INFO - Write C:\Component\FAAR_WE_Synergy\_Bmw_5441_Eps_Impl_A\generate\SysTime_ext_interfaces.arxml
2018-07-30 19:57:44,066 - BMW PAGe - INFO - processing Pgen: C:\Component\FAAR_WE_Synergy\_Bmw_5441_Eps_Impl_A\autosar\..\..\SysTime\tools\template\SysTime_interfaces.arxml.pgen
2018-07-30 19:57:44,066 - BMW PAGe - INFO - Open file C:\Component\FAAR_WE_Synergy\SysTime\tools\template\SysTime_interfaces.arxml.pgen
2018-07-30 19:57:44,078 - BMW PAGe - INFO - Processing Pgen took: 0.011 s
2018-07-30 19:57:44,078 - BMW PAGe - INFO - Database entry did not match
2018-07-30 19:57:44,078 - BMW PAGe - INFO - Write C:\Component\FAAR_WE_Synergy\_Bmw_5441_Eps_Impl_A\generate\SysTime_interfaces.arxml
2018-07-30 19:57:44,079 - BMW PAGe - INFO - processing Pgen: C:\Component\FAAR_WE_Synergy\_Bmw_5441_Eps_Impl_A\autosar\..\..\SysTime\tools\template\SysTime_internal.arxml.pgen
2018-07-30 19:57:44,080 - BMW PAGe - INFO - Open file C:\Component\FAAR_WE_Synergy\SysTime\tools\template\SysTime_internal.arxml.pgen
2018-07-30 19:57:44,102 - BMW PAGe - INFO - Processing Pgen took: 0.023 s
2018-07-30 19:57:44,103 - BMW PAGe - INFO - Database entry did not match
2018-07-30 19:57:44,103 - BMW PAGe - INFO - Write C:\Component\FAAR_WE_Synergy\_Bmw_5441_Eps_Impl_A\generate\SysTime_internal.arxml
2018-07-30 19:57:44,104 - BMW PAGe - INFO - processing Pgen: C:\Component\FAAR_WE_Synergy\_Bmw_5441_Eps_Impl_A\autosar\..\..\SysTime\tools\template\SysTime_Version.h.pgen
2018-07-30 19:57:44,105 - BMW PAGe - INFO - Open file C:\Component\FAAR_WE_Synergy\SysTime\tools\template\SysTime_Version.h.pgen
2018-07-30 19:57:44,113 - BMW PAGe - INFO - Processing Pgen took: 0.009 s
2018-07-30 19:57:44,113 - BMW PAGe - INFO - File does not exist
2018-07-30 19:57:44,113 - BMW PAGe - INFO - Write C:\Component\FAAR_WE_Synergy\_Bmw_5441_Eps_Impl_A\generate\SysTime_Version.h
