AUTOSAR XML Text Transformation v2.0.2.0
    Output folder: C:\Component\FAAR_WE_Synergy\_Bmw_5441_Eps_Impl_A\generate
    Descr. file:   C:\Users\tzyksv\AppData\Local\Temp\DaVinci\Cfg-3240631\Generation\Cfg_Gen-1532993252944-0\AutosarFiles_ValGen-1532994905284-0\TunSelnMngt_ECUC_8173684840171628150.arxml
    Include file:  C:\Component\FAAR_WE_Synergy\ES400A_TunSelnMngt_Impl\tools\template\..\..\..\TL105A_Artt\tools\include\Helper.tt
    Include file:  C:\Component\FAAR_WE_Synergy\ES400A_TunSelnMngt_Impl\tools\template\TunSelnMngt.tti
    Template:      C:\Component\FAAR_WE_Synergy\ES400A_TunSelnMngt_Impl\tools\template\TunSelnMngt_Cfg_private.c.tt
    Namespace:     http://autosar.org/schema/r4.0
    Prefix:        ar
Checking calibration component settings for CalRegn01Cmn
CalRegn01Cmn is defined to be used for integration

Checking calibration component settings for CalRegn01CmnGroupA
CalRegn01CmnGroupA is defined to be used for integration

Checking calibration component settings for CalRegn01CmnGroupD
CalRegn01CmnGroupD is defined to be used for integration

Checking calibration component settings for CalRegn01CmnGroupC
CalRegn01CmnGroupC is defined to be used for integration

Checking calibration component settings for CalRegn01CmnGroupB
CalRegn01CmnGroupB is defined to be used for integration

Checking calibration component settings for CalRegn01Inin00
CalRegn01Inin00 is defined to be used for integration

Checking calibration component settings for CalRegn01Inin01
Calibration Component CalRegn01Inin01 is a reference of CalRegn01Inin00

Checking calibration component settings for CalRegn01Inin02
Calibration Component CalRegn01Inin02 is a reference of CalRegn01Inin00

Checking calibration component settings for CalRegn01Inin03
Calibration Component CalRegn01Inin03 is a reference of CalRegn01Inin00

Checking calibration component settings for CalRegn01Inin04
Calibration Component CalRegn01Inin04 is a reference of CalRegn01Inin00

Checking calibration component settings for CalRegn01Inin05
Calibration Component CalRegn01Inin05 is a reference of CalRegn01Inin00

Checking calibration component settings for CalRegn01Inin06
Calibration Component CalRegn01Inin06 is a reference of CalRegn01Inin00

Checking calibration component settings for CalRegn01Inin00GroupA
CalRegn01Inin00GroupA is defined to be used for integration

Checking calibration component settings for CalRegn01Inin01GroupA
Calibration Component CalRegn01Inin01GroupA is a reference of CalRegn01Inin00GroupA

Checking calibration component settings for CalRegn01Inin02GroupA
Calibration Component CalRegn01Inin02GroupA is a reference of CalRegn01Inin00GroupA

Checking calibration component settings for CalRegn01Inin03GroupA
Calibration Component CalRegn01Inin03GroupA is a reference of CalRegn01Inin00GroupA

Checking calibration component settings for CalRegn01Inin04GroupA
Calibration Component CalRegn01Inin04GroupA is a reference of CalRegn01Inin00GroupA

Checking calibration component settings for CalRegn01Inin05GroupA
Calibration Component CalRegn01Inin05GroupA is a reference of CalRegn01Inin00GroupA

Checking calibration component settings for CalRegn01Inin06GroupA
Calibration Component CalRegn01Inin06GroupA is a reference of CalRegn01Inin00GroupA

Checking calibration component settings for CalRegn01Inin00GroupD
CalRegn01Inin00GroupD is defined to be used for integration

Checking calibration component settings for CalRegn01Inin01GroupD
Calibration Component CalRegn01Inin01GroupD is a reference of CalRegn01Inin00GroupD

Checking calibration component settings for CalRegn01Inin02GroupD
Calibration Component CalRegn01Inin02GroupD is a reference of CalRegn01Inin00GroupD

Checking calibration component settings for CalRegn01Inin03GroupD
Calibration Component CalRegn01Inin03GroupD is a reference of CalRegn01Inin00GroupD

Checking calibration component settings for CalRegn01Inin04GroupD
Calibration Component CalRegn01Inin04GroupD is a reference of CalRegn01Inin00GroupD

Checking calibration component settings for CalRegn01Inin05GroupD
Calibration Component CalRegn01Inin05GroupD is a reference of CalRegn01Inin00GroupD

Checking calibration component settings for CalRegn01Inin06GroupD
Calibration Component CalRegn01Inin06GroupD is a reference of CalRegn01Inin00GroupD

Checking calibration component settings for CalRegn01Inin00GroupC
CalRegn01Inin00GroupC is defined to be used for integration

Checking calibration component settings for CalRegn01Inin01GroupC
Calibration Component CalRegn01Inin01GroupC is a reference of CalRegn01Inin00GroupC

Checking calibration component settings for CalRegn01Inin02GroupC
Calibration Component CalRegn01Inin02GroupC is a reference of CalRegn01Inin00GroupC

Checking calibration component settings for CalRegn01Inin03GroupC
Calibration Component CalRegn01Inin03GroupC is a reference of CalRegn01Inin00GroupC

Checking calibration component settings for CalRegn01Inin04GroupC
Calibration Component CalRegn01Inin04GroupC is a reference of CalRegn01Inin00GroupC

Checking calibration component settings for CalRegn01Inin05GroupC
Calibration Component CalRegn01Inin05GroupC is a reference of CalRegn01Inin00GroupC

Checking calibration component settings for CalRegn01Inin06GroupC
Calibration Component CalRegn01Inin06GroupC is a reference of CalRegn01Inin00GroupC

Checking calibration component settings for CalRegn01IninOptSetA00
CalRegn01IninOptSetA00 is defined to be used for integration

Checking calibration component settings for CalRegn01IninOptSetA01
Calibration Component CalRegn01IninOptSetA01 is a reference of CalRegn01IninOptSetA00

Checking calibration component settings for CalRegn01IninOptSetA02
Calibration Component CalRegn01IninOptSetA02 is a reference of CalRegn01IninOptSetA00

Checking calibration component settings for CalRegn01IninOptSetA03
Calibration Component CalRegn01IninOptSetA03 is a reference of CalRegn01IninOptSetA00

Checking calibration component settings for CalRegn02Rt00
CalRegn02Rt00 is defined to be used for integration

Checking calibration component settings for CalRegn02Rt01
Calibration Component CalRegn02Rt01 is a reference of CalRegn02Rt00

Checking calibration component settings for CalRegn02Rt02
Calibration Component CalRegn02Rt02 is a reference of CalRegn02Rt00

Checking calibration component settings for CalRegn02Rt03
Calibration Component CalRegn02Rt03 is a reference of CalRegn02Rt00

Checking calibration component settings for CalRegn02Rt00GroupA
CalRegn02Rt00GroupA is defined to be used for integration

Checking calibration component settings for CalRegn02Rt01GroupA
Calibration Component CalRegn02Rt01GroupA is a reference of CalRegn02Rt00GroupA

Checking calibration component settings for CalRegn02Rt02GroupA
Calibration Component CalRegn02Rt02GroupA is a reference of CalRegn02Rt00GroupA

Checking calibration component settings for CalRegn02Rt03GroupA
Calibration Component CalRegn02Rt03GroupA is a reference of CalRegn02Rt00GroupA

Checking calibration component settings for CalRegn02Rt00GroupD
CalRegn02Rt00GroupD is defined to be used for integration

Checking calibration component settings for CalRegn02Rt01GroupD
Calibration Component CalRegn02Rt01GroupD is a reference of CalRegn02Rt00GroupD

Checking calibration component settings for CalRegn02Rt02GroupD
Calibration Component CalRegn02Rt02GroupD is a reference of CalRegn02Rt00GroupD

Checking calibration component settings for CalRegn02Rt03GroupD
Calibration Component CalRegn02Rt03GroupD is a reference of CalRegn02Rt00GroupD

Checking calibration component settings for CalRegn02Rt00GroupC
CalRegn02Rt00GroupC is defined to be used for integration

Checking calibration component settings for CalRegn02Rt01GroupC
Calibration Component CalRegn02Rt01GroupC is a reference of CalRegn02Rt00GroupC

Checking calibration component settings for CalRegn02Rt02GroupC
Calibration Component CalRegn02Rt02GroupC is a reference of CalRegn02Rt00GroupC

Checking calibration component settings for CalRegn02Rt03GroupC
Calibration Component CalRegn02Rt03GroupC is a reference of CalRegn02Rt00GroupC

Generating table for: ININCALCFGTBL_REC
Adding CalRegn01Inin00 to table ININCALCFGTBL_REC
Adding CalRegn01Inin00GroupA to table ININCALCFGTBL_REC
Adding CalRegn01Inin00GroupD to table ININCALCFGTBL_REC
Adding CalRegn01Inin00GroupC to table ININCALCFGTBL_REC
Adding CalRegn01Inin01 to table ININCALCFGTBL_REC
Adding CalRegn01Inin01GroupA to table ININCALCFGTBL_REC
Adding CalRegn01Inin01GroupD to table ININCALCFGTBL_REC
Adding CalRegn01Inin01GroupC to table ININCALCFGTBL_REC
Adding CalRegn01Inin02 to table ININCALCFGTBL_REC
Adding CalRegn01Inin02GroupA to table ININCALCFGTBL_REC
Adding CalRegn01Inin02GroupD to table ININCALCFGTBL_REC
Adding CalRegn01Inin02GroupC to table ININCALCFGTBL_REC
Adding CalRegn01Inin03 to table ININCALCFGTBL_REC
Adding CalRegn01Inin03GroupA to table ININCALCFGTBL_REC
Adding CalRegn01Inin03GroupD to table ININCALCFGTBL_REC
Adding CalRegn01Inin03GroupC to table ININCALCFGTBL_REC
Adding CalRegn01Inin04 to table ININCALCFGTBL_REC
Adding CalRegn01Inin04GroupA to table ININCALCFGTBL_REC
Adding CalRegn01Inin04GroupD to table ININCALCFGTBL_REC
Adding CalRegn01Inin04GroupC to table ININCALCFGTBL_REC
Adding CalRegn01Inin05 to table ININCALCFGTBL_REC
Adding CalRegn01Inin05GroupA to table ININCALCFGTBL_REC
Adding CalRegn01Inin05GroupD to table ININCALCFGTBL_REC
Adding CalRegn01Inin05GroupC to table ININCALCFGTBL_REC
Adding CalRegn01Inin06 to table ININCALCFGTBL_REC
Adding CalRegn01Inin06GroupA to table ININCALCFGTBL_REC
Adding CalRegn01Inin06GroupD to table ININCALCFGTBL_REC
Adding CalRegn01Inin06GroupC to table ININCALCFGTBL_REC

Generating table for: ININOPTSETACALCFGTBL_REC
Adding CalRegn01IninOptSetA00 to table ININOPTSETACALCFGTBL_REC
Adding CalRegn01IninOptSetA01 to table ININOPTSETACALCFGTBL_REC
Adding CalRegn01IninOptSetA02 to table ININOPTSETACALCFGTBL_REC
Adding CalRegn01IninOptSetA03 to table ININOPTSETACALCFGTBL_REC

Generating table for: RTCALCFGTBL_REC
Adding CalRegn02Rt00 to table RTCALCFGTBL_REC
Adding CalRegn02Rt00GroupA to table RTCALCFGTBL_REC
Adding CalRegn02Rt00GroupD to table RTCALCFGTBL_REC
Adding CalRegn02Rt00GroupC to table RTCALCFGTBL_REC
Adding CalRegn02Rt01 to table RTCALCFGTBL_REC
Adding CalRegn02Rt01GroupA to table RTCALCFGTBL_REC
Adding CalRegn02Rt01GroupD to table RTCALCFGTBL_REC
Adding CalRegn02Rt01GroupC to table RTCALCFGTBL_REC
Adding CalRegn02Rt02 to table RTCALCFGTBL_REC
Adding CalRegn02Rt02GroupA to table RTCALCFGTBL_REC
Adding CalRegn02Rt02GroupD to table RTCALCFGTBL_REC
Adding CalRegn02Rt02GroupC to table RTCALCFGTBL_REC
Adding CalRegn02Rt03 to table RTCALCFGTBL_REC
Adding CalRegn02Rt03GroupA to table RTCALCFGTBL_REC
Adding CalRegn02Rt03GroupD to table RTCALCFGTBL_REC
Adding CalRegn02Rt03GroupC to table RTCALCFGTBL_REC

Generating table for: ONLINECALCFGTBL_REC
Adding CalRegn01CmnGroupA to table ONLINECALCFGTBL_REC
Adding CalRegn01Inin00GroupA to table ONLINECALCFGTBL_REC
Adding CalRegn02Rt00GroupA to table ONLINECALCFGTBL_REC
Adding CalRegn01CmnGroupD to table ONLINECALCFGTBL_REC
Adding CalRegn01Inin00GroupD to table ONLINECALCFGTBL_REC
Adding CalRegn02Rt00GroupD to table ONLINECALCFGTBL_REC
Adding CalRegn01CmnGroupC to table ONLINECALCFGTBL_REC
Adding CalRegn01Inin00GroupC to table ONLINECALCFGTBL_REC
Adding CalRegn02Rt00GroupC to table ONLINECALCFGTBL_REC
Adding CalRegn01CmnGroupB to table ONLINECALCFGTBL_REC

    File:          C:/Component/FAAR_WE_Synergy/_Bmw_5441_Eps_Impl_A/generate\TunSelnMngt_Cfg_private.c. written.
    Duration:      00:00:01.7160110.
