###########################################################################
# AUTOSAR Renesas R3.2 and R4.0 PORT Driver Generation Tool for X1x - 1.3.15                     
# Run time      = [30 Jul 2018 - 19:58:54]
#  Command line arguments = RUCG.exe Port_X1x.dll -L -O
#    C:\Component\FAAR_WE_Synergy\_Bmw_5441_Eps_Impl_A\generate\Port
#    C:\Users\tzyksv\AppData\Local\Temp\DaVinci\Cfg-3240631\Generation\Cfg_Gen-1532993252944-0\AutosarFiles_ValGen-1532994905284-0\Port_ECUC_1959981837513444350.arxml
#    R403_PORT_P1x_BSWMDT.arxml P1M.trxml Port_X1x.cfgxml
#
# Copyright(c) 2012-2017 Renesas Electronics Corporation.
# All rights reserved
###########################################################################


INF000001: DLL Version: 1.3.15
INF000002: Command line arguments: RUCG.exe Port_X1x.dll -L -O
           C:\Component\FAAR_WE_Synergy\_Bmw_5441_Eps_Impl_A\generate\Port
           C:\Users\tzyksv\AppData\Local\Temp\DaVinci\Cfg-3240631\Generation\Cfg_Gen-1532993252944-0\AutosarFiles_ValGen-1532994905284-0\Port_ECUC_1959981837513444350.arxml
           R403_PORT_P1x_BSWMDT.arxml P1M.trxml Port_X1x.cfgxml
INF000004: Opened file
           <C:\Component\FAAR_WE_Synergy\_Bmw_5441_Eps_Impl_A\generate\Port\include\Port_Cfg.h>
           at [30 Jul 2018 - 19:59:15].
INF000004: Opened file
           <C:\Component\FAAR_WE_Synergy\_Bmw_5441_Eps_Impl_A\generate\Port\include\Port_Cbk.h>
           at [30 Jul 2018 - 19:59:15].
INF000004: Opened file
           <C:\Component\FAAR_WE_Synergy\_Bmw_5441_Eps_Impl_A\generate\Port\src\Port_PBcfg.c>
           at [30 Jul 2018 - 19:59:15].
INF000005: <0> Error(s) and <0> Warning(s) detected.
INF000006: Execution completed successfully.
