AUTOSAR XML Text Transformation v2.0.2.0
    Output folder: C:\_EA4SynWrkgCpy\ES311A_GateDrv0Ctrl_Impl\tools\local\generate
    Descr. file:   C:\Users\nz2554\AppData\Local\Temp\DaVinci\Cfg-2632051\Generation\Cfg_Gen-1505142670403-0\AutosarFiles_ValGen-1505142919065-0\GateDrv0Ctrl_ECUC_4984095633489803202.arxml
    Include file:  C:\_EA4SynWrkgCpy\ES311A_GateDrv0Ctrl_Impl\tools\template\..\..\..\TL105A_Artt\tools\include\Helper.tt
    Template:      C:\_EA4SynWrkgCpy\ES311A_GateDrv0Ctrl_Impl\tools\template\GateDrv0Ctrl_Cfg_private.h.tt
    Namespace:     http://autosar.org/schema/r4.0
    Prefix:        ar
    File:          C:/_EA4SynWrkgCpy/ES311A_GateDrv0Ctrl_Impl/tools/local/generate\GateDrv0Ctrl_Cfg_private.h. written.
    Duration:      00:00:03.1044199.
AUTOSAR XML Text Transformation v2.0.2.0
    Output folder: C:\_EA4SynWrkgCpy\ES311A_GateDrv0Ctrl_Impl\tools\local\generate
    Descr. file:   C:\Users\nz2554\AppData\Local\Temp\DaVinci\Cfg-2632051\Generation\Cfg_Gen-1505142670403-0\AutosarFiles_ValGen-1505143409792-0\GateDrv0Ctrl_ECUC_4580069007091918168.arxml
    Include file:  C:\_EA4SynWrkgCpy\ES311A_GateDrv0Ctrl_Impl\tools\template\..\..\..\TL105A_Artt\tools\include\Helper.tt
    Template:      C:\_EA4SynWrkgCpy\ES311A_GateDrv0Ctrl_Impl\tools\template\GateDrv0Ctrl_Cfg_private.h.tt
    Namespace:     http://autosar.org/schema/r4.0
    Prefix:        ar
    File:          C:/_EA4SynWrkgCpy/ES311A_GateDrv0Ctrl_Impl/tools/local/generate\GateDrv0Ctrl_Cfg_private.h. written.
    Duration:      00:00:02.0280130.
AUTOSAR XML Text Transformation v2.0.2.0
    Output folder: C:\_EA4SynWrkgCpy\ES311A_GateDrv0Ctrl_Impl\tools\local\generate
    Descr. file:   C:\Users\nz2554\AppData\Local\Temp\DaVinci\Cfg-2632051\Generation\Cfg_Gen-1505142670403-0\AutosarFiles_ValGen-1505143604429-0\GateDrv0Ctrl_ECUC_2553699530779750054.arxml
    Include file:  C:\_EA4SynWrkgCpy\ES311A_GateDrv0Ctrl_Impl\tools\template\..\..\..\TL105A_Artt\tools\include\Helper.tt
    Template:      C:\_EA4SynWrkgCpy\ES311A_GateDrv0Ctrl_Impl\tools\template\GateDrv0Ctrl_Cfg_private.h.tt
    Namespace:     http://autosar.org/schema/r4.0
    Prefix:        ar
    File:          C:/_EA4SynWrkgCpy/ES311A_GateDrv0Ctrl_Impl/tools/local/generate\GateDrv0Ctrl_Cfg_private.h. written.
    Duration:      00:00:02.3400150.
AUTOSAR XML Text Transformation v2.0.2.0
    Output folder: C:\_EA4SynWrkgCpy\ES311A_GateDrv0Ctrl_Impl\tools\local\generate
    Descr. file:   C:\Users\nz2554\AppData\Local\Temp\DaVinci\Cfg-2632051\Generation\Cfg_Gen-1505142670403-0\AutosarFiles_ValGen-1505143621753-0\GateDrv0Ctrl_ECUC_3003192258529890228.arxml
    Include file:  C:\_EA4SynWrkgCpy\ES311A_GateDrv0Ctrl_Impl\tools\template\..\..\..\TL105A_Artt\tools\include\Helper.tt
    Template:      C:\_EA4SynWrkgCpy\ES311A_GateDrv0Ctrl_Impl\tools\template\GateDrv0Ctrl_Cfg_private.h.tt
    Namespace:     http://autosar.org/schema/r4.0
    Prefix:        ar
    File:          C:/_EA4SynWrkgCpy/ES311A_GateDrv0Ctrl_Impl/tools/local/generate\GateDrv0Ctrl_Cfg_private.h. written.
    Duration:      00:00:02.7144174.
AUTOSAR XML Text Transformation v2.0.2.0
    Output folder: C:\_EA4SynWrkgCpy\ES311A_GateDrv0Ctrl_Impl\tools\local\generate
    Descr. file:   C:\Users\nz2554\AppData\Local\Temp\DaVinci\Cfg-2632051\Generation\Cfg_Gen-1505142670403-0\AutosarFiles_ValGen-1505143678926-0\GateDrv0Ctrl_ECUC_9112078688599351161.arxml
    Include file:  C:\_EA4SynWrkgCpy\ES311A_GateDrv0Ctrl_Impl\tools\template\..\..\..\TL105A_Artt\tools\include\Helper.tt
    Template:      C:\_EA4SynWrkgCpy\ES311A_GateDrv0Ctrl_Impl\tools\template\GateDrv0Ctrl_Cfg_private.h.tt
    Namespace:     http://autosar.org/schema/r4.0
    Prefix:        ar
The transformation produced the following errors and warnings:
C:/_EA4SynWrkgCpy/ES311A_GateDrv0Ctrl_Impl/tools/template/GateDrv0Ctrl_Cfg_private.h.tt(0,0) : error : Running transformation: Microsoft.VisualStudio.TextTemplating.DirectiveProcessorException: XPATH expression without result node: .//ar:DEFINITION-REF[substring(text(), string-length() - 40) = "GateDrv0CtrlGenCfg/GateDrv0FetFltMtgtnEna"]/../ar:VALUE
   at AutosarDirectiveProcessor.ArGtcBase.ValueOf(String xpathExpression)
   at Microsoft.VisualStudio.TextTemplatingC4FDADBBF4F06FE71887473DF2BDA6CC.GeneratedTextTransformation.TransformText() in c:\_EA4SynWrkgCpy\ES311A_GateDrv0Ctrl_Impl\tools\template\GateDrv0Ctrl_Cfg_private.h.tt:line 29
    File:          C:/_EA4SynWrkgCpy/ES311A_GateDrv0Ctrl_Impl/tools/local/generate\GateDrv0Ctrl_Cfg_private.h. written with errors.
    Duration:      00:00:02.0748133.
AUTOSAR XML Text Transformation v2.0.2.0
    Output folder: C:\_EA4SynWrkgCpy\ES311A_GateDrv0Ctrl_Impl\tools\local\generate
    Descr. file:   C:\Users\nz2554\AppData\Local\Temp\DaVinci\Cfg-2632051\Generation\Cfg_Gen-1505143742480-0\AutosarFiles_ValGen-1505143756197-0\GateDrv0Ctrl_ECUC_4962775662354414898.arxml
    Include file:  C:\_EA4SynWrkgCpy\ES311A_GateDrv0Ctrl_Impl\tools\template\..\..\..\TL105A_Artt\tools\include\Helper.tt
    Template:      C:\_EA4SynWrkgCpy\ES311A_GateDrv0Ctrl_Impl\tools\template\GateDrv0Ctrl_Cfg_private.h.tt
    Namespace:     http://autosar.org/schema/r4.0
    Prefix:        ar
    File:          C:/_EA4SynWrkgCpy/ES311A_GateDrv0Ctrl_Impl/tools/local/generate\GateDrv0Ctrl_Cfg_private.h. written.
    Duration:      00:00:02.8860185.
AUTOSAR XML Text Transformation v2.0.2.0
    Output folder: C:\_EA4SynWrkgCpy\ES311A_GateDrv0Ctrl_Impl\tools\local\generate
    Descr. file:   C:\Users\nz2554\AppData\Local\Temp\DaVinci\Cfg-8227754\Generation\Cfg_Gen-1505238239452-0\AutosarFiles_ValGen-1505238247566-0\GateDrv0Ctrl_ECUC_8650115265587350498.arxml
    Include file:  C:\_EA4SynWrkgCpy\ES311A_GateDrv0Ctrl_Impl\tools\template\..\..\..\TL105A_Artt\tools\include\Helper.tt
    Template:      C:\_EA4SynWrkgCpy\ES311A_GateDrv0Ctrl_Impl\tools\template\GateDrv0Ctrl_Cfg_private.h.tt
    Namespace:     http://autosar.org/schema/r4.0
    Prefix:        ar
    File:          C:/_EA4SynWrkgCpy/ES311A_GateDrv0Ctrl_Impl/tools/local/generate\GateDrv0Ctrl_Cfg_private.h. written.
    Duration:      00:00:02.9640190.
AUTOSAR XML Text Transformation v2.0.2.0
    Output folder: C:\_EA4SynWrkgCpy\ES311A_GateDrv0Ctrl_Impl\tools\local\generate
    Descr. file:   C:\Users\nz2554\AppData\Local\Temp\DaVinci\Cfg-8768675\Generation\Cfg_Gen-1505238776975-0\AutosarFiles_ValGen-1505238785515-0\GateDrv0Ctrl_ECUC_5572454379126013297.arxml
    Include file:  C:\_EA4SynWrkgCpy\ES311A_GateDrv0Ctrl_Impl\tools\template\..\..\..\TL105A_Artt\tools\include\Helper.tt
    Template:      C:\_EA4SynWrkgCpy\ES311A_GateDrv0Ctrl_Impl\tools\template\GateDrv0Ctrl_Cfg_private.h.tt
    Namespace:     http://autosar.org/schema/r4.0
    Prefix:        ar
    File:          C:/_EA4SynWrkgCpy/ES311A_GateDrv0Ctrl_Impl/tools/local/generate\GateDrv0Ctrl_Cfg_private.h. written.
    Duration:      00:00:01.9500125.
AUTOSAR XML Text Transformation v2.0.2.0
    Output folder: C:\_EA4SynWrkgCpy\ES311A_GateDrv0Ctrl_Impl\tools\local\generate
    Descr. file:   C:\Users\nz2554\AppData\Local\Temp\DaVinci\Cfg-0294266\Generation\Cfg_Gen-1505270316979-0\AutosarFiles_ValGen-1505270336201-0\GateDrv0Ctrl_ECUC_2556370758482428998.arxml
    Include file:  C:\_EA4SynWrkgCpy\ES311A_GateDrv0Ctrl_Impl\tools\template\..\..\..\TL105A_Artt\tools\include\Helper.tt
    Template:      C:\_EA4SynWrkgCpy\ES311A_GateDrv0Ctrl_Impl\tools\template\GateDrv0Ctrl_Cfg_private.h.tt
    Namespace:     http://autosar.org/schema/r4.0
    Prefix:        ar
    File:          C:/_EA4SynWrkgCpy/ES311A_GateDrv0Ctrl_Impl/tools/local/generate\GateDrv0Ctrl_Cfg_private.h. written.
    Duration:      00:00:03.0888198.
AUTOSAR XML Text Transformation v2.0.2.0
    Output folder: C:\_EA4SynWrkgCpy\ES311A_GateDrv0Ctrl_Impl\tools\local\generate
    Descr. file:   C:\Users\nz2554\AppData\Local\Temp\DaVinci\Cfg-3798839\Generation\Cfg_Gen-1505403807982-0\AutosarFiles_ValGen-1505403857973-0\GateDrv0Ctrl_ECUC_6356540337158082335.arxml
    Include file:  C:\_EA4SynWrkgCpy\ES311A_GateDrv0Ctrl_Impl\tools\template\..\..\..\TL105A_Artt\tools\include\Helper.tt
    Template:      C:\_EA4SynWrkgCpy\ES311A_GateDrv0Ctrl_Impl\tools\template\GateDrv0Ctrl_Cfg_private.h.tt
    Namespace:     http://autosar.org/schema/r4.0
    Prefix:        ar
    File:          C:/_EA4SynWrkgCpy/ES311A_GateDrv0Ctrl_Impl/tools/local/generate\GateDrv0Ctrl_Cfg_private.h. written.
    Duration:      00:00:03.2760210.
AUTOSAR XML Text Transformation v2.1.2.0
    Output folder: C:\Users\nz3541\Documents\SynergyWorkingEA4\ES311A_GateDrv0Ctrl_Impl\tools\local\generate
    Descr. file:   C:\Users\nz3541\AppData\Local\Temp\DaVinci\Cfg-5843008\Generation\Cfg_Gen-1515685848693-0\AutosarFiles_ValGen-1515685855165-0\GateDrv0Ctrl_ECUC_3758221944578747254.arxml
    Include file:  C:\Users\nz3541\Documents\SynergyWorkingEA4\ES311A_GateDrv0Ctrl_Impl\tools\template\..\..\..\TL105A_Artt\tools\include\Helper.tt
    Template:      C:\Users\nz3541\Documents\SynergyWorkingEA4\ES311A_GateDrv0Ctrl_Impl\tools\template\GateDrv0Ctrl_Cfg_private.h.tt
    Namespace:     http://autosar.org/schema/r4.0
    Prefix:        ar
    File:          C:/Users/nz3541/Documents/SynergyWorkingEA4/ES311A_GateDrv0Ctrl_Impl/tools/local/generate\GateDrv0Ctrl_Cfg_private.h. written.
    Duration:      00:00:00.8268053.
AUTOSAR XML Text Transformation v2.1.2.0
    Output folder: C:\_EA4SynWrkgCpy\ES311A_GateDrv0Ctrl_Impl\tools\local\generate
    Descr. file:   C:\Users\nz2554\AppData\Local\Temp\DaVinci\Cfg-4787908\Generation\Cfg_Gen-1519744831392-0\AutosarFiles_ValGen-1519744855060-0\GateDrv0Ctrl_ECUC_5791846267784658660.arxml
    Include file:  C:\_EA4SynWrkgCpy\ES311A_GateDrv0Ctrl_Impl\tools\template\..\..\..\TL105A_Artt\tools\include\Helper.tt
    Template:      C:\_EA4SynWrkgCpy\ES311A_GateDrv0Ctrl_Impl\tools\template\GateDrv0Ctrl_Cfg_private.h.tt
    Namespace:     http://autosar.org/schema/r4.0
    Prefix:        ar
    File:          C:/_EA4SynWrkgCpy/ES311A_GateDrv0Ctrl_Impl/tools/local/generate\GateDrv0Ctrl_Cfg_private.h. written.
    Duration:      00:00:01.9500125.
