AUTOSAR XML Text Transformation v2.1.2.0
    Output folder: C:\_S\work\ses_dev_ea4\CF071A_BmwHwAgArbnAndEotPosn_Impl-z172399\CF071A_BmwHwAgArbnAndEotPosn_Impl\tools\local\generate
    Descr. file:   C:\Users\Z172399\AppData\Local\Temp\DaVinci\Cfg-9235881\Generation\Cfg_Gen-1530269240132-0\AutosarFiles_ValGen-1530269246376-0\BmwHwAgArbnAndEotPosn_ECUC_1839710176415819983.arxml
    Include file:  C:\_S\work\ses_dev_ea4\CF071A_BmwHwAgArbnAndEotPosn_Impl-z172399\CF071A_BmwHwAgArbnAndEotPosn_Impl\tools\template\..\..\..\TL105A_Artt\tools\include\Helper.tt
    Template:      C:\_S\work\ses_dev_ea4\CF071A_BmwHwAgArbnAndEotPosn_Impl-z172399\CF071A_BmwHwAgArbnAndEotPosn_Impl\tools\template\BmwHwAgArbnAndEotPosn_Cfg.h.tt
    Namespace:     http://autosar.org/schema/r4.0
    Prefix:        ar
    File:          C:/_S/work/ses_dev_ea4/CF071A_BmwHwAgArbnAndEotPosn_Impl-z172399/CF071A_BmwHwAgArbnAndEotPosn_Impl/tools/local/generate\BmwHwAgArbnAndEotPosn_Cfg.h. written.
    Duration:      00:00:00.8112052.
AUTOSAR XML Text Transformation v2.1.2.0
    Output folder: C:\Users\nz3541\Documents\SynergyWorkingEA4\CF071A_BmwHwAgArbnAndEotPosn_Impl\tools\local\generate
    Descr. file:   C:\Users\nz3541\AppData\Local\Temp\DaVinci\Cfg-2838228\Generation\Cfg_Gen-1530892843328-0\AutosarFiles_ValGen-1530892849992-0\BmwHwAgArbnAndEotPosn_ECUC_2776947921767450997.arxml
    Include file:  C:\Users\nz3541\Documents\SynergyWorkingEA4\CF071A_BmwHwAgArbnAndEotPosn_Impl\tools\template\..\..\..\TL105A_Artt\tools\include\Helper.tt
    Template:      C:\Users\nz3541\Documents\SynergyWorkingEA4\CF071A_BmwHwAgArbnAndEotPosn_Impl\tools\template\BmwHwAgArbnAndEotPosn_Cfg.h.tt
    Namespace:     http://autosar.org/schema/r4.0
    Prefix:        ar
    File:          C:/Users/nz3541/Documents/SynergyWorkingEA4/CF071A_BmwHwAgArbnAndEotPosn_Impl/tools/local/generate\BmwHwAgArbnAndEotPosn_Cfg.h. written.
    Duration:      00:00:00.8112052.
AUTOSAR XML Text Transformation v2.1.2.0
    Output folder: C:\Users\nz3541\Documents\SynergyWorkingEA4\CF071A_BmwHwAgArbnAndEotPosn_Impl\tools\local\generate
    Descr. file:   C:\Users\nz3541\AppData\Local\Temp\DaVinci\Cfg-5093948\Generation\Cfg_Gen-1531325099635-0\AutosarFiles_ValGen-1531325107033-0\BmwHwAgArbnAndEotPosn_ECUC_4329801792205642931.arxml
    Include file:  C:\Users\nz3541\Documents\SynergyWorkingEA4\CF071A_BmwHwAgArbnAndEotPosn_Impl\tools\template\..\..\..\TL105A_Artt\tools\include\Helper.tt
    Template:      C:\Users\nz3541\Documents\SynergyWorkingEA4\CF071A_BmwHwAgArbnAndEotPosn_Impl\tools\template\BmwHwAgArbnAndEotPosn_Cfg.h.tt
    Namespace:     http://autosar.org/schema/r4.0
    Prefix:        ar
    File:          C:/Users/nz3541/Documents/SynergyWorkingEA4/CF071A_BmwHwAgArbnAndEotPosn_Impl/tools/local/generate\BmwHwAgArbnAndEotPosn_Cfg.h. written.
    Duration:      00:00:00.8736056.
AUTOSAR XML Text Transformation v2.1.2.0
    Output folder: C:\Users\nz3541\Documents\SynergyWorkingEA4\CF071A_BmwHwAgArbnAndEotPosn_Impl\tools\local\generate
    Descr. file:   C:\Users\nz3541\AppData\Local\Temp\DaVinci\Cfg-5463621\Generation\Cfg_Gen-1531405469180-0\AutosarFiles_ValGen-1531405475841-0\BmwHwAgArbnAndEotPosn_ECUC_7652180452570457498.arxml
    Include file:  C:\Users\nz3541\Documents\SynergyWorkingEA4\CF071A_BmwHwAgArbnAndEotPosn_Impl\tools\template\..\..\..\TL105A_Artt\tools\include\Helper.tt
    Template:      C:\Users\nz3541\Documents\SynergyWorkingEA4\CF071A_BmwHwAgArbnAndEotPosn_Impl\tools\template\BmwHwAgArbnAndEotPosn_Cfg.h.tt
    Namespace:     http://autosar.org/schema/r4.0
    Prefix:        ar
    File:          C:/Users/nz3541/Documents/SynergyWorkingEA4/CF071A_BmwHwAgArbnAndEotPosn_Impl/tools/local/generate\BmwHwAgArbnAndEotPosn_Cfg.h. written.
    Duration:      00:00:00.8424054.
AUTOSAR XML Text Transformation v2.1.2.0
    Output folder: C:\Users\nz3541\Documents\SynergyWorkingEA4\CF071A_BmwHwAgArbnAndEotPosn_Impl\tools\local\generate
    Descr. file:   C:\Users\nz3541\AppData\Local\Temp\DaVinci\Cfg-6590840\Generation\Cfg_Gen-1531496596543-0\AutosarFiles_ValGen-1531496603525-0\BmwHwAgArbnAndEotPosn_ECUC_6554381913214976827.arxml
    Include file:  C:\Users\nz3541\Documents\SynergyWorkingEA4\CF071A_BmwHwAgArbnAndEotPosn_Impl\tools\template\..\..\..\TL105A_Artt\tools\include\Helper.tt
    Template:      C:\Users\nz3541\Documents\SynergyWorkingEA4\CF071A_BmwHwAgArbnAndEotPosn_Impl\tools\template\BmwHwAgArbnAndEotPosn_Cfg.h.tt
    Namespace:     http://autosar.org/schema/r4.0
    Prefix:        ar
    File:          C:/Users/nz3541/Documents/SynergyWorkingEA4/CF071A_BmwHwAgArbnAndEotPosn_Impl/tools/local/generate\BmwHwAgArbnAndEotPosn_Cfg.h. written.
    Duration:      00:00:00.8736056.
AUTOSAR XML Text Transformation v2.1.2.0
    Output folder: C:\_S\work\ses_dev_ea4\CF071A_BmwHwAgArbnAndEotPosn_Impl-z172399\CF071A_BmwHwAgArbnAndEotPosn_Impl\tools\local\generate
    Descr. file:   C:\Users\Z172399\AppData\Local\Temp\DaVinci\Cfg-3342122\Generation\Cfg_Gen-1531983346924-0\AutosarFiles_ValGen-1531983353320-0\BmwHwAgArbnAndEotPosn_ECUC_8178131335631869969.arxml
    Include file:  C:\_S\work\ses_dev_ea4\CF071A_BmwHwAgArbnAndEotPosn_Impl-z172399\CF071A_BmwHwAgArbnAndEotPosn_Impl\tools\template\..\..\..\TL105A_Artt\tools\include\Helper.tt
    Template:      C:\_S\work\ses_dev_ea4\CF071A_BmwHwAgArbnAndEotPosn_Impl-z172399\CF071A_BmwHwAgArbnAndEotPosn_Impl\tools\template\BmwHwAgArbnAndEotPosn_Cfg.h.tt
    Namespace:     http://autosar.org/schema/r4.0
    Prefix:        ar
    File:          C:/_S/work/ses_dev_ea4/CF071A_BmwHwAgArbnAndEotPosn_Impl-z172399/CF071A_BmwHwAgArbnAndEotPosn_Impl/tools/local/generate\BmwHwAgArbnAndEotPosn_Cfg.h. written.
    Duration:      00:00:00.8736056.
AUTOSAR XML Text Transformation v2.1.2.0
    Output folder: C:\_S\work\ses_dev_ea4\CF071A_BmwHwAgArbnAndEotPosn_Impl-z172399\CF071A_BmwHwAgArbnAndEotPosn_Impl\tools\local\generate
    Descr. file:   C:\Users\Z172399\AppData\Local\Temp\DaVinci\Cfg-4019856\Generation\Cfg_Gen-1531984023879-0\AutosarFiles_ValGen-1531984029996-0\BmwHwAgArbnAndEotPosn_ECUC_5574448371236684178.arxml
    Include file:  C:\_S\work\ses_dev_ea4\CF071A_BmwHwAgArbnAndEotPosn_Impl-z172399\CF071A_BmwHwAgArbnAndEotPosn_Impl\tools\template\..\..\..\TL105A_Artt\tools\include\Helper.tt
    Template:      C:\_S\work\ses_dev_ea4\CF071A_BmwHwAgArbnAndEotPosn_Impl-z172399\CF071A_BmwHwAgArbnAndEotPosn_Impl\tools\template\BmwHwAgArbnAndEotPosn_Cfg.h.tt
    Namespace:     http://autosar.org/schema/r4.0
    Prefix:        ar
    File:          C:/_S/work/ses_dev_ea4/CF071A_BmwHwAgArbnAndEotPosn_Impl-z172399/CF071A_BmwHwAgArbnAndEotPosn_Impl/tools/local/generate\BmwHwAgArbnAndEotPosn_Cfg.h. written.
    Duration:      00:00:00.8736056.
