###########################################################################
# AUTOSAR Renesas R4.0 DIO Driver Generation Tool for X1x - 1.0.19                     
# Run time      = [30 Jul 2018 - 19:57:47]
#  Command line arguments = RUCG.exe Dio_X1x.dll -L -O
#    C:\Component\FAAR_WE_Synergy\_Bmw_5441_Eps_Impl_A\generate\Dio
#    C:\Users\tzyksv\AppData\Local\Temp\DaVinci\Cfg-3240631\Generation\Cfg_Gen-1532993252944-0\AutosarFiles_ValGen-1532994905284-0\Dio_ECUC_4706985623408333761.arxml
#    R403_DIO_P1x_BSWMDT.arxml P1M.trxml Dio_X1x.cfgxml
#
# Copyright(c) 2012-2017 Renesas Electronics Corporation.
# All rights reserved
###########################################################################


INF000001: DLL Version: 1.0.19
INF000002: Command line arguments: RUCG.exe Dio_X1x.dll -L -O
           C:\Component\FAAR_WE_Synergy\_Bmw_5441_Eps_Impl_A\generate\Dio
           C:\Users\tzyksv\AppData\Local\Temp\DaVinci\Cfg-3240631\Generation\Cfg_Gen-1532993252944-0\AutosarFiles_ValGen-1532994905284-0\Dio_ECUC_4706985623408333761.arxml
           R403_DIO_P1x_BSWMDT.arxml P1M.trxml Dio_X1x.cfgxml
INF000004: Opened file
           <C:\Component\FAAR_WE_Synergy\_Bmw_5441_Eps_Impl_A\generate\Dio\src\Dio_PBcfg.c>
           at [30 Jul 2018 - 19:58:08].
INF000004: Opened file
           <C:\Component\FAAR_WE_Synergy\_Bmw_5441_Eps_Impl_A\generate\Dio\include\Dio_Cfg.h>
           at [30 Jul 2018 - 19:58:08].
INF000004: Opened file
           <C:\Component\FAAR_WE_Synergy\_Bmw_5441_Eps_Impl_A\generate\Dio\include\Dio_Cbk.h>
           at [30 Jul 2018 - 19:58:08].
INF000005: <0> Error(s) and <0> Warning(s) detected.
INF000006: Execution completed successfully.
