###########################################################################
# AUTOSAR Renesas R4.0 FLS Driver Generation Tool for X1x - 1.3.11                     
# Run time      = [30 Jul 2018 - 19:58:09]
#  Command line arguments = RUCG.exe Fls_X1x.dll -L -O
#    C:\Component\FAAR_WE_Synergy\_Bmw_5441_Eps_Impl_A\generate\Fls
#    C:\Users\tzyksv\AppData\Local\Temp\DaVinci\Cfg-3240631\Generation\Cfg_Gen-1532993252944-0\AutosarFiles_ValGen-1532994905284-0\Fls_ECUC_6743099085102707083.arxml
#    R403_FLS_P1x_BSWMDT.arxml P1M.trxml Fls_X1x.cfgxml
#
# Copyright(c) 2012-2017 Renesas Electronics Corporation
# All rights reserved
###########################################################################


INF000001: DLL Version: 1.3.11
INF000002: Command line arguments: RUCG.exe Fls_X1x.dll -L -O
           C:\Component\FAAR_WE_Synergy\_Bmw_5441_Eps_Impl_A\generate\Fls
           C:\Users\tzyksv\AppData\Local\Temp\DaVinci\Cfg-3240631\Generation\Cfg_Gen-1532993252944-0\AutosarFiles_ValGen-1532994905284-0\Fls_ECUC_6743099085102707083.arxml
           R403_FLS_P1x_BSWMDT.arxml P1M.trxml Fls_X1x.cfgxml
INF092001: The parameter 'FlsJobEndNotification' in the container
           'FlsConfigSet'is not configured.
           File Name:
           C:\Users\tzyksv\AppData\Local\Temp\DaVinci\Cfg-3240631\Generation\Cfg_Gen-1532993252944-0\AutosarFiles_ValGen-1532994905284-0\Fls_ECUC_6743099085102707083.arxml
           Path: /ActiveEcuC/Fls/FlsConfigSet
INF092001: The parameter 'FlsJobErrorNotification' in the container
           'FlsConfigSet'is not configured.
           File Name:
           C:\Users\tzyksv\AppData\Local\Temp\DaVinci\Cfg-3240631\Generation\Cfg_Gen-1532993252944-0\AutosarFiles_ValGen-1532994905284-0\Fls_ECUC_6743099085102707083.arxml
           Path: /ActiveEcuC/Fls/FlsConfigSet
INF092001: The parameter 'FlsEccSedNotification' in the container
           'FlsDataFlash'is not configured.
           File Name:
           C:\Users\tzyksv\AppData\Local\Temp\DaVinci\Cfg-3240631\Generation\Cfg_Gen-1532993252944-0\AutosarFiles_ValGen-1532994905284-0\Fls_ECUC_6743099085102707083.arxml
           Path: /ActiveEcuC/Fls/FlsGeneral/FlsDataFlash
INF092001: The parameter 'FlsEccDedNotification' in the container
           'FlsDataFlash'is not configured.
           File Name:
           C:\Users\tzyksv\AppData\Local\Temp\DaVinci\Cfg-3240631\Generation\Cfg_Gen-1532993252944-0\AutosarFiles_ValGen-1532994905284-0\Fls_ECUC_6743099085102707083.arxml
           Path: /ActiveEcuC/Fls/FlsGeneral/FlsDataFlash
INF000004: Opened file
           <C:\Component\FAAR_WE_Synergy\_Bmw_5441_Eps_Impl_A\generate\Fls\include\Fls_Cfg.h>
           at [30 Jul 2018 - 19:58:31].
INF000004: Opened file
           <C:\Component\FAAR_WE_Synergy\_Bmw_5441_Eps_Impl_A\generate\Fls\include\Fls_Cbk.h>
           at [30 Jul 2018 - 19:58:31].
INF000004: Opened file
           <C:\Component\FAAR_WE_Synergy\_Bmw_5441_Eps_Impl_A\generate\Fls\src\Fls_PBcfg.c>
           at [30 Jul 2018 - 19:58:31].
INF000005: <0> Error(s) and <0> Warning(s) detected.
INF000006: Execution completed successfully.
