AUTOSAR XML Text Transformation v2.0.2.0
    Output folder: E:\EA4NewTemplate\CM111A_VrfyCritReg_Impl\tools\local\generate
    Descr. file:   C:\Users\rzk04c\AppData\Local\Temp\DaVinci\Cfg-0469640\Generation\Cfg_Gen-1495630476621-0\AutosarFiles_ValGen-1495630645290-0\VrfyCritReg_ECUC_1825067342646109519.arxml
    Include file:  E:\EA4NewTemplate\CM111A_VrfyCritReg_Impl\tools\template\..\..\..\TL105A_Artt\tools\include\Helper.tt
    Include file:  E:\EA4NewTemplate\CM111A_VrfyCritReg_Impl\tools\template\..\..\..\TL105A_Artt\tools\include\Logger.tt
    Include file:  E:\EA4NewTemplate\CM111A_VrfyCritReg_Impl\tools\template\CDD_VrfyCritReg_helper.tt
    Template:      E:\EA4NewTemplate\CM111A_VrfyCritReg_Impl\tools\template\CDD_VrfyCritReg_Cfg.c.tt
    Namespace:     http://autosar.org/schema/r4.0
    Prefix:        ar
    File:          E:/EA4NewTemplate/CM111A_VrfyCritReg_Impl/tools/local/generate\CDD_VrfyCritReg_Cfg.c. written.
    Duration:      00:00:01.2012077.
AUTOSAR XML Text Transformation v2.0.2.0
    Output folder: E:\EA4NewTemplate\CM111A_VrfyCritReg_Impl\tools\local\generate
    Descr. file:   C:\Users\rzk04c\AppData\Local\Temp\DaVinci\Cfg-2144280\Generation\Cfg_Gen-1495632151260-0\AutosarFiles_ValGen-1495634841111-0\VrfyCritReg_ECUC_535815133986753822.arxml
    Include file:  E:\EA4NewTemplate\CM111A_VrfyCritReg_Impl\tools\template\..\..\..\TL105A_Artt\tools\include\Helper.tt
    Include file:  E:\EA4NewTemplate\CM111A_VrfyCritReg_Impl\tools\template\..\..\..\TL105A_Artt\tools\include\Logger.tt
    Include file:  E:\EA4NewTemplate\CM111A_VrfyCritReg_Impl\tools\template\CDD_VrfyCritReg_helper.tt
    Template:      E:\EA4NewTemplate\CM111A_VrfyCritReg_Impl\tools\template\CDD_VrfyCritReg_Cfg.c.tt
    Namespace:     http://autosar.org/schema/r4.0
    Prefix:        ar
    File:          E:/EA4NewTemplate/CM111A_VrfyCritReg_Impl/tools/local/generate\CDD_VrfyCritReg_Cfg.c. written.
    Duration:      00:00:00.7332047.
AUTOSAR XML Text Transformation v2.0.2.0
    Output folder: E:\EA4NewTemplate\CM111A_VrfyCritReg_Impl\tools\local\generate
    Descr. file:   C:\Users\rzk04c\AppData\Local\Temp\DaVinci\Cfg-4858697\Generation\Cfg_Gen-1495634864183-0\AutosarFiles_ValGen-1495634870176-0\VrfyCritReg_ECUC_4165990156287136153.arxml
    Include file:  E:\EA4NewTemplate\CM111A_VrfyCritReg_Impl\tools\template\..\..\..\TL105A_Artt\tools\include\Helper.tt
    Include file:  E:\EA4NewTemplate\CM111A_VrfyCritReg_Impl\tools\template\..\..\..\TL105A_Artt\tools\include\Logger.tt
    Include file:  E:\EA4NewTemplate\CM111A_VrfyCritReg_Impl\tools\template\CDD_VrfyCritReg_helper.tt
    Template:      E:\EA4NewTemplate\CM111A_VrfyCritReg_Impl\tools\template\CDD_VrfyCritReg_Cfg.c.tt
    Namespace:     http://autosar.org/schema/r4.0
    Prefix:        ar
    File:          E:/EA4NewTemplate/CM111A_VrfyCritReg_Impl/tools/local/generate\CDD_VrfyCritReg_Cfg.c. written.
    Duration:      00:00:00.8268053.
AUTOSAR XML Text Transformation v2.0.2.0
    Output folder: E:\EA4NewTemplate\CM111A_VrfyCritReg_Impl\tools\local\generate
    Descr. file:   C:\Users\rzk04c\AppData\Local\Temp\DaVinci\Cfg-2144280\Generation\Cfg_Gen-1495632151260-0\AutosarFiles_ValGen-1495641914676-0\VrfyCritReg_ECUC_193692039498076942.arxml
    Include file:  E:\EA4NewTemplate\CM111A_VrfyCritReg_Impl\tools\template\..\..\..\TL105A_Artt\tools\include\Helper.tt
    Include file:  E:\EA4NewTemplate\CM111A_VrfyCritReg_Impl\tools\template\..\..\..\TL105A_Artt\tools\include\Logger.tt
    Include file:  E:\EA4NewTemplate\CM111A_VrfyCritReg_Impl\tools\template\CDD_VrfyCritReg_helper.tt
    Template:      E:\EA4NewTemplate\CM111A_VrfyCritReg_Impl\tools\template\CDD_VrfyCritReg_Cfg.c.tt
    Namespace:     http://autosar.org/schema/r4.0
    Prefix:        ar
    File:          E:/EA4NewTemplate/CM111A_VrfyCritReg_Impl/tools/local/generate\CDD_VrfyCritReg_Cfg.c. written.
    Duration:      00:00:00.7800050.
AUTOSAR XML Text Transformation v2.0.2.0
    Output folder: E:\EA4NewTemplate\CM111A_VrfyCritReg_Impl\tools\local\generate
    Descr. file:   C:\Users\rzk04c\AppData\Local\Temp\DaVinci\Cfg-2144280\Generation\Cfg_Gen-1495632151260-0\AutosarFiles_ValGen-1495642327171-0\VrfyCritReg_ECUC_7120184529368980966.arxml
    Include file:  E:\EA4NewTemplate\CM111A_VrfyCritReg_Impl\tools\template\..\..\..\TL105A_Artt\tools\include\Helper.tt
    Include file:  E:\EA4NewTemplate\CM111A_VrfyCritReg_Impl\tools\template\..\..\..\TL105A_Artt\tools\include\Logger.tt
    Include file:  E:\EA4NewTemplate\CM111A_VrfyCritReg_Impl\tools\template\CDD_VrfyCritReg_helper.tt
    Template:      E:\EA4NewTemplate\CM111A_VrfyCritReg_Impl\tools\template\CDD_VrfyCritReg_Cfg.c.tt
    Namespace:     http://autosar.org/schema/r4.0
    Prefix:        ar
    File:          E:/EA4NewTemplate/CM111A_VrfyCritReg_Impl/tools/local/generate\CDD_VrfyCritReg_Cfg.c. written.
    Duration:      00:00:00.7800050.
AUTOSAR XML Text Transformation v2.0.2.0
    Output folder: E:\EA4NewTemplate\CM111A_VrfyCritReg_Impl\tools\local\generate
    Descr. file:   C:\Users\rzk04c\AppData\Local\Temp\DaVinci\Cfg-2144280\Generation\Cfg_Gen-1495632151260-0\AutosarFiles_ValGen-1495642408405-0\VrfyCritReg_ECUC_1609807173316341985.arxml
    Include file:  E:\EA4NewTemplate\CM111A_VrfyCritReg_Impl\tools\template\..\..\..\TL105A_Artt\tools\include\Helper.tt
    Include file:  E:\EA4NewTemplate\CM111A_VrfyCritReg_Impl\tools\template\..\..\..\TL105A_Artt\tools\include\Logger.tt
    Include file:  E:\EA4NewTemplate\CM111A_VrfyCritReg_Impl\tools\template\CDD_VrfyCritReg_helper.tt
    Template:      E:\EA4NewTemplate\CM111A_VrfyCritReg_Impl\tools\template\CDD_VrfyCritReg_Cfg.c.tt
    Namespace:     http://autosar.org/schema/r4.0
    Prefix:        ar
    File:          E:/EA4NewTemplate/CM111A_VrfyCritReg_Impl/tools/local/generate\CDD_VrfyCritReg_Cfg.c. written.
    Duration:      00:00:00.8268053.
AUTOSAR XML Text Transformation v2.0.2.0
    Output folder: E:\EA4NewTemplate\CM111A_VrfyCritReg_Impl\tools\local\generate
    Descr. file:   C:\Users\rzk04c\AppData\Local\Temp\DaVinci\Cfg-2144280\Generation\Cfg_Gen-1495632151260-0\AutosarFiles_ValGen-1495642472538-0\VrfyCritReg_ECUC_6004068280560847035.arxml
    Include file:  E:\EA4NewTemplate\CM111A_VrfyCritReg_Impl\tools\template\..\..\..\TL105A_Artt\tools\include\Helper.tt
    Include file:  E:\EA4NewTemplate\CM111A_VrfyCritReg_Impl\tools\template\..\..\..\TL105A_Artt\tools\include\Logger.tt
    Include file:  E:\EA4NewTemplate\CM111A_VrfyCritReg_Impl\tools\template\CDD_VrfyCritReg_helper.tt
    Template:      E:\EA4NewTemplate\CM111A_VrfyCritReg_Impl\tools\template\CDD_VrfyCritReg_Cfg.c.tt
    Namespace:     http://autosar.org/schema/r4.0
    Prefix:        ar
    File:          E:/EA4NewTemplate/CM111A_VrfyCritReg_Impl/tools/local/generate\CDD_VrfyCritReg_Cfg.c. written.
    Duration:      00:00:00.7488048.
AUTOSAR XML Text Transformation v2.0.2.0
    Output folder: E:\EA4NewTemplate\CM111A_VrfyCritReg_Impl\tools\local\generate
    Descr. file:   C:\Users\rzk04c\AppData\Local\Temp\DaVinci\Cfg-2144280\Generation\Cfg_Gen-1495632151260-0\AutosarFiles_ValGen-1495642827922-0\VrfyCritReg_ECUC_5552427500823281004.arxml
    Include file:  E:\EA4NewTemplate\CM111A_VrfyCritReg_Impl\tools\template\..\..\..\TL105A_Artt\tools\include\Helper.tt
    Include file:  E:\EA4NewTemplate\CM111A_VrfyCritReg_Impl\tools\template\..\..\..\TL105A_Artt\tools\include\Logger.tt
    Include file:  E:\EA4NewTemplate\CM111A_VrfyCritReg_Impl\tools\template\CDD_VrfyCritReg_helper.tt
    Template:      E:\EA4NewTemplate\CM111A_VrfyCritReg_Impl\tools\template\CDD_VrfyCritReg_Cfg.c.tt
    Namespace:     http://autosar.org/schema/r4.0
    Prefix:        ar
    File:          E:/EA4NewTemplate/CM111A_VrfyCritReg_Impl/tools/local/generate\CDD_VrfyCritReg_Cfg.c. written.
    Duration:      00:00:00.8268053.
AUTOSAR XML Text Transformation v2.0.2.0
    Output folder: E:\EA4NewTemplate\CM111A_VrfyCritReg_Impl\tools\local\generate
    Descr. file:   C:\Users\rzk04c\AppData\Local\Temp\DaVinci\Cfg-8802387\Generation\Cfg_Gen-1495648810212-0\AutosarFiles_ValGen-1495648858404-0\VrfyCritReg_ECUC_5405248513411842015.arxml
    Include file:  E:\EA4NewTemplate\CM111A_VrfyCritReg_Impl\tools\template\..\..\..\TL105A_Artt\tools\include\Helper.tt
    Include file:  E:\EA4NewTemplate\CM111A_VrfyCritReg_Impl\tools\template\..\..\..\TL105A_Artt\tools\include\Logger.tt
    Include file:  E:\EA4NewTemplate\CM111A_VrfyCritReg_Impl\tools\template\CDD_VrfyCritReg_helper.tt
    Template:      E:\EA4NewTemplate\CM111A_VrfyCritReg_Impl\tools\template\CDD_VrfyCritReg_Cfg.c.tt
    Namespace:     http://autosar.org/schema/r4.0
    Prefix:        ar
    File:          E:/EA4NewTemplate/CM111A_VrfyCritReg_Impl/tools/local/generate\CDD_VrfyCritReg_Cfg.c. written.
    Duration:      00:00:00.8580055.
AUTOSAR XML Text Transformation v2.0.2.0
    Output folder: E:\EA4NewTemplate\CM111A_VrfyCritReg_Impl\tools\local\generate
    Descr. file:   C:\Users\rzk04c\AppData\Local\Temp\DaVinci\Cfg-6282327\Generation\Cfg_Gen-1495656290726-0\AutosarFiles_ValGen-1495656297477-0\VrfyCritReg_ECUC_5444893991042928996.arxml
    Include file:  E:\EA4NewTemplate\CM111A_VrfyCritReg_Impl\tools\template\..\..\..\TL105A_Artt\tools\include\Helper.tt
    Include file:  E:\EA4NewTemplate\CM111A_VrfyCritReg_Impl\tools\template\..\..\..\TL105A_Artt\tools\include\Logger.tt
    Include file:  E:\EA4NewTemplate\CM111A_VrfyCritReg_Impl\tools\template\CDD_VrfyCritReg_helper.tt
    Template:      E:\EA4NewTemplate\CM111A_VrfyCritReg_Impl\tools\template\CDD_VrfyCritReg_Cfg.c.tt
    Namespace:     http://autosar.org/schema/r4.0
    Prefix:        ar
    File:          E:/EA4NewTemplate/CM111A_VrfyCritReg_Impl/tools/local/generate\CDD_VrfyCritReg_Cfg.c. written.
    Duration:      00:00:00.8112052.
AUTOSAR XML Text Transformation v2.0.2.0
    Output folder: E:\EA4NewTemplate\CM111A_VrfyCritReg_Impl\tools\local\generate
    Descr. file:   C:\Users\rzk04c\AppData\Local\Temp\DaVinci\Cfg-6645876\Generation\Cfg_Gen-1495656651171-0\AutosarFiles_ValGen-1495656657599-0\VrfyCritReg_ECUC_5862282686029226337.arxml
    Include file:  E:\EA4NewTemplate\CM111A_VrfyCritReg_Impl\tools\template\..\..\..\TL105A_Artt\tools\include\Helper.tt
    Include file:  E:\EA4NewTemplate\CM111A_VrfyCritReg_Impl\tools\template\..\..\..\TL105A_Artt\tools\include\Logger.tt
    Include file:  E:\EA4NewTemplate\CM111A_VrfyCritReg_Impl\tools\template\CDD_VrfyCritReg_helper.tt
    Template:      E:\EA4NewTemplate\CM111A_VrfyCritReg_Impl\tools\template\CDD_VrfyCritReg_Cfg.c.tt
    Namespace:     http://autosar.org/schema/r4.0
    Prefix:        ar
    File:          E:/EA4NewTemplate/CM111A_VrfyCritReg_Impl/tools/local/generate\CDD_VrfyCritReg_Cfg.c. written.
    Duration:      00:00:00.7956051.
AUTOSAR XML Text Transformation v2.0.2.0
    Output folder: E:\EA4NewTemplate\CM111A_VrfyCritReg_Impl\tools\local\generate
    Descr. file:   C:\Users\rzk04c\AppData\Local\Temp\DaVinci\Cfg-2362474\Generation\Cfg_Gen-1497382395815-0\AutosarFiles_ValGen-1497382405150-0\VrfyCritReg_ECUC_4325915119234430680.arxml
    Include file:  E:\EA4NewTemplate\CM111A_VrfyCritReg_Impl\tools\template\..\..\..\TL105A_Artt\tools\include\Helper.tt
    Include file:  E:\EA4NewTemplate\CM111A_VrfyCritReg_Impl\tools\template\..\..\..\TL105A_Artt\tools\include\Logger.tt
    Include file:  E:\EA4NewTemplate\CM111A_VrfyCritReg_Impl\tools\template\CDD_VrfyCritReg_helper.tt
    Template:      E:\EA4NewTemplate\CM111A_VrfyCritReg_Impl\tools\template\CDD_VrfyCritReg_Cfg.c.tt
    Namespace:     http://autosar.org/schema/r4.0
    Prefix:        ar
    File:          E:/EA4NewTemplate/CM111A_VrfyCritReg_Impl/tools/local/generate\CDD_VrfyCritReg_Cfg.c. written.
    Duration:      00:00:00.8112052.
