The system cannot find the path specified.
The system cannot find the path specified.
The system cannot find the path specified.
AUTOSAR XML Text Transformation v2.1.2.0
    Output folder: C:\Users\nz3541\Documents\SynergyWorkingEA4\CM320A_Adc1CfgAndUse_Impl\tools\local\generate
    Descr. file:   C:\Users\nz3541\AppData\Local\Temp\DaVinci\Cfg-7220561\Generation\Cfg_Gen-1510857225000-0\AutosarFiles_ValGen-1510857230805-0\Adc1CfgAndUse_ECUC_4041945765500326230.arxml
    Include file:  C:\Users\nz3541\Documents\SynergyWorkingEA4\CM320A_Adc1CfgAndUse_Impl\tools\template\..\..\..\TL105A_Artt\tools\include\Helper.tt
    Template:      C:\Users\nz3541\Documents\SynergyWorkingEA4\CM320A_Adc1CfgAndUse_Impl\tools\template\CDD_Adc1CfgAndUse_Cfg.h.tt
    Namespace:     http://autosar.org/schema/r4.0
    Prefix:        ar
The transformation produced the following errors and warnings:
C:/Users/nz3541/Documents/SynergyWorkingEA4/CM320A_Adc1CfgAndUse_Impl/tools/template/CDD_Adc1CfgAndUse_Cfg.h.tt(0,0) : error : Running transformation: System.Xml.XPath.XPathException: Context to switch to not found!
//ar:ECUC-MODULE-CONFIGURATION-VALUES[ substring(./ar:DEFINITION-REF/text(), string-length(./ar:DEFINITION-REF/text()) - 12) = "Adc1CfgAndUse"]
   at AutosarDirectiveProcessor.ArGtcBase.ChangeContext(String xpathExpression)
   at Microsoft.VisualStudio.TextTemplating13200CBC509EC5B1F7A536DB5C618606.GeneratedTextTransformation.TransformText() in c:\Users\nz3541\Documents\SynergyWorkingEA4\CM320A_Adc1CfgAndUse_Impl\tools\template\CDD_Adc1CfgAndUse_Cfg.h.tt:line 33
    File:          C:/Users/nz3541/Documents/SynergyWorkingEA4/CM320A_Adc1CfgAndUse_Impl/tools/local/generate\CDD_Adc1CfgAndUse_Cfg.h. written with errors.
    Duration:      00:00:00.7644049.
AUTOSAR XML Text Transformation v2.1.2.0
    Output folder: C:\Users\nz3541\Documents\SynergyWorkingEA4\CM320A_Adc1CfgAndUse_Impl\tools\local\generate
    Descr. file:   C:\Users\nz3541\AppData\Local\Temp\DaVinci\Cfg-3350751\Generation\Cfg_Gen-1510923357871-0\AutosarFiles_ValGen-1510925821423-0\Adc1CfgAndUse_ECUC_5088487683717456549.arxml
    Include file:  C:\Users\nz3541\Documents\SynergyWorkingEA4\CM320A_Adc1CfgAndUse_Impl\tools\template\..\..\..\TL105A_Artt\tools\include\Helper.tt
    Template:      C:\Users\nz3541\Documents\SynergyWorkingEA4\CM320A_Adc1CfgAndUse_Impl\tools\template\CDD_Adc1CfgAndUse_Cfg.h.tt
    Namespace:     http://autosar.org/schema/r4.0
    Prefix:        ar
The transformation produced the following errors and warnings:
C:/Users/nz3541/Documents/SynergyWorkingEA4/CM320A_Adc1CfgAndUse_Impl/tools/template/CDD_Adc1CfgAndUse_Cfg.h.tt(0,0) : error : Running transformation: System.Xml.XPath.XPathException: Context to switch to not found!
//ar:ECUC-MODULE-CONFIGURATION-VALUES[ substring(./ar:DEFINITION-REF/text(), string-length(./ar:DEFINITION-REF/text()) - 12) = "Adc1CfgAndUse"]
   at AutosarDirectiveProcessor.ArGtcBase.ChangeContext(String xpathExpression)
   at Microsoft.VisualStudio.TextTemplating95196AD1184FF474862067F1A96740D5.GeneratedTextTransformation.TransformText() in c:\Users\nz3541\Documents\SynergyWorkingEA4\CM320A_Adc1CfgAndUse_Impl\tools\template\CDD_Adc1CfgAndUse_Cfg.h.tt:line 33
    File:          C:/Users/nz3541/Documents/SynergyWorkingEA4/CM320A_Adc1CfgAndUse_Impl/tools/local/generate\CDD_Adc1CfgAndUse_Cfg.h. written with errors.
    Duration:      00:00:00.7644049.
AUTOSAR XML Text Transformation v2.1.2.0
    Output folder: C:\Users\nz3541\Documents\SynergyWorkingEA4\CM320A_Adc1CfgAndUse_Impl\tools\local\generate
    Descr. file:   C:\Users\nz3541\AppData\Local\Temp\DaVinci\Cfg-5901354\Generation\Cfg_Gen-1510925908359-0\AutosarFiles_ValGen-1510926385666-0\Adc1CfgAndUse_ECUC_8942485012944909631.arxml
    Include file:  C:\Users\nz3541\Documents\SynergyWorkingEA4\CM320A_Adc1CfgAndUse_Impl\tools\template\..\..\..\TL105A_Artt\tools\include\Helper.tt
    Template:      C:\Users\nz3541\Documents\SynergyWorkingEA4\CM320A_Adc1CfgAndUse_Impl\tools\template\CDD_Adc1CfgAndUse_Cfg.h.tt
    Namespace:     http://autosar.org/schema/r4.0
    Prefix:        ar
The transformation produced the following errors and warnings:
C:/Users/nz3541/Documents/SynergyWorkingEA4/CM320A_Adc1CfgAndUse_Impl/tools/template/CDD_Adc1CfgAndUse_Cfg.h.tt(0,0) : error : Running transformation: System.Xml.XPath.XPathException: Context to switch to not found!
//ar:ECUC-MODULE-CONFIGURATION-VALUES[ substring(./ar:DEFINITION-REF/text(), string-length(./ar:DEFINITION-REF/text()) - 12) = "Adc1CfgAndUse"]
   at AutosarDirectiveProcessor.ArGtcBase.ChangeContext(String xpathExpression)
   at Microsoft.VisualStudio.TextTemplating2FCA381DC0F6DC252506AAA49768FE25.GeneratedTextTransformation.TransformText() in c:\Users\nz3541\Documents\SynergyWorkingEA4\CM320A_Adc1CfgAndUse_Impl\tools\template\CDD_Adc1CfgAndUse_Cfg.h.tt:line 33
    File:          C:/Users/nz3541/Documents/SynergyWorkingEA4/CM320A_Adc1CfgAndUse_Impl/tools/local/generate\CDD_Adc1CfgAndUse_Cfg.h. written with errors.
    Duration:      00:00:00.7644049.
AUTOSAR XML Text Transformation v2.1.2.0
    Output folder: C:\Users\nz3541\Documents\SynergyWorkingEA4\CM320A_Adc1CfgAndUse_Impl\tools\local\generate
    Descr. file:   C:\Users\nz3541\AppData\Local\Temp\DaVinci\Cfg-5901354\Generation\Cfg_Gen-1510925908359-0\AutosarFiles_ValGen-1510926505495-0\Adc1CfgAndUse_ECUC_2801097803696300021.arxml
    Include file:  C:\Users\nz3541\Documents\SynergyWorkingEA4\CM320A_Adc1CfgAndUse_Impl\tools\template\..\..\..\TL105A_Artt\tools\include\Helper.tt
    Template:      C:\Users\nz3541\Documents\SynergyWorkingEA4\CM320A_Adc1CfgAndUse_Impl\tools\template\CDD_Adc1CfgAndUse_Cfg.h.tt
    Namespace:     http://autosar.org/schema/r4.0
    Prefix:        ar
    File:          C:/Users/nz3541/Documents/SynergyWorkingEA4/CM320A_Adc1CfgAndUse_Impl/tools/local/generate\CDD_Adc1CfgAndUse_Cfg.h. written.
    Duration:      00:00:00.6396041.
AUTOSAR XML Text Transformation v2.1.2.0
    Output folder: C:\Users\nz3541\Documents\SynergyWorkingEA4\CM320A_Adc1CfgAndUse_Impl\tools\local\generate
    Descr. file:   C:\Users\nz3541\AppData\Local\Temp\DaVinci\Cfg-9962768\Generation\Cfg_Gen-1510929967058-0\AutosarFiles_ValGen-1510929973005-0\Adc1CfgAndUse_ECUC_3340870365748685638.arxml
    Include file:  C:\Users\nz3541\Documents\SynergyWorkingEA4\CM320A_Adc1CfgAndUse_Impl\tools\template\..\..\..\TL105A_Artt\tools\include\Helper.tt
    Template:      C:\Users\nz3541\Documents\SynergyWorkingEA4\CM320A_Adc1CfgAndUse_Impl\tools\template\CDD_Adc1CfgAndUse_Cfg.h.tt
    Namespace:     http://autosar.org/schema/r4.0
    Prefix:        ar
The transformation produced the following errors and warnings:
C:/Users/nz3541/Documents/SynergyWorkingEA4/CM320A_Adc1CfgAndUse_Impl/tools/template/CDD_Adc1CfgAndUse_Cfg.h.tt(0,0) : error : Running transformation: Microsoft.VisualStudio.TextTemplating.DirectiveProcessorException: XPATH expression without result node: .//ar:DEFINITION-REF[substring(text(), string-length() - 30) = "Adc1CfgAndUseGeneral/ADCD1VCR00"]/../ar:VALUE
   at AutosarDirectiveProcessor.ArGtcBase.ValueOf(String xpathExpression)
   at Microsoft.VisualStudio.TextTemplating45C8B76FCAAB9F2A9455A115E43D5B91.GeneratedTextTransformation.TransformText() in c:\Users\nz3541\Documents\SynergyWorkingEA4\CM320A_Adc1CfgAndUse_Impl\tools\template\CDD_Adc1CfgAndUse_Cfg.h.tt:line 35
    File:          C:/Users/nz3541/Documents/SynergyWorkingEA4/CM320A_Adc1CfgAndUse_Impl/tools/local/generate\CDD_Adc1CfgAndUse_Cfg.h. written with errors.
    Duration:      00:00:00.7800050.
AUTOSAR XML Text Transformation v2.1.2.0
    Output folder: C:\Users\nz3541\Documents\SynergyWorkingEA4\CM320A_Adc1CfgAndUse_Impl\tools\local\generate
    Descr. file:   C:\Users\nz3541\AppData\Local\Temp\DaVinci\Cfg-8096335\Generation\Cfg_Gen-1510929427668-0\AutosarFiles_ValGen-1510930242836-0\Adc1CfgAndUse_ECUC_1785933295788207316.arxml
    Include file:  C:\Users\nz3541\Documents\SynergyWorkingEA4\CM320A_Adc1CfgAndUse_Impl\tools\template\..\..\..\TL105A_Artt\tools\include\Helper.tt
    Template:      C:\Users\nz3541\Documents\SynergyWorkingEA4\CM320A_Adc1CfgAndUse_Impl\tools\template\CDD_Adc1CfgAndUse_Cfg.h.tt
    Namespace:     http://autosar.org/schema/r4.0
    Prefix:        ar
    File:          C:/Users/nz3541/Documents/SynergyWorkingEA4/CM320A_Adc1CfgAndUse_Impl/tools/local/generate\CDD_Adc1CfgAndUse_Cfg.h. written.
    Duration:      00:00:00.7488048.
AUTOSAR XML Text Transformation v2.1.2.0
    Output folder: C:\Users\nz3541\Documents\SynergyWorkingEA4\CM320A_Adc1CfgAndUse_Impl\tools\local\generate
    Descr. file:   C:\Users\nz3541\AppData\Local\Temp\DaVinci\Cfg-0262786\Generation\Cfg_Gen-1510930266967-0\AutosarFiles_ValGen-1510930272696-0\Adc1CfgAndUse_ECUC_3188631951360872393.arxml
    Include file:  C:\Users\nz3541\Documents\SynergyWorkingEA4\CM320A_Adc1CfgAndUse_Impl\tools\template\..\..\..\TL105A_Artt\tools\include\Helper.tt
    Template:      C:\Users\nz3541\Documents\SynergyWorkingEA4\CM320A_Adc1CfgAndUse_Impl\tools\template\CDD_Adc1CfgAndUse_Cfg.h.tt
    Namespace:     http://autosar.org/schema/r4.0
    Prefix:        ar
    File:          C:/Users/nz3541/Documents/SynergyWorkingEA4/CM320A_Adc1CfgAndUse_Impl/tools/local/generate\CDD_Adc1CfgAndUse_Cfg.h. written.
    Duration:      00:00:00.7332047.
