AUTOSAR XML Text Transformation v2.0.2.0
    Output folder: E:\EA4NewTemplate\CM102A_FlsMem_Impl\tools\local\generate
    Descr. file:   C:\Users\rzk04c\AppData\Local\Temp\DaVinci\Cfg-0037072\Generation\Cfg_Gen-1488920043375-0\AutosarFiles_ValGen-1488920050275-0\FlsMem_ECUC_58474837636795448.arxml
    Include file:  E:\EA4NewTemplate\CM102A_FlsMem_Impl\tools\template\..\..\..\TL105A_Artt\tools\include\Helper.tt
    Template:      E:\EA4NewTemplate\CM102A_FlsMem_Impl\tools\template\CDD_FlsMem_Cfg_private.h.tt
    Namespace:     http://autosar.org/schema/r4.0
    Prefix:        ar
    File:          E:/EA4NewTemplate/CM102A_FlsMem_Impl/tools/local/generate\CDD_FlsMem_Cfg_private.h. written.
    Duration:      00:00:00.7644049.
AUTOSAR XML Text Transformation v2.0.2.0
    Output folder: E:\EA4NewTemplate\CM102A_FlsMem_Impl\tools\local\generate
    Descr. file:   C:\Users\rzk04c\AppData\Local\Temp\DaVinci\Cfg-0284451\Generation\Cfg_Gen-1488920292771-0\AutosarFiles_ValGen-1488920331958-0\FlsMem_ECUC_5788708258303559671.arxml
    Include file:  E:\EA4NewTemplate\CM102A_FlsMem_Impl\tools\template\..\..\..\TL105A_Artt\tools\include\Helper.tt
    Template:      E:\EA4NewTemplate\CM102A_FlsMem_Impl\tools\template\CDD_FlsMem_Cfg_private.h.tt
    Namespace:     http://autosar.org/schema/r4.0
    Prefix:        ar
    File:          E:/EA4NewTemplate/CM102A_FlsMem_Impl/tools/local/generate\CDD_FlsMem_Cfg_private.h. written.
    Duration:      00:00:00.7956051.
AUTOSAR XML Text Transformation v2.0.2.0
    Output folder: E:\EA4NewTemplate\CM102A_FlsMem_Impl\tools\local\generate
    Descr. file:   C:\Users\rzk04c\AppData\Local\Temp\DaVinci\Cfg-0536890\Generation\Cfg_Gen-1488920544696-0\AutosarFiles_ValGen-1488920777735-0\FlsMem_ECUC_5711634939490588006.arxml
    Include file:  E:\EA4NewTemplate\CM102A_FlsMem_Impl\tools\template\..\..\..\TL105A_Artt\tools\include\Helper.tt
    Template:      E:\EA4NewTemplate\CM102A_FlsMem_Impl\tools\template\CDD_FlsMem_Cfg_private.h.tt
    Namespace:     http://autosar.org/schema/r4.0
    Prefix:        ar
    File:          E:/EA4NewTemplate/CM102A_FlsMem_Impl/tools/local/generate\CDD_FlsMem_Cfg_private.h. written.
    Duration:      00:00:00.7488048.
AUTOSAR XML Text Transformation v2.0.2.0
    Output folder: E:\EA4NewTemplate\CM102A_FlsMem_Impl\tools\local\generate
    Descr. file:   C:\Users\rzk04c\AppData\Local\Temp\DaVinci\Cfg-3916810\Generation\Cfg_Gen-1488923939924-0\AutosarFiles_ValGen-1488924164681-0\FlsMem_ECUC_1567741960405491881.arxml
    Include file:  E:\EA4NewTemplate\CM102A_FlsMem_Impl\tools\template\..\..\..\TL105A_Artt\tools\include\Helper.tt
    Template:      E:\EA4NewTemplate\CM102A_FlsMem_Impl\tools\template\CDD_FlsMem_Cfg_private.h.tt
    Namespace:     http://autosar.org/schema/r4.0
    Prefix:        ar
    File:          E:/EA4NewTemplate/CM102A_FlsMem_Impl/tools/local/generate\CDD_FlsMem_Cfg_private.h. written.
    Duration:      00:00:00.9204059.
AUTOSAR XML Text Transformation v2.0.2.0
    Output folder: E:\EA4NewTemplate\CM102A_FlsMem_Impl\tools\local\generate
    Descr. file:   C:\Users\rzk04c\AppData\Local\Temp\DaVinci\Cfg-3916810\Generation\Cfg_Gen-1488923939924-0\AutosarFiles_ValGen-1488924385934-0\FlsMem_ECUC_6669258981830905073.arxml
    Include file:  E:\EA4NewTemplate\CM102A_FlsMem_Impl\tools\template\..\..\..\TL105A_Artt\tools\include\Helper.tt
    Template:      E:\EA4NewTemplate\CM102A_FlsMem_Impl\tools\template\CDD_FlsMem_Cfg_private.h.tt
    Namespace:     http://autosar.org/schema/r4.0
    Prefix:        ar
    File:          E:/EA4NewTemplate/CM102A_FlsMem_Impl/tools/local/generate\CDD_FlsMem_Cfg_private.h. written.
    Duration:      00:00:00.7644049.
AUTOSAR XML Text Transformation v2.0.2.0
    Output folder: E:\EA4NewTemplate\CM102A_FlsMem_Impl\tools\local\generate
    Descr. file:   C:\Users\rzk04c\AppData\Local\Temp\DaVinci\Cfg-4069634\Generation\Cfg_Gen-1489764122652-0\AutosarFiles_ValGen-1489764538485-0\FlsMem_ECUC_5364053087680313420.arxml
    Include file:  E:\EA4NewTemplate\CM102A_FlsMem_Impl\tools\template\..\..\..\TL105A_Artt\tools\include\Helper.tt
    Template:      E:\EA4NewTemplate\CM102A_FlsMem_Impl\tools\template\CDD_FlsMem_Cfg_private.h.tt
    Namespace:     http://autosar.org/schema/r4.0
    Prefix:        ar
    File:          E:/EA4NewTemplate/CM102A_FlsMem_Impl/tools/local/generate\CDD_FlsMem_Cfg_private.h. written.
    Duration:      00:00:00.7332047.
AUTOSAR XML Text Transformation v2.0.2.0
    Output folder: E:\EA4NewTemplate\CM102A_FlsMem_Impl\tools\local\generate
    Descr. file:   C:\Users\rzk04c\AppData\Local\Temp\DaVinci\Cfg-4069634\Generation\Cfg_Gen-1489764122652-0\AutosarFiles_ValGen-1489773492066-0\FlsMem_ECUC_8233095570909821711.arxml
    Include file:  E:\EA4NewTemplate\CM102A_FlsMem_Impl\tools\template\..\..\..\TL105A_Artt\tools\include\Helper.tt
    Template:      E:\EA4NewTemplate\CM102A_FlsMem_Impl\tools\template\CDD_FlsMem_Cfg_private.h.tt
    Namespace:     http://autosar.org/schema/r4.0
    Prefix:        ar
    File:          E:/EA4NewTemplate/CM102A_FlsMem_Impl/tools/local/generate\CDD_FlsMem_Cfg_private.h. written.
    Duration:      00:00:00.8112052.
AUTOSAR XML Text Transformation v2.0.2.0
    Output folder: E:\EA4NewTemplate\CM102A_FlsMem_Impl\tools\local\generate
    Descr. file:   C:\Users\rzk04c\AppData\Local\Temp\DaVinci\Cfg-4069634\Generation\Cfg_Gen-1489764122652-0\AutosarFiles_ValGen-1489775277851-0\FlsMem_ECUC_9197923705812438252.arxml
    Include file:  E:\EA4NewTemplate\CM102A_FlsMem_Impl\tools\template\..\..\..\TL105A_Artt\tools\include\Helper.tt
    Template:      E:\EA4NewTemplate\CM102A_FlsMem_Impl\tools\template\CDD_FlsMem_Cfg_private.h.tt
    Namespace:     http://autosar.org/schema/r4.0
    Prefix:        ar
    File:          E:/EA4NewTemplate/CM102A_FlsMem_Impl/tools/local/generate\CDD_FlsMem_Cfg_private.h. written.
    Duration:      00:00:00.7020045.
AUTOSAR XML Text Transformation v2.0.2.0
    Output folder: E:\EA4NewTemplate\CM102A_FlsMem_Impl\tools\local\generate
    Descr. file:   C:\Users\rzk04c\AppData\Local\Temp\DaVinci\Cfg-5676598\Generation\Cfg_Gen-1491835747827-0\AutosarFiles_ValGen-1491840399767-0\FlsMem_ECUC_5906050414637669345.arxml
    Include file:  E:\EA4NewTemplate\CM102A_FlsMem_Impl\tools\template\..\..\..\TL105A_Artt\tools\include\Helper.tt
    Template:      E:\EA4NewTemplate\CM102A_FlsMem_Impl\tools\template\CDD_FlsMem_Cfg_private.h.tt
    Namespace:     http://autosar.org/schema/r4.0
    Prefix:        ar
    File:          E:/EA4NewTemplate/CM102A_FlsMem_Impl/tools/local/generate\CDD_FlsMem_Cfg_private.h. written.
    Duration:      00:00:00.7332047.
AUTOSAR XML Text Transformation v2.0.2.0
    Output folder: E:\EA4NewTemplate\CM102A_FlsMem_Impl\tools\local\generate
    Descr. file:   C:\Users\rzk04c\AppData\Local\Temp\DaVinci\Cfg-5676598\Generation\Cfg_Gen-1491835747827-0\AutosarFiles_ValGen-1491840452910-0\FlsMem_ECUC_4226681111601673598.arxml
    Include file:  E:\EA4NewTemplate\CM102A_FlsMem_Impl\tools\template\..\..\..\TL105A_Artt\tools\include\Helper.tt
    Template:      E:\EA4NewTemplate\CM102A_FlsMem_Impl\tools\template\CDD_FlsMem_Cfg_private.h.tt
    Namespace:     http://autosar.org/schema/r4.0
    Prefix:        ar
    File:          E:/EA4NewTemplate/CM102A_FlsMem_Impl/tools/local/generate\CDD_FlsMem_Cfg_private.h. written.
    Duration:      00:00:00.7332047.
AUTOSAR XML Text Transformation v2.0.2.0
    Output folder: E:\EA4NewTemplate\CM102A_FlsMem_Impl\tools\local\generate
    Descr. file:   C:\Users\rzk04c\AppData\Local\Temp\DaVinci\Cfg-5676598\Generation\Cfg_Gen-1491835747827-0\AutosarFiles_ValGen-1491840503417-0\FlsMem_ECUC_9021488849615051582.arxml
    Include file:  E:\EA4NewTemplate\CM102A_FlsMem_Impl\tools\template\..\..\..\TL105A_Artt\tools\include\Helper.tt
    Template:      E:\EA4NewTemplate\CM102A_FlsMem_Impl\tools\template\CDD_FlsMem_Cfg_private.h.tt
    Namespace:     http://autosar.org/schema/r4.0
    Prefix:        ar
The transformation produced the following errors and warnings:
E:/EA4NewTemplate/CM102A_FlsMem_Impl/tools/template/CDD_FlsMem_Cfg_private.h.tt(0,0) : error : Running transformation: Microsoft.VisualStudio.TextTemplating.DirectiveProcessorException: XPATH expression without result node: .//ar:DEFINITION-REF[substring(text(), string-length() - 12) = "ApplCrcRegnNr" and (@DEST="ECUC-PARAM-CONF-CONTAINER-DEF")]/..
   at AutosarDirectiveProcessor.ArGtcBase.ValueOf(String xpathExpression)
   at Microsoft.VisualStudio.TextTemplatingC63337AF11A42BA055DBF8359EDB8EED.GeneratedTextTransformation.TransformText() in e:\EA4NewTemplate\CM102A_FlsMem_Impl\tools\template\CDD_FlsMem_Cfg_private.h.tt:line 37
    File:          E:/EA4NewTemplate/CM102A_FlsMem_Impl/tools/local/generate\CDD_FlsMem_Cfg_private.h. written with errors.
    Duration:      00:00:00.7020045.
AUTOSAR XML Text Transformation v2.0.2.0
    Output folder: E:\EA4NewTemplate\CM102A_FlsMem_Impl\tools\local\generate
    Descr. file:   C:\Users\rzk04c\AppData\Local\Temp\DaVinci\Cfg-5676598\Generation\Cfg_Gen-1491835747827-0\AutosarFiles_ValGen-1491840617626-0\FlsMem_ECUC_1502017840054722395.arxml
    Include file:  E:\EA4NewTemplate\CM102A_FlsMem_Impl\tools\template\..\..\..\TL105A_Artt\tools\include\Helper.tt
    Template:      E:\EA4NewTemplate\CM102A_FlsMem_Impl\tools\template\CDD_FlsMem_Cfg_private.h.tt
    Namespace:     http://autosar.org/schema/r4.0
    Prefix:        ar
The transformation produced the following errors and warnings:
E:/EA4NewTemplate/CM102A_FlsMem_Impl/tools/template/CDD_FlsMem_Cfg_private.h.tt(0,0) : error : Running transformation: Microsoft.VisualStudio.TextTemplating.DirectiveProcessorException: XPATH expression without result node: .//ar:DEFINITION-REF[substring(text(), string-length() - 27) = "ApplCRCRegnIdx/ApplCrcRegnNr" and (@DEST="ECUC-PARAM-CONF-CONTAINER-DEF")]/..
   at AutosarDirectiveProcessor.ArGtcBase.ValueOf(String xpathExpression)
   at Microsoft.VisualStudio.TextTemplatingAA7FFC4D1F06D3B6CA17219583E12ACA.GeneratedTextTransformation.TransformText() in e:\EA4NewTemplate\CM102A_FlsMem_Impl\tools\template\CDD_FlsMem_Cfg_private.h.tt:line 37
    File:          E:/EA4NewTemplate/CM102A_FlsMem_Impl/tools/local/generate\CDD_FlsMem_Cfg_private.h. written with errors.
    Duration:      00:00:00.7176046.
AUTOSAR XML Text Transformation v2.0.2.0
    Output folder: E:\EA4NewTemplate\CM102A_FlsMem_Impl\tools\local\generate
    Descr. file:   C:\Users\rzk04c\AppData\Local\Temp\DaVinci\Cfg-5676598\Generation\Cfg_Gen-1491835747827-0\AutosarFiles_ValGen-1491840654894-0\FlsMem_ECUC_5090180382406206712.arxml
    Include file:  E:\EA4NewTemplate\CM102A_FlsMem_Impl\tools\template\..\..\..\TL105A_Artt\tools\include\Helper.tt
    Template:      E:\EA4NewTemplate\CM102A_FlsMem_Impl\tools\template\CDD_FlsMem_Cfg_private.h.tt
    Namespace:     http://autosar.org/schema/r4.0
    Prefix:        ar
    File:          E:/EA4NewTemplate/CM102A_FlsMem_Impl/tools/local/generate\CDD_FlsMem_Cfg_private.h. written.
    Duration:      00:00:00.7332047.
AUTOSAR XML Text Transformation v2.0.2.0
    Output folder: E:\EA4NewTemplate\CM102A_FlsMem_Impl\tools\local\generate
    Descr. file:   C:\Users\rzk04c\AppData\Local\Temp\DaVinci\Cfg-5676598\Generation\Cfg_Gen-1491835747827-0\AutosarFiles_ValGen-1491842915146-0\FlsMem_ECUC_4125385862167103749.arxml
    Include file:  E:\EA4NewTemplate\CM102A_FlsMem_Impl\tools\template\..\..\..\TL105A_Artt\tools\include\Helper.tt
    Template:      E:\EA4NewTemplate\CM102A_FlsMem_Impl\tools\template\CDD_FlsMem_Cfg_private.h.tt
    Namespace:     http://autosar.org/schema/r4.0
    Prefix:        ar
    File:          E:/EA4NewTemplate/CM102A_FlsMem_Impl/tools/local/generate\CDD_FlsMem_Cfg_private.h. written.
    Duration:      00:00:00.7176046.
AUTOSAR XML Text Transformation v2.0.2.0
    Output folder: E:\EA4NewTemplate\CM102A_FlsMem_Impl\tools\local\generate
    Descr. file:   C:\Users\rzk04c\AppData\Local\Temp\DaVinci\Cfg-3034941\Generation\Cfg_Gen-1491843040802-0\AutosarFiles_ValGen-1491843046506-0\FlsMem_ECUC_6262965654273050082.arxml
    Include file:  E:\EA4NewTemplate\CM102A_FlsMem_Impl\tools\template\..\..\..\TL105A_Artt\tools\include\Helper.tt
    Template:      E:\EA4NewTemplate\CM102A_FlsMem_Impl\tools\template\CDD_FlsMem_Cfg_private.h.tt
    Namespace:     http://autosar.org/schema/r4.0
    Prefix:        ar
    File:          E:/EA4NewTemplate/CM102A_FlsMem_Impl/tools/local/generate\CDD_FlsMem_Cfg_private.h. written.
    Duration:      00:00:00.6864044.
AUTOSAR XML Text Transformation v2.0.2.0
    Output folder: E:\EA4NewTemplate\CM102A_FlsMem_Impl\tools\local\generate
    Descr. file:   C:\Users\rzk04c\AppData\Local\Temp\DaVinci\Cfg-5676598\Generation\Cfg_Gen-1491835747827-0\AutosarFiles_ValGen-1491852748538-0\FlsMem_ECUC_6753581384198617036.arxml
    Include file:  E:\EA4NewTemplate\CM102A_FlsMem_Impl\tools\template\..\..\..\TL105A_Artt\tools\include\Helper.tt
    Template:      E:\EA4NewTemplate\CM102A_FlsMem_Impl\tools\template\CDD_FlsMem_Cfg_private.h.tt
    Namespace:     http://autosar.org/schema/r4.0
    Prefix:        ar
    File:          E:/EA4NewTemplate/CM102A_FlsMem_Impl/tools/local/generate\CDD_FlsMem_Cfg_private.h. written.
    Duration:      00:00:00.7176046.
AUTOSAR XML Text Transformation v2.0.2.0
    Output folder: E:\EA4NewTemplate\CM102A_FlsMem_Impl\tools\local\generate
    Descr. file:   C:\Users\rzk04c\AppData\Local\Temp\DaVinci\Cfg-5676598\Generation\Cfg_Gen-1491835747827-0\AutosarFiles_ValGen-1491852778530-0\FlsMem_ECUC_326116469148389985.arxml
    Include file:  E:\EA4NewTemplate\CM102A_FlsMem_Impl\tools\template\..\..\..\TL105A_Artt\tools\include\Helper.tt
    Template:      E:\EA4NewTemplate\CM102A_FlsMem_Impl\tools\template\CDD_FlsMem_Cfg_private.h.tt
    Namespace:     http://autosar.org/schema/r4.0
    Prefix:        ar
    File:          E:/EA4NewTemplate/CM102A_FlsMem_Impl/tools/local/generate\CDD_FlsMem_Cfg_private.h. written.
    Duration:      00:00:00.7332047.
AUTOSAR XML Text Transformation v2.0.2.0
    Output folder: E:\EA4NewTemplate\CM102A_FlsMem_Impl\tools\local\generate
    Descr. file:   C:\Users\rzk04c\AppData\Local\Temp\DaVinci\Cfg-5676598\Generation\Cfg_Gen-1491835747827-0\AutosarFiles_ValGen-1491853205399-0\FlsMem_ECUC_96011059388648912.arxml
    Include file:  E:\EA4NewTemplate\CM102A_FlsMem_Impl\tools\template\..\..\..\TL105A_Artt\tools\include\Helper.tt
    Template:      E:\EA4NewTemplate\CM102A_FlsMem_Impl\tools\template\CDD_FlsMem_Cfg_private.h.tt
    Namespace:     http://autosar.org/schema/r4.0
    Prefix:        ar
    File:          E:/EA4NewTemplate/CM102A_FlsMem_Impl/tools/local/generate\CDD_FlsMem_Cfg_private.h. written.
    Duration:      00:00:00.6864044.
AUTOSAR XML Text Transformation v2.0.2.0
    Output folder: E:\EA4NewTemplate\CM102A_FlsMem_Impl\tools\local\generate
    Descr. file:   C:\Users\rzk04c\AppData\Local\Temp\DaVinci\Cfg-0380502\Generation\Cfg_Gen-1491860385667-0\AutosarFiles_ValGen-1491860391240-0\FlsMem_ECUC_8179028442877345991.arxml
    Include file:  E:\EA4NewTemplate\CM102A_FlsMem_Impl\tools\template\..\..\..\TL105A_Artt\tools\include\Helper.tt
    Template:      E:\EA4NewTemplate\CM102A_FlsMem_Impl\tools\template\CDD_FlsMem_Cfg_private.h.tt
    Namespace:     http://autosar.org/schema/r4.0
    Prefix:        ar
    File:          E:/EA4NewTemplate/CM102A_FlsMem_Impl/tools/local/generate\CDD_FlsMem_Cfg_private.h. written.
    Duration:      00:00:00.6864044.
AUTOSAR XML Text Transformation v2.0.2.0
    Output folder: E:\EA4NewTemplate\CM102A_FlsMem_Impl\tools\local\generate
    Descr. file:   C:\Users\rzk04c\AppData\Local\Temp\DaVinci\Cfg-7649137\Generation\Cfg_Gen-1493057690425-0\AutosarFiles_ValGen-1493058075324-0\FlsMem_ECUC_406100761819927785.arxml
    Include file:  E:\EA4NewTemplate\CM102A_FlsMem_Impl\tools\template\..\..\..\TL105A_Artt\tools\include\Helper.tt
    Template:      E:\EA4NewTemplate\CM102A_FlsMem_Impl\tools\template\CDD_FlsMem_Cfg_private.h.tt
    Namespace:     http://autosar.org/schema/r4.0
    Prefix:        ar
    File:          E:/EA4NewTemplate/CM102A_FlsMem_Impl/tools/local/generate\CDD_FlsMem_Cfg_private.h. written.
    Duration:      00:00:00.9204059.
AUTOSAR XML Text Transformation v2.0.2.0
    Output folder: E:\EA4NewTemplate\CM102A_FlsMem_Impl\tools\local\generate
    Descr. file:   C:\Users\rzk04c\AppData\Local\Temp\DaVinci\Cfg-7649137\Generation\Cfg_Gen-1493057690425-0\AutosarFiles_ValGen-1493060249416-0\FlsMem_ECUC_2314743550498867871.arxml
    Include file:  E:\EA4NewTemplate\CM102A_FlsMem_Impl\tools\template\..\..\..\TL105A_Artt\tools\include\Helper.tt
    Template:      E:\EA4NewTemplate\CM102A_FlsMem_Impl\tools\template\CDD_FlsMem_Cfg_private.h.tt
    Namespace:     http://autosar.org/schema/r4.0
    Prefix:        ar
    File:          E:/EA4NewTemplate/CM102A_FlsMem_Impl/tools/local/generate\CDD_FlsMem_Cfg_private.h. written.
    Duration:      00:00:00.8736056.
AUTOSAR XML Text Transformation v2.0.2.0
    Output folder: E:\EA4NewTemplate\CM102A_FlsMem_Impl\tools\local\generate
    Descr. file:   C:\Users\rzk04c\AppData\Local\Temp\DaVinci\Cfg-5082946\Generation\Cfg_Gen-1493065091956-0\AutosarFiles_ValGen-1493065379446-0\FlsMem_ECUC_3650822692452926515.arxml
    Include file:  E:\EA4NewTemplate\CM102A_FlsMem_Impl\tools\template\..\..\..\TL105A_Artt\tools\include\Helper.tt
    Template:      E:\EA4NewTemplate\CM102A_FlsMem_Impl\tools\template\CDD_FlsMem_Cfg_private.h.tt
    Namespace:     http://autosar.org/schema/r4.0
    Prefix:        ar
    File:          E:/EA4NewTemplate/CM102A_FlsMem_Impl/tools/local/generate\CDD_FlsMem_Cfg_private.h. written.
    Duration:      00:00:00.7488048.
AUTOSAR XML Text Transformation v2.0.2.0
    Output folder: E:\EA4NewTemplate\CM102A_FlsMem_Impl\tools\local\generate
    Descr. file:   C:\Users\rzk04c\AppData\Local\Temp\DaVinci\Cfg-5082946\Generation\Cfg_Gen-1493065091956-0\AutosarFiles_ValGen-1493065568133-0\FlsMem_ECUC_6449564490838419666.arxml
    Include file:  E:\EA4NewTemplate\CM102A_FlsMem_Impl\tools\template\..\..\..\TL105A_Artt\tools\include\Helper.tt
    Template:      E:\EA4NewTemplate\CM102A_FlsMem_Impl\tools\template\CDD_FlsMem_Cfg_private.h.tt
    Namespace:     http://autosar.org/schema/r4.0
    Prefix:        ar
    File:          E:/EA4NewTemplate/CM102A_FlsMem_Impl/tools/local/generate\CDD_FlsMem_Cfg_private.h. written.
    Duration:      00:00:00.7488048.
AUTOSAR XML Text Transformation v2.0.2.0
    Output folder: E:\EA4NewTemplate\CM102A_FlsMem_Impl\tools\local\generate
    Descr. file:   C:\Users\rzk04c\AppData\Local\Temp\DaVinci\Cfg-5082946\Generation\Cfg_Gen-1493065091956-0\AutosarFiles_ValGen-1493065608315-0\FlsMem_ECUC_5658433690783218296.arxml
    Include file:  E:\EA4NewTemplate\CM102A_FlsMem_Impl\tools\template\..\..\..\TL105A_Artt\tools\include\Helper.tt
    Template:      E:\EA4NewTemplate\CM102A_FlsMem_Impl\tools\template\CDD_FlsMem_Cfg_private.h.tt
    Namespace:     http://autosar.org/schema/r4.0
    Prefix:        ar
    File:          E:/EA4NewTemplate/CM102A_FlsMem_Impl/tools/local/generate\CDD_FlsMem_Cfg_private.h. written.
    Duration:      00:00:00.7176046.
AUTOSAR XML Text Transformation v2.0.2.0
    Output folder: E:\EA4NewTemplate\CM102A_FlsMem_Impl\tools\local\generate
    Descr. file:   C:\Users\rzk04c\AppData\Local\Temp\DaVinci\Cfg-5082946\Generation\Cfg_Gen-1493065091956-0\AutosarFiles_ValGen-1493065743273-0\FlsMem_ECUC_4034688968090432358.arxml
    Include file:  E:\EA4NewTemplate\CM102A_FlsMem_Impl\tools\template\..\..\..\TL105A_Artt\tools\include\Helper.tt
    Template:      E:\EA4NewTemplate\CM102A_FlsMem_Impl\tools\template\CDD_FlsMem_Cfg_private.h.tt
    Namespace:     http://autosar.org/schema/r4.0
    Prefix:        ar
    File:          E:/EA4NewTemplate/CM102A_FlsMem_Impl/tools/local/generate\CDD_FlsMem_Cfg_private.h. written.
    Duration:      00:00:00.7332047.
AUTOSAR XML Text Transformation v2.0.2.0
    Output folder: E:\EA4NewTemplate\CM102A_FlsMem_Impl\tools\local\generate
    Descr. file:   C:\Users\rzk04c\AppData\Local\Temp\DaVinci\Cfg-5082946\Generation\Cfg_Gen-1493065091956-0\AutosarFiles_ValGen-1493066944426-0\FlsMem_ECUC_981208662832018574.arxml
    Include file:  E:\EA4NewTemplate\CM102A_FlsMem_Impl\tools\template\..\..\..\TL105A_Artt\tools\include\Helper.tt
    Template:      E:\EA4NewTemplate\CM102A_FlsMem_Impl\tools\template\CDD_FlsMem_Cfg_private.h.tt
    Namespace:     http://autosar.org/schema/r4.0
    Prefix:        ar
    File:          E:/EA4NewTemplate/CM102A_FlsMem_Impl/tools/local/generate\CDD_FlsMem_Cfg_private.h. written.
    Duration:      00:00:00.7332047.
AUTOSAR XML Text Transformation v2.0.2.0
    Output folder: E:\EA4NewTemplate\CM102A_FlsMem_Impl\tools\local\generate
    Descr. file:   C:\Users\rzk04c\AppData\Local\Temp\DaVinci\Cfg-5082946\Generation\Cfg_Gen-1493065091956-0\AutosarFiles_ValGen-1493067054305-0\FlsMem_ECUC_1513821141847700040.arxml
    Include file:  E:\EA4NewTemplate\CM102A_FlsMem_Impl\tools\template\..\..\..\TL105A_Artt\tools\include\Helper.tt
    Template:      E:\EA4NewTemplate\CM102A_FlsMem_Impl\tools\template\CDD_FlsMem_Cfg_private.h.tt
    Namespace:     http://autosar.org/schema/r4.0
    Prefix:        ar
    File:          E:/EA4NewTemplate/CM102A_FlsMem_Impl/tools/local/generate\CDD_FlsMem_Cfg_private.h. written.
    Duration:      00:00:00.7644049.
AUTOSAR XML Text Transformation v2.0.2.0
    Output folder: E:\EA4NewTemplate\CM102A_FlsMem_Impl\tools\local\generate
    Descr. file:   C:\Users\rzk04c\AppData\Local\Temp\DaVinci\Cfg-5082946\Generation\Cfg_Gen-1493065091956-0\AutosarFiles_ValGen-1493067132419-0\FlsMem_ECUC_5487605454755653523.arxml
    Include file:  E:\EA4NewTemplate\CM102A_FlsMem_Impl\tools\template\..\..\..\TL105A_Artt\tools\include\Helper.tt
    Template:      E:\EA4NewTemplate\CM102A_FlsMem_Impl\tools\template\CDD_FlsMem_Cfg_private.h.tt
    Namespace:     http://autosar.org/schema/r4.0
    Prefix:        ar
    File:          E:/EA4NewTemplate/CM102A_FlsMem_Impl/tools/local/generate\CDD_FlsMem_Cfg_private.h. written.
    Duration:      00:00:00.7176046.
AUTOSAR XML Text Transformation v2.0.2.0
    Output folder: E:\EA4NewTemplate\CM102A_FlsMem_Impl\tools\local\generate
    Descr. file:   C:\Users\rzk04c\AppData\Local\Temp\DaVinci\Cfg-5082946\Generation\Cfg_Gen-1493065091956-0\AutosarFiles_ValGen-1493067255396-0\FlsMem_ECUC_7206148283886033519.arxml
    Include file:  E:\EA4NewTemplate\CM102A_FlsMem_Impl\tools\template\..\..\..\TL105A_Artt\tools\include\Helper.tt
    Template:      E:\EA4NewTemplate\CM102A_FlsMem_Impl\tools\template\CDD_FlsMem_Cfg_private.h.tt
    Namespace:     http://autosar.org/schema/r4.0
    Prefix:        ar
    File:          E:/EA4NewTemplate/CM102A_FlsMem_Impl/tools/local/generate\CDD_FlsMem_Cfg_private.h. written.
    Duration:      00:00:00.7644049.
AUTOSAR XML Text Transformation v2.0.2.0
    Output folder: E:\EA4NewTemplate\CM102A_FlsMem_Impl\tools\local\generate
    Descr. file:   C:\Users\rzk04c\AppData\Local\Temp\DaVinci\Cfg-5082946\Generation\Cfg_Gen-1493065091956-0\AutosarFiles_ValGen-1493067621286-0\FlsMem_ECUC_611100775982444736.arxml
    Include file:  E:\EA4NewTemplate\CM102A_FlsMem_Impl\tools\template\..\..\..\TL105A_Artt\tools\include\Helper.tt
    Template:      E:\EA4NewTemplate\CM102A_FlsMem_Impl\tools\template\CDD_FlsMem_Cfg_private.h.tt
    Namespace:     http://autosar.org/schema/r4.0
    Prefix:        ar
    File:          E:/EA4NewTemplate/CM102A_FlsMem_Impl/tools/local/generate\CDD_FlsMem_Cfg_private.h. written.
    Duration:      00:00:00.7332047.
AUTOSAR XML Text Transformation v2.0.2.0
    Output folder: E:\EA4NewTemplate\CM102A_FlsMem_Impl\tools\local\generate
    Descr. file:   C:\Users\rzk04c\AppData\Local\Temp\DaVinci\Cfg-5082946\Generation\Cfg_Gen-1493065091956-0\AutosarFiles_ValGen-1493067814818-0\FlsMem_ECUC_4101467937460706318.arxml
    Include file:  E:\EA4NewTemplate\CM102A_FlsMem_Impl\tools\template\..\..\..\TL105A_Artt\tools\include\Helper.tt
    Template:      E:\EA4NewTemplate\CM102A_FlsMem_Impl\tools\template\CDD_FlsMem_Cfg_private.h.tt
    Namespace:     http://autosar.org/schema/r4.0
    Prefix:        ar
    File:          E:/EA4NewTemplate/CM102A_FlsMem_Impl/tools/local/generate\CDD_FlsMem_Cfg_private.h. written.
    Duration:      00:00:00.7488048.
AUTOSAR XML Text Transformation v2.0.2.0
    Output folder: E:\EA4NewTemplate\CM102A_FlsMem_Impl\tools\local\generate
    Descr. file:   C:\Users\rzk04c\AppData\Local\Temp\DaVinci\Cfg-5082946\Generation\Cfg_Gen-1493065091956-0\AutosarFiles_ValGen-1493067856268-0\FlsMem_ECUC_4448047569170365200.arxml
    Include file:  E:\EA4NewTemplate\CM102A_FlsMem_Impl\tools\template\..\..\..\TL105A_Artt\tools\include\Helper.tt
    Template:      E:\EA4NewTemplate\CM102A_FlsMem_Impl\tools\template\CDD_FlsMem_Cfg_private.h.tt
    Namespace:     http://autosar.org/schema/r4.0
    Prefix:        ar
    File:          E:/EA4NewTemplate/CM102A_FlsMem_Impl/tools/local/generate\CDD_FlsMem_Cfg_private.h. written.
    Duration:      00:00:00.7644049.
AUTOSAR XML Text Transformation v2.0.2.0
    Output folder: E:\EA4NewTemplate\CM102A_FlsMem_Impl\tools\local\generate
    Descr. file:   C:\Users\rzk04c\AppData\Local\Temp\DaVinci\Cfg-5082946\Generation\Cfg_Gen-1493065091956-0\AutosarFiles_ValGen-1493068052419-0\FlsMem_ECUC_1943458500970884616.arxml
    Include file:  E:\EA4NewTemplate\CM102A_FlsMem_Impl\tools\template\..\..\..\TL105A_Artt\tools\include\Helper.tt
    Template:      E:\EA4NewTemplate\CM102A_FlsMem_Impl\tools\template\CDD_FlsMem_Cfg_private.h.tt
    Namespace:     http://autosar.org/schema/r4.0
    Prefix:        ar
    File:          E:/EA4NewTemplate/CM102A_FlsMem_Impl/tools/local/generate\CDD_FlsMem_Cfg_private.h. written.
    Duration:      00:00:00.7176046.
AUTOSAR XML Text Transformation v2.0.2.0
    Output folder: E:\EA4NewTemplate\CM102A_FlsMem_Impl\tools\local\generate
    Descr. file:   C:\Users\rzk04c\AppData\Local\Temp\DaVinci\Cfg-5082946\Generation\Cfg_Gen-1493065091956-0\AutosarFiles_ValGen-1493068078717-0\FlsMem_ECUC_4654497422741339463.arxml
    Include file:  E:\EA4NewTemplate\CM102A_FlsMem_Impl\tools\template\..\..\..\TL105A_Artt\tools\include\Helper.tt
    Template:      E:\EA4NewTemplate\CM102A_FlsMem_Impl\tools\template\CDD_FlsMem_Cfg_private.h.tt
    Namespace:     http://autosar.org/schema/r4.0
    Prefix:        ar
    File:          E:/EA4NewTemplate/CM102A_FlsMem_Impl/tools/local/generate\CDD_FlsMem_Cfg_private.h. written.
    Duration:      00:00:00.6864044.
AUTOSAR XML Text Transformation v2.0.2.0
    Output folder: E:\EA4NewTemplate\CM102A_FlsMem_Impl\tools\local\generate
    Descr. file:   C:\Users\rzk04c\AppData\Local\Temp\DaVinci\Cfg-5082946\Generation\Cfg_Gen-1493065091956-0\AutosarFiles_ValGen-1493068125799-0\FlsMem_ECUC_8225266839401195488.arxml
    Include file:  E:\EA4NewTemplate\CM102A_FlsMem_Impl\tools\template\..\..\..\TL105A_Artt\tools\include\Helper.tt
    Template:      E:\EA4NewTemplate\CM102A_FlsMem_Impl\tools\template\CDD_FlsMem_Cfg_private.h.tt
    Namespace:     http://autosar.org/schema/r4.0
    Prefix:        ar
    File:          E:/EA4NewTemplate/CM102A_FlsMem_Impl/tools/local/generate\CDD_FlsMem_Cfg_private.h. written.
    Duration:      00:00:00.7332047.
AUTOSAR XML Text Transformation v2.0.2.0
    Output folder: E:\EA4NewTemplate\CM102A_FlsMem_Impl\tools\local\generate
    Descr. file:   C:\Users\rzk04c\AppData\Local\Temp\DaVinci\Cfg-5082946\Generation\Cfg_Gen-1493065091956-0\AutosarFiles_ValGen-1493068179608-0\FlsMem_ECUC_6621436341967951566.arxml
    Include file:  E:\EA4NewTemplate\CM102A_FlsMem_Impl\tools\template\..\..\..\TL105A_Artt\tools\include\Helper.tt
    Template:      E:\EA4NewTemplate\CM102A_FlsMem_Impl\tools\template\CDD_FlsMem_Cfg_private.h.tt
    Namespace:     http://autosar.org/schema/r4.0
    Prefix:        ar
    File:          E:/EA4NewTemplate/CM102A_FlsMem_Impl/tools/local/generate\CDD_FlsMem_Cfg_private.h. written.
    Duration:      00:00:00.7332047.
AUTOSAR XML Text Transformation v2.0.2.0
    Output folder: E:\EA4NewTemplate\CM102A_FlsMem_Impl\tools\local\generate
    Descr. file:   C:\Users\rzk04c\AppData\Local\Temp\DaVinci\Cfg-5082946\Generation\Cfg_Gen-1493065091956-0\AutosarFiles_ValGen-1493068214851-0\FlsMem_ECUC_3946330796791222784.arxml
    Include file:  E:\EA4NewTemplate\CM102A_FlsMem_Impl\tools\template\..\..\..\TL105A_Artt\tools\include\Helper.tt
    Template:      E:\EA4NewTemplate\CM102A_FlsMem_Impl\tools\template\CDD_FlsMem_Cfg_private.h.tt
    Namespace:     http://autosar.org/schema/r4.0
    Prefix:        ar
    File:          E:/EA4NewTemplate/CM102A_FlsMem_Impl/tools/local/generate\CDD_FlsMem_Cfg_private.h. written.
    Duration:      00:00:00.7332047.
AUTOSAR XML Text Transformation v2.0.2.0
    Output folder: E:\EA4NewTemplate\CM102A_FlsMem_Impl\tools\local\generate
    Descr. file:   C:\Users\rzk04c\AppData\Local\Temp\DaVinci\Cfg-5082946\Generation\Cfg_Gen-1493065091956-0\AutosarFiles_ValGen-1493068258623-0\FlsMem_ECUC_3039435676290795266.arxml
    Include file:  E:\EA4NewTemplate\CM102A_FlsMem_Impl\tools\template\..\..\..\TL105A_Artt\tools\include\Helper.tt
    Template:      E:\EA4NewTemplate\CM102A_FlsMem_Impl\tools\template\CDD_FlsMem_Cfg_private.h.tt
    Namespace:     http://autosar.org/schema/r4.0
    Prefix:        ar
    File:          E:/EA4NewTemplate/CM102A_FlsMem_Impl/tools/local/generate\CDD_FlsMem_Cfg_private.h. written.
    Duration:      00:00:00.7020045.
AUTOSAR XML Text Transformation v2.0.2.0
    Output folder: E:\EA4NewTemplate\CM102A_FlsMem_Impl\tools\local\generate
    Descr. file:   C:\Users\rzk04c\AppData\Local\Temp\DaVinci\Cfg-5082946\Generation\Cfg_Gen-1493065091956-0\AutosarFiles_ValGen-1493127240187-0\FlsMem_ECUC_1382553077474790542.arxml
    Include file:  E:\EA4NewTemplate\CM102A_FlsMem_Impl\tools\template\..\..\..\TL105A_Artt\tools\include\Helper.tt
    Template:      E:\EA4NewTemplate\CM102A_FlsMem_Impl\tools\template\CDD_FlsMem_Cfg_private.h.tt
    Namespace:     http://autosar.org/schema/r4.0
    Prefix:        ar
    File:          E:/EA4NewTemplate/CM102A_FlsMem_Impl/tools/local/generate\CDD_FlsMem_Cfg_private.h. written.
    Duration:      00:00:01.0140065.
AUTOSAR XML Text Transformation v2.0.2.0
    Output folder: E:\EA4NewTemplate\CM102A_FlsMem_Impl\tools\local\generate
    Descr. file:   C:\Users\rzk04c\AppData\Local\Temp\DaVinci\Cfg-5082946\Generation\Cfg_Gen-1493065091956-0\AutosarFiles_ValGen-1493127256643-0\FlsMem_ECUC_2899433074755915005.arxml
    Include file:  E:\EA4NewTemplate\CM102A_FlsMem_Impl\tools\template\..\..\..\TL105A_Artt\tools\include\Helper.tt
    Template:      E:\EA4NewTemplate\CM102A_FlsMem_Impl\tools\template\CDD_FlsMem_Cfg_private.h.tt
    Namespace:     http://autosar.org/schema/r4.0
    Prefix:        ar
    File:          E:/EA4NewTemplate/CM102A_FlsMem_Impl/tools/local/generate\CDD_FlsMem_Cfg_private.h. written.
    Duration:      00:00:01.0140065.
AUTOSAR XML Text Transformation v2.0.2.0
    Output folder: E:\EA4NewTemplate\CM102A_FlsMem_Impl\tools\local\generate
    Descr. file:   C:\Users\rzk04c\AppData\Local\Temp\DaVinci\Cfg-5082946\Generation\Cfg_Gen-1493065091956-0\AutosarFiles_ValGen-1493127300213-0\FlsMem_ECUC_483819586059068300.arxml
    Include file:  E:\EA4NewTemplate\CM102A_FlsMem_Impl\tools\template\..\..\..\TL105A_Artt\tools\include\Helper.tt
    Template:      E:\EA4NewTemplate\CM102A_FlsMem_Impl\tools\template\CDD_FlsMem_Cfg_private.h.tt
    Namespace:     http://autosar.org/schema/r4.0
    Prefix:        ar
    File:          E:/EA4NewTemplate/CM102A_FlsMem_Impl/tools/local/generate\CDD_FlsMem_Cfg_private.h. written.
    Duration:      00:00:00.8424054.
AUTOSAR XML Text Transformation v2.0.2.0
    Output folder: E:\EA4NewTemplate\CM102A_FlsMem_Impl\tools\local\generate
    Descr. file:   C:\Users\rzk04c\AppData\Local\Temp\DaVinci\Cfg-5082946\Generation\Cfg_Gen-1493065091956-0\AutosarFiles_ValGen-1493127344159-0\FlsMem_ECUC_7701227037675841727.arxml
    Include file:  E:\EA4NewTemplate\CM102A_FlsMem_Impl\tools\template\..\..\..\TL105A_Artt\tools\include\Helper.tt
    Template:      E:\EA4NewTemplate\CM102A_FlsMem_Impl\tools\template\CDD_FlsMem_Cfg_private.h.tt
    Namespace:     http://autosar.org/schema/r4.0
    Prefix:        ar
    File:          E:/EA4NewTemplate/CM102A_FlsMem_Impl/tools/local/generate\CDD_FlsMem_Cfg_private.h. written.
    Duration:      00:00:00.9048058.
AUTOSAR XML Text Transformation v2.0.2.0
    Output folder: E:\EA4NewTemplate\CM102A_FlsMem_Impl\tools\local\generate
    Descr. file:   C:\Users\rzk04c\AppData\Local\Temp\DaVinci\Cfg-5082946\Generation\Cfg_Gen-1493065091956-0\AutosarFiles_ValGen-1493127758621-0\FlsMem_ECUC_5118208535789500811.arxml
    Include file:  E:\EA4NewTemplate\CM102A_FlsMem_Impl\tools\template\..\..\..\TL105A_Artt\tools\include\Helper.tt
    Template:      E:\EA4NewTemplate\CM102A_FlsMem_Impl\tools\template\CDD_FlsMem_Cfg_private.h.tt
    Namespace:     http://autosar.org/schema/r4.0
    Prefix:        ar
    File:          E:/EA4NewTemplate/CM102A_FlsMem_Impl/tools/local/generate\CDD_FlsMem_Cfg_private.h. written.
    Duration:      00:00:00.8736056.
AUTOSAR XML Text Transformation v2.0.2.0
    Output folder: E:\EA4NewTemplate\CM102A_FlsMem_Impl\tools\local\generate
    Descr. file:   C:\Users\rzk04c\AppData\Local\Temp\DaVinci\Cfg-5082946\Generation\Cfg_Gen-1493065091956-0\AutosarFiles_ValGen-1493388126765-0\FlsMem_ECUC_6290968045814425527.arxml
    Include file:  E:\EA4NewTemplate\CM102A_FlsMem_Impl\tools\template\..\..\..\TL105A_Artt\tools\include\Helper.tt
    Template:      E:\EA4NewTemplate\CM102A_FlsMem_Impl\tools\template\CDD_FlsMem_Cfg_private.h.tt
    Namespace:     http://autosar.org/schema/r4.0
    Prefix:        ar
    File:          E:/EA4NewTemplate/CM102A_FlsMem_Impl/tools/local/generate\CDD_FlsMem_Cfg_private.h. written.
    Duration:      00:00:00.7332047.
AUTOSAR XML Text Transformation v2.0.2.0
    Output folder: E:\EA4NewTemplate\CM102A_FlsMem_Impl\tools\local\generate
    Descr. file:   C:\Users\rzk04c\AppData\Local\Temp\DaVinci\Cfg-5394942\Generation\Cfg_Gen-1494275402495-0\AutosarFiles_ValGen-1494275423489-0\FlsMem_ECUC_4058910083360522225.arxml
    Include file:  E:\EA4NewTemplate\CM102A_FlsMem_Impl\tools\template\..\..\..\TL105A_Artt\tools\include\Helper.tt
    Template:      E:\EA4NewTemplate\CM102A_FlsMem_Impl\tools\template\CDD_FlsMem_Cfg_private.h.tt
    Namespace:     http://autosar.org/schema/r4.0
    Prefix:        ar
The transformation produced the following errors and warnings:
e:\EA4NewTemplate\CM102A_FlsMem_Impl\tools\template\CDD_FlsMem_Cfg_private.h.tt(103,2) : error CS0103: Compiling transformation: The name 'WriteRegionList' does not exist in the current context
e:\EA4NewTemplate\CM102A_FlsMem_Impl\tools\template\CDD_FlsMem_Cfg_private.h.tt(108,36) : error CS0103: Compiling transformation: The name 'WriteRegionList' does not exist in the current context
    File:          E:/EA4NewTemplate/CM102A_FlsMem_Impl/tools/local/generate\CDD_FlsMem_Cfg_private.h. written with errors.
    Duration:      00:00:00.4680030.
AUTOSAR XML Text Transformation v2.0.2.0
    Output folder: E:\EA4NewTemplate\CM102A_FlsMem_Impl\tools\local\generate
    Descr. file:   C:\Users\rzk04c\AppData\Local\Temp\DaVinci\Cfg-5394942\Generation\Cfg_Gen-1494275402495-0\AutosarFiles_ValGen-1494275687935-0\FlsMem_ECUC_4112391626753464158.arxml
    Include file:  E:\EA4NewTemplate\CM102A_FlsMem_Impl\tools\template\..\..\..\TL105A_Artt\tools\include\Helper.tt
    Template:      E:\EA4NewTemplate\CM102A_FlsMem_Impl\tools\template\CDD_FlsMem_Cfg_private.h.tt
    Namespace:     http://autosar.org/schema/r4.0
    Prefix:        ar
    File:          E:/EA4NewTemplate/CM102A_FlsMem_Impl/tools/local/generate\CDD_FlsMem_Cfg_private.h. written.
    Duration:      00:00:00.7020045.
AUTOSAR XML Text Transformation v2.0.2.0
    Output folder: E:\EA4NewTemplate\CM102A_FlsMem_Impl\tools\local\generate
    Descr. file:   C:\Users\rzk04c\AppData\Local\Temp\DaVinci\Cfg-5394942\Generation\Cfg_Gen-1494275402495-0\AutosarFiles_ValGen-1494275766367-0\FlsMem_ECUC_2400181530585521320.arxml
    Include file:  E:\EA4NewTemplate\CM102A_FlsMem_Impl\tools\template\..\..\..\TL105A_Artt\tools\include\Helper.tt
    Template:      E:\EA4NewTemplate\CM102A_FlsMem_Impl\tools\template\CDD_FlsMem_Cfg_private.h.tt
    Namespace:     http://autosar.org/schema/r4.0
    Prefix:        ar
    File:          E:/EA4NewTemplate/CM102A_FlsMem_Impl/tools/local/generate\CDD_FlsMem_Cfg_private.h. written.
    Duration:      00:00:00.7332047.
AUTOSAR XML Text Transformation v2.0.2.0
    Output folder: E:\EA4NewTemplate\CM102A_FlsMem_Impl\tools\local\generate
    Descr. file:   C:\Users\rzk04c\AppData\Local\Temp\DaVinci\Cfg-5394942\Generation\Cfg_Gen-1494275402495-0\AutosarFiles_ValGen-1494275809866-0\FlsMem_ECUC_1171780342786361052.arxml
    Include file:  E:\EA4NewTemplate\CM102A_FlsMem_Impl\tools\template\..\..\..\TL105A_Artt\tools\include\Helper.tt
    Template:      E:\EA4NewTemplate\CM102A_FlsMem_Impl\tools\template\CDD_FlsMem_Cfg_private.h.tt
    Namespace:     http://autosar.org/schema/r4.0
    Prefix:        ar
    File:          E:/EA4NewTemplate/CM102A_FlsMem_Impl/tools/local/generate\CDD_FlsMem_Cfg_private.h. written.
    Duration:      00:00:00.7800050.
AUTOSAR XML Text Transformation v2.0.2.0
    Output folder: E:\EA4NewTemplate\CM102A_FlsMem_Impl\tools\local\generate
    Descr. file:   C:\Users\rzk04c\AppData\Local\Temp\DaVinci\Cfg-5394942\Generation\Cfg_Gen-1494275402495-0\AutosarFiles_ValGen-1494275862942-0\FlsMem_ECUC_2943150422053922319.arxml
    Include file:  E:\EA4NewTemplate\CM102A_FlsMem_Impl\tools\template\..\..\..\TL105A_Artt\tools\include\Helper.tt
    Template:      E:\EA4NewTemplate\CM102A_FlsMem_Impl\tools\template\CDD_FlsMem_Cfg_private.h.tt
    Namespace:     http://autosar.org/schema/r4.0
    Prefix:        ar
    File:          E:/EA4NewTemplate/CM102A_FlsMem_Impl/tools/local/generate\CDD_FlsMem_Cfg_private.h. written.
    Duration:      00:00:00.7332047.
AUTOSAR XML Text Transformation v2.0.2.0
    Output folder: E:\EA4NewTemplate\CM102A_FlsMem_Impl\tools\local\generate
    Descr. file:   C:\Users\rzk04c\AppData\Local\Temp\DaVinci\Cfg-5394942\Generation\Cfg_Gen-1494275402495-0\AutosarFiles_ValGen-1494291488293-0\FlsMem_ECUC_8125700489554169643.arxml
    Include file:  E:\EA4NewTemplate\CM102A_FlsMem_Impl\tools\template\..\..\..\TL105A_Artt\tools\include\Helper.tt
    Template:      E:\EA4NewTemplate\CM102A_FlsMem_Impl\tools\template\CDD_FlsMem_Cfg_private.h.tt
    Namespace:     http://autosar.org/schema/r4.0
    Prefix:        ar
    File:          E:/EA4NewTemplate/CM102A_FlsMem_Impl/tools/local/generate\CDD_FlsMem_Cfg_private.h. written.
    Duration:      00:00:00.7332047.
AUTOSAR XML Text Transformation v2.0.2.0
    Output folder: E:\EA4NewTemplate\CM102A_FlsMem_Impl\tools\local\generate
    Descr. file:   C:\Users\rzk04c\AppData\Local\Temp\DaVinci\Cfg-5394942\Generation\Cfg_Gen-1494275402495-0\AutosarFiles_ValGen-1494291557886-0\FlsMem_ECUC_3932759605119987554.arxml
    Include file:  E:\EA4NewTemplate\CM102A_FlsMem_Impl\tools\template\..\..\..\TL105A_Artt\tools\include\Helper.tt
    Template:      E:\EA4NewTemplate\CM102A_FlsMem_Impl\tools\template\CDD_FlsMem_Cfg_private.h.tt
    Namespace:     http://autosar.org/schema/r4.0
    Prefix:        ar
    File:          E:/EA4NewTemplate/CM102A_FlsMem_Impl/tools/local/generate\CDD_FlsMem_Cfg_private.h. written.
    Duration:      00:00:00.7332047.
AUTOSAR XML Text Transformation v2.0.2.0
    Output folder: E:\EA4NewTemplate\CM102A_FlsMem_Impl\tools\local\generate
    Descr. file:   C:\Users\rzk04c\AppData\Local\Temp\DaVinci\Cfg-5394942\Generation\Cfg_Gen-1494275402495-0\AutosarFiles_ValGen-1494291883808-0\FlsMem_ECUC_3027685624831048071.arxml
    Include file:  E:\EA4NewTemplate\CM102A_FlsMem_Impl\tools\template\..\..\..\TL105A_Artt\tools\include\Helper.tt
    Template:      E:\EA4NewTemplate\CM102A_FlsMem_Impl\tools\template\CDD_FlsMem_Cfg_private.h.tt
    Namespace:     http://autosar.org/schema/r4.0
    Prefix:        ar
    File:          E:/EA4NewTemplate/CM102A_FlsMem_Impl/tools/local/generate\CDD_FlsMem_Cfg_private.h. written.
    Duration:      00:00:00.7332047.
AUTOSAR XML Text Transformation v2.0.2.0
    Output folder: E:\EA4NewTemplate\CM102A_FlsMem_Impl\tools\local\generate
    Descr. file:   C:\Users\rzk04c\AppData\Local\Temp\DaVinci\Cfg-5394942\Generation\Cfg_Gen-1494275402495-0\AutosarFiles_ValGen-1494426843009-0\FlsMem_ECUC_3549496031269187821.arxml
    Include file:  E:\EA4NewTemplate\CM102A_FlsMem_Impl\tools\template\..\..\..\TL105A_Artt\tools\include\Helper.tt
    Template:      E:\EA4NewTemplate\CM102A_FlsMem_Impl\tools\template\CDD_FlsMem_Cfg_private.h.tt
    Namespace:     http://autosar.org/schema/r4.0
    Prefix:        ar
    File:          E:/EA4NewTemplate/CM102A_FlsMem_Impl/tools/local/generate\CDD_FlsMem_Cfg_private.h. written.
    Duration:      00:00:03.2136206.
AUTOSAR XML Text Transformation v2.0.2.0
    Output folder: E:\EA4NewTemplate\CM102A_FlsMem_Impl\tools\local\generate
    Descr. file:   C:\Users\rzk04c\AppData\Local\Temp\DaVinci\Cfg-3011185\Generation\Cfg_Gen-1494433043613-0\AutosarFiles_ValGen-1494433052574-0\FlsMem_ECUC_3381096839366437025.arxml
    Include file:  E:\EA4NewTemplate\CM102A_FlsMem_Impl\tools\template\..\..\..\TL105A_Artt\tools\include\Helper.tt
    Template:      E:\EA4NewTemplate\CM102A_FlsMem_Impl\tools\template\CDD_FlsMem_Cfg_private.h.tt
    Namespace:     http://autosar.org/schema/r4.0
    Prefix:        ar
    File:          E:/EA4NewTemplate/CM102A_FlsMem_Impl/tools/local/generate\CDD_FlsMem_Cfg_private.h. written.
    Duration:      00:00:00.7332047.
AUTOSAR XML Text Transformation v2.0.2.0
    Output folder: E:\EA4NewTemplate\CM102A_FlsMem_Impl\tools\local\generate
    Descr. file:   C:\Users\rzk04c\AppData\Local\Temp\DaVinci\Cfg-4460241\Generation\Cfg_Gen-1494434465064-0\AutosarFiles_ValGen-1494434471005-0\FlsMem_ECUC_1967660405049314520.arxml
    Include file:  E:\EA4NewTemplate\CM102A_FlsMem_Impl\tools\template\..\..\..\TL105A_Artt\tools\include\Helper.tt
    Template:      E:\EA4NewTemplate\CM102A_FlsMem_Impl\tools\template\CDD_FlsMem_Cfg_private.h.tt
    Namespace:     http://autosar.org/schema/r4.0
    Prefix:        ar
    File:          E:/EA4NewTemplate/CM102A_FlsMem_Impl/tools/local/generate\CDD_FlsMem_Cfg_private.h. written.
    Duration:      00:00:00.7020045.
