AUTOSAR XML Text Transformation v2.0.2.0
    Output folder: E:\EA4NewTemplate\CM102A_FlsMem_Impl\tools\local\generate
    Descr. file:   C:\Users\rzk04c\AppData\Local\Temp\DaVinci\Cfg-5394942\Generation\Cfg_Gen-1494275402495-0\AutosarFiles_ValGen-1494275687935-0\FlsMem_ECUC_4112391626753464158.arxml
    Include file:  E:\EA4NewTemplate\CM102A_FlsMem_Impl\tools\template\..\..\..\TL105A_Artt\tools\include\Helper.tt
    Template:      E:\EA4NewTemplate\CM102A_FlsMem_Impl\tools\template\CDD_FlsMem_Cfg.c.tt
    Namespace:     http://autosar.org/schema/r4.0
    Prefix:        ar
    File:          E:/EA4NewTemplate/CM102A_FlsMem_Impl/tools/local/generate\CDD_FlsMem_Cfg.c. written.
    Duration:      00:00:00.7176046.
AUTOSAR XML Text Transformation v2.0.2.0
    Output folder: E:\EA4NewTemplate\CM102A_FlsMem_Impl\tools\local\generate
    Descr. file:   C:\Users\rzk04c\AppData\Local\Temp\DaVinci\Cfg-5394942\Generation\Cfg_Gen-1494275402495-0\AutosarFiles_ValGen-1494275766367-0\FlsMem_ECUC_2400181530585521320.arxml
    Include file:  E:\EA4NewTemplate\CM102A_FlsMem_Impl\tools\template\..\..\..\TL105A_Artt\tools\include\Helper.tt
    Template:      E:\EA4NewTemplate\CM102A_FlsMem_Impl\tools\template\CDD_FlsMem_Cfg.c.tt
    Namespace:     http://autosar.org/schema/r4.0
    Prefix:        ar
    File:          E:/EA4NewTemplate/CM102A_FlsMem_Impl/tools/local/generate\CDD_FlsMem_Cfg.c. written.
    Duration:      00:00:00.7176046.
AUTOSAR XML Text Transformation v2.0.2.0
    Output folder: E:\EA4NewTemplate\CM102A_FlsMem_Impl\tools\local\generate
    Descr. file:   C:\Users\rzk04c\AppData\Local\Temp\DaVinci\Cfg-5394942\Generation\Cfg_Gen-1494275402495-0\AutosarFiles_ValGen-1494275809866-0\FlsMem_ECUC_1171780342786361052.arxml
    Include file:  E:\EA4NewTemplate\CM102A_FlsMem_Impl\tools\template\..\..\..\TL105A_Artt\tools\include\Helper.tt
    Template:      E:\EA4NewTemplate\CM102A_FlsMem_Impl\tools\template\CDD_FlsMem_Cfg.c.tt
    Namespace:     http://autosar.org/schema/r4.0
    Prefix:        ar
    File:          E:/EA4NewTemplate/CM102A_FlsMem_Impl/tools/local/generate\CDD_FlsMem_Cfg.c. written.
    Duration:      00:00:00.8112052.
AUTOSAR XML Text Transformation v2.0.2.0
    Output folder: E:\EA4NewTemplate\CM102A_FlsMem_Impl\tools\local\generate
    Descr. file:   C:\Users\rzk04c\AppData\Local\Temp\DaVinci\Cfg-5394942\Generation\Cfg_Gen-1494275402495-0\AutosarFiles_ValGen-1494275862942-0\FlsMem_ECUC_2943150422053922319.arxml
    Include file:  E:\EA4NewTemplate\CM102A_FlsMem_Impl\tools\template\..\..\..\TL105A_Artt\tools\include\Helper.tt
    Template:      E:\EA4NewTemplate\CM102A_FlsMem_Impl\tools\template\CDD_FlsMem_Cfg.c.tt
    Namespace:     http://autosar.org/schema/r4.0
    Prefix:        ar
    File:          E:/EA4NewTemplate/CM102A_FlsMem_Impl/tools/local/generate\CDD_FlsMem_Cfg.c. written.
    Duration:      00:00:00.7488048.
AUTOSAR XML Text Transformation v2.0.2.0
    Output folder: E:\EA4NewTemplate\CM102A_FlsMem_Impl\tools\local\generate
    Descr. file:   C:\Users\rzk04c\AppData\Local\Temp\DaVinci\Cfg-5394942\Generation\Cfg_Gen-1494275402495-0\AutosarFiles_ValGen-1494291488293-0\FlsMem_ECUC_8125700489554169643.arxml
    Include file:  E:\EA4NewTemplate\CM102A_FlsMem_Impl\tools\template\..\..\..\TL105A_Artt\tools\include\Helper.tt
    Template:      E:\EA4NewTemplate\CM102A_FlsMem_Impl\tools\template\CDD_FlsMem_Cfg.c.tt
    Namespace:     http://autosar.org/schema/r4.0
    Prefix:        ar
    File:          E:/EA4NewTemplate/CM102A_FlsMem_Impl/tools/local/generate\CDD_FlsMem_Cfg.c. written.
    Duration:      00:00:00.7644049.
AUTOSAR XML Text Transformation v2.0.2.0
    Output folder: E:\EA4NewTemplate\CM102A_FlsMem_Impl\tools\local\generate
    Descr. file:   C:\Users\rzk04c\AppData\Local\Temp\DaVinci\Cfg-5394942\Generation\Cfg_Gen-1494275402495-0\AutosarFiles_ValGen-1494291557886-0\FlsMem_ECUC_3932759605119987554.arxml
    Include file:  E:\EA4NewTemplate\CM102A_FlsMem_Impl\tools\template\..\..\..\TL105A_Artt\tools\include\Helper.tt
    Template:      E:\EA4NewTemplate\CM102A_FlsMem_Impl\tools\template\CDD_FlsMem_Cfg.c.tt
    Namespace:     http://autosar.org/schema/r4.0
    Prefix:        ar
    File:          E:/EA4NewTemplate/CM102A_FlsMem_Impl/tools/local/generate\CDD_FlsMem_Cfg.c. written.
    Duration:      00:00:00.7488048.
AUTOSAR XML Text Transformation v2.0.2.0
    Output folder: E:\EA4NewTemplate\CM102A_FlsMem_Impl\tools\local\generate
    Descr. file:   C:\Users\rzk04c\AppData\Local\Temp\DaVinci\Cfg-5394942\Generation\Cfg_Gen-1494275402495-0\AutosarFiles_ValGen-1494291883808-0\FlsMem_ECUC_3027685624831048071.arxml
    Include file:  E:\EA4NewTemplate\CM102A_FlsMem_Impl\tools\template\..\..\..\TL105A_Artt\tools\include\Helper.tt
    Template:      E:\EA4NewTemplate\CM102A_FlsMem_Impl\tools\template\CDD_FlsMem_Cfg.c.tt
    Namespace:     http://autosar.org/schema/r4.0
    Prefix:        ar
    File:          E:/EA4NewTemplate/CM102A_FlsMem_Impl/tools/local/generate\CDD_FlsMem_Cfg.c. written.
    Duration:      00:00:00.7332047.
AUTOSAR XML Text Transformation v2.0.2.0
    Output folder: E:\EA4NewTemplate\CM102A_FlsMem_Impl\tools\local\generate
    Descr. file:   C:\Users\rzk04c\AppData\Local\Temp\DaVinci\Cfg-5394942\Generation\Cfg_Gen-1494275402495-0\AutosarFiles_ValGen-1494426843009-0\FlsMem_ECUC_3549496031269187821.arxml
    Include file:  E:\EA4NewTemplate\CM102A_FlsMem_Impl\tools\template\..\..\..\TL105A_Artt\tools\include\Helper.tt
    Template:      E:\EA4NewTemplate\CM102A_FlsMem_Impl\tools\template\CDD_FlsMem_Cfg.c.tt
    Namespace:     http://autosar.org/schema/r4.0
    Prefix:        ar
    File:          E:/EA4NewTemplate/CM102A_FlsMem_Impl/tools/local/generate\CDD_FlsMem_Cfg.c. written.
    Duration:      00:00:03.2136206.
AUTOSAR XML Text Transformation v2.0.2.0
    Output folder: E:\EA4NewTemplate\CM102A_FlsMem_Impl\tools\local\generate
    Descr. file:   C:\Users\rzk04c\AppData\Local\Temp\DaVinci\Cfg-3011185\Generation\Cfg_Gen-1494433043613-0\AutosarFiles_ValGen-1494433052574-0\FlsMem_ECUC_3381096839366437025.arxml
    Include file:  E:\EA4NewTemplate\CM102A_FlsMem_Impl\tools\template\..\..\..\TL105A_Artt\tools\include\Helper.tt
    Template:      E:\EA4NewTemplate\CM102A_FlsMem_Impl\tools\template\CDD_FlsMem_Cfg.c.tt
    Namespace:     http://autosar.org/schema/r4.0
    Prefix:        ar
    File:          E:/EA4NewTemplate/CM102A_FlsMem_Impl/tools/local/generate\CDD_FlsMem_Cfg.c. written.
    Duration:      00:00:00.7800050.
AUTOSAR XML Text Transformation v2.0.2.0
    Output folder: E:\EA4NewTemplate\CM102A_FlsMem_Impl\tools\local\generate
    Descr. file:   C:\Users\rzk04c\AppData\Local\Temp\DaVinci\Cfg-4460241\Generation\Cfg_Gen-1494434465064-0\AutosarFiles_ValGen-1494434471005-0\FlsMem_ECUC_1967660405049314520.arxml
    Include file:  E:\EA4NewTemplate\CM102A_FlsMem_Impl\tools\template\..\..\..\TL105A_Artt\tools\include\Helper.tt
    Template:      E:\EA4NewTemplate\CM102A_FlsMem_Impl\tools\template\CDD_FlsMem_Cfg.c.tt
    Namespace:     http://autosar.org/schema/r4.0
    Prefix:        ar
    File:          E:/EA4NewTemplate/CM102A_FlsMem_Impl/tools/local/generate\CDD_FlsMem_Cfg.c. written.
    Duration:      00:00:00.7800050.
