AUTOSAR XML Text Transformation v2.0.2.0
    Output folder: C:\_EA4SynWrkgCpy\CM101A_ExcpnHndlg_Impl\tools\local\generate
    Descr. file:   C:\Users\nz2554\AppData\Local\Temp\DaVinci\Cfg-7318640\Generation\Cfg_Gen-1495747325788-0\AutosarFiles_ValGen-1495747363489-0\ExcpnHndlg_ECUC_7584436351617659725.arxml
    Include file:  C:\_EA4SynWrkgCpy\CM101A_ExcpnHndlg_Impl\tools\template\..\..\..\TL105A_Artt\tools\include\Helper.tt
    Template:      C:\_EA4SynWrkgCpy\CM101A_ExcpnHndlg_Impl\tools\template\CDD_ExcpnHndlg_Cfg.h.tt
    Namespace:     http://autosar.org/schema/r4.0
    Prefix:        ar
    File:          C:/_EA4SynWrkgCpy/CM101A_ExcpnHndlg_Impl/tools/local/generate\CDD_ExcpnHndlg_Cfg.h. written.
    Duration:      00:00:02.4336156.
AUTOSAR XML Text Transformation v2.0.2.0
    Output folder: C:\_EA4SynWrkgCpy\CM101A_ExcpnHndlg_Impl\tools\local\generate
    Descr. file:   C:\Users\nz2554\AppData\Local\Temp\DaVinci\Cfg-0959878\Generation\Cfg_Gen-1495750968000-0\AutosarFiles_ValGen-1495750996495-0\ExcpnHndlg_ECUC_262420719563516126.arxml
    Include file:  C:\_EA4SynWrkgCpy\CM101A_ExcpnHndlg_Impl\tools\template\..\..\..\TL105A_Artt\tools\include\Helper.tt
    Template:      C:\_EA4SynWrkgCpy\CM101A_ExcpnHndlg_Impl\tools\template\CDD_ExcpnHndlg_Cfg.h.tt
    Namespace:     http://autosar.org/schema/r4.0
    Prefix:        ar
    File:          C:/_EA4SynWrkgCpy/CM101A_ExcpnHndlg_Impl/tools/local/generate\CDD_ExcpnHndlg_Cfg.h. written.
    Duration:      00:00:01.9656126.
AUTOSAR XML Text Transformation v2.0.2.0
    Output folder: C:\_EA4SynWrkgCpy\CM101A_ExcpnHndlg_Impl\tools\local\generate
    Descr. file:   C:\Users\nz2554\AppData\Local\Temp\DaVinci\Cfg-2330595\Generation\Cfg_Gen-1495752337055-0\AutosarFiles_ValGen-1495752359317-0\ExcpnHndlg_ECUC_2487388630761343942.arxml
    Include file:  C:\_EA4SynWrkgCpy\CM101A_ExcpnHndlg_Impl\tools\template\..\..\..\TL105A_Artt\tools\include\Helper.tt
    Template:      C:\_EA4SynWrkgCpy\CM101A_ExcpnHndlg_Impl\tools\template\CDD_ExcpnHndlg_Cfg.h.tt
    Namespace:     http://autosar.org/schema/r4.0
    Prefix:        ar
    File:          C:/_EA4SynWrkgCpy/CM101A_ExcpnHndlg_Impl/tools/local/generate\CDD_ExcpnHndlg_Cfg.h. written.
    Duration:      00:00:02.4336156.
AUTOSAR XML Text Transformation v2.0.2.0
    Output folder: E:\EA4NewTemplate\CM101A_ExcpnHndlg_Impl\tools\local\generate
    Descr. file:   C:\Users\rzk04c\AppData\Local\Temp\DaVinci\Cfg-9261040\Generation\Cfg_Gen-1505909306060-0\AutosarFiles_ValGen-1505909317451-0\ExcpnHndlg_ECUC_5315149230275242438.arxml
    Include file:  E:\EA4NewTemplate\CM101A_ExcpnHndlg_Impl\tools\template\..\..\..\TL105A_Artt\tools\include\Helper.tt
    Template:      E:\EA4NewTemplate\CM101A_ExcpnHndlg_Impl\tools\template\CDD_ExcpnHndlg_Cfg.h.tt
    Namespace:     http://autosar.org/schema/r4.0
    Prefix:        ar
    File:          E:/EA4NewTemplate/CM101A_ExcpnHndlg_Impl/tools/local/generate\CDD_ExcpnHndlg_Cfg.h. written.
    Duration:      00:00:01.1388073.
AUTOSAR XML Text Transformation v2.0.2.0
    Output folder: E:\EA4NewTemplate\CM101A_ExcpnHndlg_Impl\tools\local\generate
    Descr. file:   C:\Users\rzk04c\AppData\Local\Temp\DaVinci\Cfg-9443423\Generation\Cfg_Gen-1505909448739-0\AutosarFiles_ValGen-1505909455210-0\ExcpnHndlg_ECUC_3795382336871947688.arxml
    Include file:  E:\EA4NewTemplate\CM101A_ExcpnHndlg_Impl\tools\template\..\..\..\TL105A_Artt\tools\include\Helper.tt
    Template:      E:\EA4NewTemplate\CM101A_ExcpnHndlg_Impl\tools\template\CDD_ExcpnHndlg_Cfg.h.tt
    Namespace:     http://autosar.org/schema/r4.0
    Prefix:        ar
    File:          E:/EA4NewTemplate/CM101A_ExcpnHndlg_Impl/tools/local/generate\CDD_ExcpnHndlg_Cfg.h. written.
    Duration:      00:00:00.7956051.
AUTOSAR XML Text Transformation v2.0.2.0
    Output folder: E:\EA4NewTemplate\CM101A_ExcpnHndlg_Impl\tools\local\generate
    Descr. file:   C:\Users\rzk04c\AppData\Local\Temp\DaVinci\Cfg-1662732\Generation\Cfg_Gen-1505911668088-0\AutosarFiles_ValGen-1505911674005-0\ExcpnHndlg_ECUC_6284249243293650320.arxml
    Include file:  E:\EA4NewTemplate\CM101A_ExcpnHndlg_Impl\tools\template\..\..\..\TL105A_Artt\tools\include\Helper.tt
    Template:      E:\EA4NewTemplate\CM101A_ExcpnHndlg_Impl\tools\template\CDD_ExcpnHndlg_Cfg.h.tt
    Namespace:     http://autosar.org/schema/r4.0
    Prefix:        ar
    File:          E:/EA4NewTemplate/CM101A_ExcpnHndlg_Impl/tools/local/generate\CDD_ExcpnHndlg_Cfg.h. written.
    Duration:      00:00:00.7176046.
