The system cannot find the path specified.
The system cannot find the path specified.
The system cannot find the path specified.
The system cannot find the path specified.
The system cannot find the path specified.
The system cannot find the path specified.
The system cannot find the path specified.
The system cannot find the path specified.
The system cannot find the path specified.
The system cannot find the path specified.
AUTOSAR XML Text Transformation v2.1.2.0
    Output folder: C:\_Synergy_Projects\Working\ses_dev_ea4\ES210A_EcuTMeas_Impl\tools\local\generate
    Descr. file:   C:\Users\nz3734\AppData\Local\Temp\DaVinci\Cfg-2767582\Generation\Cfg_Gen-1506372772278-0\AutosarFiles_ValGen-1506372778565-0\EcuTMeas_ECUC_8779649867867437994.arxml
    Include file:  C:\_Synergy_Projects\Working\ses_dev_ea4\ES210A_EcuTMeas_Impl\tools\template\..\..\..\TL105A_Artt\tools\include\Helper.tt
    Template:      C:\_Synergy_Projects\Working\ses_dev_ea4\ES210A_EcuTMeas_Impl\tools\template\EcuTMeas_Cfg_private.c.tt
    Namespace:     http://autosar.org/schema/r4.0
    Prefix:        ar
    File:          C:/_Synergy_Projects/Working/ses_dev_ea4/ES210A_EcuTMeas_Impl/tools/local/generate\EcuTMeas_Cfg_private.c. written.
    Duration:      00:00:00.8268053.
AUTOSAR XML Text Transformation v2.1.2.0
    Output folder: C:\_Synergy_Projects\Working\ses_dev_ea4\ES210A_EcuTMeas_Impl\tools\local\generate
    Descr. file:   C:\Users\nz3734\AppData\Local\Temp\DaVinci\Cfg-4140100\Generation\Cfg_Gen-1506374144999-0\AutosarFiles_ValGen-1506374151582-0\EcuTMeas_ECUC_1504511848159526304.arxml
    Include file:  C:\_Synergy_Projects\Working\ses_dev_ea4\ES210A_EcuTMeas_Impl\tools\template\..\..\..\TL105A_Artt\tools\include\Helper.tt
    Template:      C:\_Synergy_Projects\Working\ses_dev_ea4\ES210A_EcuTMeas_Impl\tools\template\EcuTMeas_Cfg_private.c.tt
    Namespace:     http://autosar.org/schema/r4.0
    Prefix:        ar
    File:          C:/_Synergy_Projects/Working/ses_dev_ea4/ES210A_EcuTMeas_Impl/tools/local/generate\EcuTMeas_Cfg_private.c. written.
    Duration:      00:00:00.7800050.
AUTOSAR XML Text Transformation v2.1.2.0
    Output folder: C:\_Synergy_Projects\Working\ses_dev_ea4\ES210A_EcuTMeas_Impl\tools\local\generate
    Descr. file:   C:\Users\nz3734\AppData\Local\Temp\DaVinci\Cfg-6090729\Generation\Cfg_Gen-1506426095628-0\AutosarFiles_ValGen-1506426101837-0\EcuTMeas_ECUC_3687111362812157349.arxml
    Include file:  C:\_Synergy_Projects\Working\ses_dev_ea4\ES210A_EcuTMeas_Impl\tools\template\..\..\..\TL105A_Artt\tools\include\Helper.tt
    Template:      C:\_Synergy_Projects\Working\ses_dev_ea4\ES210A_EcuTMeas_Impl\tools\template\EcuTMeas_Cfg_private.c.tt
    Namespace:     http://autosar.org/schema/r4.0
    Prefix:        ar
    File:          C:/_Synergy_Projects/Working/ses_dev_ea4/ES210A_EcuTMeas_Impl/tools/local/generate\EcuTMeas_Cfg_private.c. written.
    Duration:      00:00:00.9204059.
AUTOSAR XML Text Transformation v2.1.2.0
    Output folder: C:\_Synergy_Projects\Working\ses_dev_ea4\ES210A_EcuTMeas_Impl\tools\local\generate
    Descr. file:   C:\Users\nz3734\AppData\Local\Temp\DaVinci\Cfg-0696766\Generation\Cfg_Gen-1506440703769-0\AutosarFiles_ValGen-1506440777393-0\EcuTMeas_ECUC_862937076229617985.arxml
    Include file:  C:\_Synergy_Projects\Working\ses_dev_ea4\ES210A_EcuTMeas_Impl\tools\template\..\..\..\TL105A_Artt\tools\include\Helper.tt
    Template:      C:\_Synergy_Projects\Working\ses_dev_ea4\ES210A_EcuTMeas_Impl\tools\template\EcuTMeas_Cfg_private.c.tt
    Namespace:     http://autosar.org/schema/r4.0
    Prefix:        ar
    File:          C:/_Synergy_Projects/Working/ses_dev_ea4/ES210A_EcuTMeas_Impl/tools/local/generate\EcuTMeas_Cfg_private.c. written.
    Duration:      00:00:00.8580055.
AUTOSAR XML Text Transformation v2.1.2.0
    Output folder: C:\_Synergy_Projects\Working\ses_dev_ea4\ES210A_EcuTMeas_Impl\tools\local\generate
    Descr. file:   C:\Users\nz3734\AppData\Local\Temp\DaVinci\Cfg-3852126\Generation\Cfg_Gen-1506443858964-0\AutosarFiles_ValGen-1506443917964-0\EcuTMeas_ECUC_7274874326031393626.arxml
    Include file:  C:\_Synergy_Projects\Working\ses_dev_ea4\ES210A_EcuTMeas_Impl\tools\template\..\..\..\TL105A_Artt\tools\include\Helper.tt
    Template:      C:\_Synergy_Projects\Working\ses_dev_ea4\ES210A_EcuTMeas_Impl\tools\template\EcuTMeas_Cfg_private.c.tt
    Namespace:     http://autosar.org/schema/r4.0
    Prefix:        ar
    File:          C:/_Synergy_Projects/Working/ses_dev_ea4/ES210A_EcuTMeas_Impl/tools/local/generate\EcuTMeas_Cfg_private.c. written.
    Duration:      00:00:00.8736056.
AUTOSAR XML Text Transformation v2.1.2.0
    Output folder: C:\_Synergy_Projects\Working\ses_dev_ea4\ES210A_EcuTMeas_Impl\tools\local\generate
    Descr. file:   C:\Users\nz3734\AppData\Local\Temp\DaVinci\Cfg-3852126\Generation\Cfg_Gen-1506443858964-0\AutosarFiles_ValGen-1506443987365-0\EcuTMeas_ECUC_3095069877554071227.arxml
    Include file:  C:\_Synergy_Projects\Working\ses_dev_ea4\ES210A_EcuTMeas_Impl\tools\template\..\..\..\TL105A_Artt\tools\include\Helper.tt
    Template:      C:\_Synergy_Projects\Working\ses_dev_ea4\ES210A_EcuTMeas_Impl\tools\template\EcuTMeas_Cfg_private.c.tt
    Namespace:     http://autosar.org/schema/r4.0
    Prefix:        ar
    File:          C:/_Synergy_Projects/Working/ses_dev_ea4/ES210A_EcuTMeas_Impl/tools/local/generate\EcuTMeas_Cfg_private.c. written.
    Duration:      00:00:00.8736056.
AUTOSAR XML Text Transformation v2.1.2.0
    Output folder: C:\_Synergy_Projects\Working\ses_dev_ea4\ES210A_EcuTMeas_Impl\tools\local\generate
    Descr. file:   C:\Users\nz3734\AppData\Local\Temp\DaVinci\Cfg-8381051\Generation\Cfg_Gen-1508178386803-0\AutosarFiles_ValGen-1508178394728-0\EcuTMeas_ECUC_3643575222001049074.arxml
    Include file:  C:\_Synergy_Projects\Working\ses_dev_ea4\ES210A_EcuTMeas_Impl\tools\template\..\..\..\TL105A_Artt\tools\include\Helper.tt
    Template:      C:\_Synergy_Projects\Working\ses_dev_ea4\ES210A_EcuTMeas_Impl\tools\template\EcuTMeas_Cfg_private.c.tt
    Namespace:     http://autosar.org/schema/r4.0
    Prefix:        ar
    File:          C:/_Synergy_Projects/Working/ses_dev_ea4/ES210A_EcuTMeas_Impl/tools/local/generate\EcuTMeas_Cfg_private.c. written.
    Duration:      00:00:00.9204059.
