###########################################################################
# AUTOSAR Renesas R4.0 MCU Driver Generation Tool for P1x - 1.1.5                     
# Run time      = [30 Jul 2018 - 19:58:32]
#  Command line arguments = RUCG.exe Mcu_P1x.dll -L -O
#    C:\Component\FAAR_WE_Synergy\_Bmw_5441_Eps_Impl_A\generate\Mcu
#    C:\Users\tzyksv\AppData\Local\Temp\DaVinci\Cfg-3240631\Generation\Cfg_Gen-1532993252944-0\AutosarFiles_ValGen-1532994905284-0\Mcu_ECUC_3350516407282010857.arxml
#    R403_MCU_P1x_BSWMDT.arxml P1M.trxml Mcu_P1x.cfgxml
#
# Copyright(c) 2013-2017 Renesas Electronics Corporation.
# All rights reserved
###########################################################################


INF000001: DLL Version: 1.1.5
INF000002: Command line arguments: RUCG.exe Mcu_P1x.dll -L -O
           C:\Component\FAAR_WE_Synergy\_Bmw_5441_Eps_Impl_A\generate\Mcu
           C:\Users\tzyksv\AppData\Local\Temp\DaVinci\Cfg-3240631\Generation\Cfg_Gen-1532993252944-0\AutosarFiles_ValGen-1532994905284-0\Mcu_ECUC_3350516407282010857.arxml
           R403_MCU_P1x_BSWMDT.arxml P1M.trxml Mcu_P1x.cfgxml
INF101002: The configured value for parameter 'McuExternalClk0DividerSel' will
           be ignored if parameter 'McuExternalClk0SourceSel' is configured as
           'MCU_NO_OUTPUT'.
           File Name:
           C:\Users\tzyksv\AppData\Local\Temp\DaVinci\Cfg-3240631\Generation\Cfg_Gen-1532993252944-0\AutosarFiles_ValGen-1532994905284-0\Mcu_ECUC_3350516407282010857.arxml
           Path:
           /ActiveEcuC/Mcu/McuModuleConfiguration/McuClockSettingConfig/McuExternalClkOutSetting
INF101002: The configured value for parameter 'McuExternalClk1DividerSel' will
           be ignored if parameter 'McuExternalClk1SourceSel' is configured as
           'MCU_NO_OUTPUT'.
           File Name:
           C:\Users\tzyksv\AppData\Local\Temp\DaVinci\Cfg-3240631\Generation\Cfg_Gen-1532993252944-0\AutosarFiles_ValGen-1532994905284-0\Mcu_ECUC_3350516407282010857.arxml
           Path:
           /ActiveEcuC/Mcu/McuModuleConfiguration/McuClockSettingConfig/McuExternalClkOutSetting
INF101001: The configured 'McuRamSectorSettingConf' container is not used. Since
           'McuRamSectorSetting' parameter in 'McuGeneralConfiguration'
           container is configured as <false>.File Name:
           C:\Users\tzyksv\AppData\Local\Temp\DaVinci\Cfg-3240631\Generation\Cfg_Gen-1532993252944-0\AutosarFiles_ValGen-1532994905284-0\Mcu_ECUC_3350516407282010857.arxml
INF000004: Opened file
           <C:\Component\FAAR_WE_Synergy\_Bmw_5441_Eps_Impl_A\generate\Mcu\include\Mcu_Reg.h>
           at [30 Jul 2018 - 19:58:53].
INF000004: Opened file
           <C:\Component\FAAR_WE_Synergy\_Bmw_5441_Eps_Impl_A\generate\Mcu\include\Mcu_Cfg.h>
           at [30 Jul 2018 - 19:58:53].
INF000004: Opened file
           <C:\Component\FAAR_WE_Synergy\_Bmw_5441_Eps_Impl_A\generate\Mcu\src\Mcu_PBcfg.c>
           at [30 Jul 2018 - 19:58:53].
INF000004: Opened file
           <C:\Component\FAAR_WE_Synergy\_Bmw_5441_Eps_Impl_A\generate\Mcu\include\Mcu_Cbk.h>
           at [30 Jul 2018 - 19:58:54].
INF000005: <0> Error(s) and <0> Warning(s) detected.
INF000006: Execution completed successfully.
