###########################################################################
# AUTOSAR Renesas R4.0 WDG Driver Generation Tool for X1x - 1.0.21                     
# Run time      = [30 Jul 2018 - 19:59:38]
#  Command line arguments = RUCG.exe Wdg_X1x.dll -L -O
#    C:\Component\FAAR_WE_Synergy\_Bmw_5441_Eps_Impl_A\generate\Wdg
#    C:\Users\tzyksv\AppData\Local\Temp\DaVinci\Cfg-3240631\Generation\Cfg_Gen-1532993252944-0\AutosarFiles_ValGen-1532994905284-0\Wdg_ECUC_6258906692274713601.arxml
#    R403_WDG_P1x_BSWMDT.arxml P1M.trxml Wdg_X1x.cfgxml
#
# Copyright(c) 2012-2017 Renesas Electronics Corporation.
# All rights reserved
###########################################################################


INF000001: DLL Version: 1.0.21
INF000002: Command line arguments: RUCG.exe Wdg_X1x.dll -L -O
           C:\Component\FAAR_WE_Synergy\_Bmw_5441_Eps_Impl_A\generate\Wdg
           C:\Users\tzyksv\AppData\Local\Temp\DaVinci\Cfg-3240631\Generation\Cfg_Gen-1532993252944-0\AutosarFiles_ValGen-1532994905284-0\Wdg_ECUC_6258906692274713601.arxml
           R403_WDG_P1x_BSWMDT.arxml P1M.trxml Wdg_X1x.cfgxml
INF102003: WdgUseWriteVerifyErrorInterface functionality has no effect when
           WdgWriteVerify parameter is DISABLED. File Name:
           C:\Users\tzyksv\AppData\Local\Temp\DaVinci\Cfg-3240631\Generation\Cfg_Gen-1532993252944-0\AutosarFiles_ValGen-1532994905284-0\Wdg_ECUC_6258906692274713601.arxml
           Path: /ActiveEcuC/Wdg/WdgGeneral
INF102001: The duration of 75% of one WDG trigger cycle for slow mode is <6.144
           msec>.
           File Name:
           C:\Users\tzyksv\AppData\Local\Temp\DaVinci\Cfg-3240631\Generation\Cfg_Gen-1532993252944-0\AutosarFiles_ValGen-1532994905284-0\Wdg_ECUC_6258906692274713601.arxml
           Path: /ActiveEcuC/Wdg/WdgSettingsConfig/WdgSettingsSlow
INF102002: The duration of 75% of one WDG trigger cycle for fast mode is <0.096
           msec>.
           File Name:
           C:\Users\tzyksv\AppData\Local\Temp\DaVinci\Cfg-3240631\Generation\Cfg_Gen-1532993252944-0\AutosarFiles_ValGen-1532994905284-0\Wdg_ECUC_6258906692274713601.arxml
           Path: /ActiveEcuC/Wdg/WdgSettingsConfig/WdgSettingsFast
INF000004: Opened file
           <C:\Component\FAAR_WE_Synergy\_Bmw_5441_Eps_Impl_A\generate\Wdg\src\Wdg_59_DriverA_PBcfg.c>
           at [30 Jul 2018 - 20:00:11].
INF000004: Opened file
           <C:\Component\FAAR_WE_Synergy\_Bmw_5441_Eps_Impl_A\generate\Wdg\include\Wdg_59_DriverA_Cfg.h>
           at [30 Jul 2018 - 20:00:11].
INF000004: Opened file
           <C:\Component\FAAR_WE_Synergy\_Bmw_5441_Eps_Impl_A\generate\Wdg\include\Wdg_59_DriverA_Cbk.h>
           at [30 Jul 2018 - 20:00:11].
INF000005: <0> Error(s) and <0> Warning(s) detected.
INF000006: Execution completed successfully.
