AUTOSAR XML Text Transformation v2.1.2.0
    Output folder: C:\Users\nz2999\Documents\Synergy\ccm_wa\ses_dev_ea4\CF081A_BmwTunSetHndlr_Impl-nz2999\CF081A_BmwTunSetHndlr_Impl\tools\local\generate
    Descr. file:   C:\Users\nz2999\AppData\Local\Temp\DaVinci\Cfg-0619370\Generation\Cfg_Gen-1522230624081-0\AutosarFiles_ValGen-1522230630401-0\BmwTunSetHndlr_ECUC_8363052100713188066.arxml
    Include file:  C:\Users\nz2999\Documents\Synergy\ccm_wa\ses_dev_ea4\CF081A_BmwTunSetHndlr_Impl-nz2999\CF081A_BmwTunSetHndlr_Impl\tools\template\..\..\..\TL105A_Artt\tools\include\Helper.tt
    Template:      C:\Users\nz2999\Documents\Synergy\ccm_wa\ses_dev_ea4\CF081A_BmwTunSetHndlr_Impl-nz2999\CF081A_BmwTunSetHndlr_Impl\tools\template\BmwTunSetHndlr_Cfg.h.tt
    Namespace:     http://autosar.org/schema/r4.0
    Prefix:        ar
    File:          C:/Users/nz2999/Documents/Synergy/ccm_wa/ses_dev_ea4/CF081A_BmwTunSetHndlr_Impl-nz2999/CF081A_BmwTunSetHndlr_Impl/tools/local/generate\BmwTunSetHndlr_Cfg.h. written.
    Duration:      00:00:00.8424054.
AUTOSAR XML Text Transformation v2.1.2.0
    Output folder: C:\Users\nz2999\Documents\Synergy\ccm_wa\ses_dev_ea4\CF081A_BmwTunSetHndlr_Impl-nz2999\CF081A_BmwTunSetHndlr_Impl\tools\local\generate
    Descr. file:   C:\Users\nz2999\AppData\Local\Temp\DaVinci\Cfg-0668316\Generation\Cfg_Gen-1522230673739-0\AutosarFiles_ValGen-1522230680237-0\BmwTunSetHndlr_ECUC_8366757766394803338.arxml
    Include file:  C:\Users\nz2999\Documents\Synergy\ccm_wa\ses_dev_ea4\CF081A_BmwTunSetHndlr_Impl-nz2999\CF081A_BmwTunSetHndlr_Impl\tools\template\..\..\..\TL105A_Artt\tools\include\Helper.tt
    Template:      C:\Users\nz2999\Documents\Synergy\ccm_wa\ses_dev_ea4\CF081A_BmwTunSetHndlr_Impl-nz2999\CF081A_BmwTunSetHndlr_Impl\tools\template\BmwTunSetHndlr_Cfg.h.tt
    Namespace:     http://autosar.org/schema/r4.0
    Prefix:        ar
    File:          C:/Users/nz2999/Documents/Synergy/ccm_wa/ses_dev_ea4/CF081A_BmwTunSetHndlr_Impl-nz2999/CF081A_BmwTunSetHndlr_Impl/tools/local/generate\BmwTunSetHndlr_Cfg.h. written.
    Duration:      00:00:00.8268053.
AUTOSAR XML Text Transformation v2.1.2.0
    Output folder: C:\Users\nz2999\Documents\Synergy\ccm_wa\ses_dev_ea4\CF081A_BmwTunSetHndlr_Impl-nz2999\CF081A_BmwTunSetHndlr_Impl\tools\local\generate
    Descr. file:   C:\Users\nz2999\AppData\Local\Temp\DaVinci\Cfg-0848944\Generation\Cfg_Gen-1522230853867-0\AutosarFiles_ValGen-1522230860415-0\BmwTunSetHndlr_ECUC_5164274402986150150.arxml
    Include file:  C:\Users\nz2999\Documents\Synergy\ccm_wa\ses_dev_ea4\CF081A_BmwTunSetHndlr_Impl-nz2999\CF081A_BmwTunSetHndlr_Impl\tools\template\..\..\..\TL105A_Artt\tools\include\Helper.tt
    Template:      C:\Users\nz2999\Documents\Synergy\ccm_wa\ses_dev_ea4\CF081A_BmwTunSetHndlr_Impl-nz2999\CF081A_BmwTunSetHndlr_Impl\tools\template\BmwTunSetHndlr_Cfg.h.tt
    Namespace:     http://autosar.org/schema/r4.0
    Prefix:        ar
    File:          C:/Users/nz2999/Documents/Synergy/ccm_wa/ses_dev_ea4/CF081A_BmwTunSetHndlr_Impl-nz2999/CF081A_BmwTunSetHndlr_Impl/tools/local/generate\BmwTunSetHndlr_Cfg.h. written.
    Duration:      00:00:00.9048058.
AUTOSAR XML Text Transformation v2.1.2.0
    Output folder: C:\Users\nz2999\Documents\Synergy\ccm_wa\ses_dev_ea4\CF081A_BmwTunSetHndlr_Impl-nz2999\CF081A_BmwTunSetHndlr_Impl\tools\local\generate
    Descr. file:   C:\Users\nz2999\AppData\Local\Temp\DaVinci\Cfg-1043368\Generation\Cfg_Gen-1522231048064-0\AutosarFiles_ValGen-1522231054373-0\BmwTunSetHndlr_ECUC_3889149086461003628.arxml
    Include file:  C:\Users\nz2999\Documents\Synergy\ccm_wa\ses_dev_ea4\CF081A_BmwTunSetHndlr_Impl-nz2999\CF081A_BmwTunSetHndlr_Impl\tools\template\..\..\..\TL105A_Artt\tools\include\Helper.tt
    Template:      C:\Users\nz2999\Documents\Synergy\ccm_wa\ses_dev_ea4\CF081A_BmwTunSetHndlr_Impl-nz2999\CF081A_BmwTunSetHndlr_Impl\tools\template\BmwTunSetHndlr_Cfg.h.tt
    Namespace:     http://autosar.org/schema/r4.0
    Prefix:        ar
    File:          C:/Users/nz2999/Documents/Synergy/ccm_wa/ses_dev_ea4/CF081A_BmwTunSetHndlr_Impl-nz2999/CF081A_BmwTunSetHndlr_Impl/tools/local/generate\BmwTunSetHndlr_Cfg.h. written.
    Duration:      00:00:00.8112052.
AUTOSAR XML Text Transformation v2.1.2.0
    Output folder: C:\Users\nz2999\Documents\Synergy\ccm_wa\ses_dev_ea4\CF081A_BmwTunSetHndlr_Impl-nz2999\CF081A_BmwTunSetHndlr_Impl\tools\local\generate
    Descr. file:   C:\Users\nz2999\AppData\Local\Temp\DaVinci\Cfg-1116188\Generation\Cfg_Gen-1522231120853-0\AutosarFiles_ValGen-1522231127053-0\BmwTunSetHndlr_ECUC_4619604214156262441.arxml
    Include file:  C:\Users\nz2999\Documents\Synergy\ccm_wa\ses_dev_ea4\CF081A_BmwTunSetHndlr_Impl-nz2999\CF081A_BmwTunSetHndlr_Impl\tools\template\..\..\..\TL105A_Artt\tools\include\Helper.tt
    Template:      C:\Users\nz2999\Documents\Synergy\ccm_wa\ses_dev_ea4\CF081A_BmwTunSetHndlr_Impl-nz2999\CF081A_BmwTunSetHndlr_Impl\tools\template\BmwTunSetHndlr_Cfg.h.tt
    Namespace:     http://autosar.org/schema/r4.0
    Prefix:        ar
    File:          C:/Users/nz2999/Documents/Synergy/ccm_wa/ses_dev_ea4/CF081A_BmwTunSetHndlr_Impl-nz2999/CF081A_BmwTunSetHndlr_Impl/tools/local/generate\BmwTunSetHndlr_Cfg.h. written.
    Duration:      00:00:00.8424054.
The system cannot find the path specified.
The system cannot find the path specified.
The system cannot find the path specified.
The system cannot find the path specified.
The system cannot find the path specified.
The system cannot find the path specified.
The system cannot find the path specified.
The system cannot find the path specified.
The system cannot find the path specified.
The system cannot find the path specified.
The system cannot find the path specified.
The system cannot find the path specified.
The system cannot find the path specified.
The system cannot find the path specified.
The system cannot find the path specified.
AUTOSAR XML Text Transformation v2.1.2.0
    Output folder: C:\_S\work\ses_dev_ea4\CF081A_BmwTunSetHndlr_Impl-z172399\CF081A_BmwTunSetHndlr_Impl\tools\local\generate
    Descr. file:   C:\Users\Z172399\AppData\Local\Temp\DaVinci\Cfg-4645690\Generation\Cfg_Gen-1522934649842-0\AutosarFiles_ValGen-1522934655673-0\BmwTunSetHndlr_ECUC_8559118544324171789.arxml
    Include file:  C:\_S\work\ses_dev_ea4\CF081A_BmwTunSetHndlr_Impl-z172399\CF081A_BmwTunSetHndlr_Impl\tools\template\..\..\..\TL105A_Artt\tools\include\Helper.tt
    Template:      C:\_S\work\ses_dev_ea4\CF081A_BmwTunSetHndlr_Impl-z172399\CF081A_BmwTunSetHndlr_Impl\tools\template\BmwTunSetHndlr_Cfg.h.tt
    Namespace:     http://autosar.org/schema/r4.0
    Prefix:        ar
    File:          C:/_S/work/ses_dev_ea4/CF081A_BmwTunSetHndlr_Impl-z172399/CF081A_BmwTunSetHndlr_Impl/tools/local/generate\BmwTunSetHndlr_Cfg.h. written.
    Duration:      00:00:00.9204059.
AUTOSAR XML Text Transformation v2.1.2.0
    Output folder: C:\_S\work\ses_dev_ea4\CF081A_BmwTunSetHndlr_Impl-z172399\CF081A_BmwTunSetHndlr_Impl\tools\local\generate
    Descr. file:   C:\Users\Z172399\AppData\Local\Temp\DaVinci\Cfg-5586834\Generation\Cfg_Gen-1522935590780-0\AutosarFiles_ValGen-1522935597017-0\BmwTunSetHndlr_ECUC_935981075594030950.arxml
    Include file:  C:\_S\work\ses_dev_ea4\CF081A_BmwTunSetHndlr_Impl-z172399\CF081A_BmwTunSetHndlr_Impl\tools\template\..\..\..\TL105A_Artt\tools\include\Helper.tt
    Template:      C:\_S\work\ses_dev_ea4\CF081A_BmwTunSetHndlr_Impl-z172399\CF081A_BmwTunSetHndlr_Impl\tools\template\BmwTunSetHndlr_Cfg.h.tt
    Namespace:     http://autosar.org/schema/r4.0
    Prefix:        ar
    File:          C:/_S/work/ses_dev_ea4/CF081A_BmwTunSetHndlr_Impl-z172399/CF081A_BmwTunSetHndlr_Impl/tools/local/generate\BmwTunSetHndlr_Cfg.h. written.
    Duration:      00:00:00.7644049.
AUTOSAR XML Text Transformation v2.1.2.0
    Output folder: C:\_S\work\ses_dev_ea4\CF081A_BmwTunSetHndlr_Impl-z172399\CF081A_BmwTunSetHndlr_Impl\tools\local\generate
    Descr. file:   C:\Users\Z172399\AppData\Local\Temp\DaVinci\Cfg-6885119\Generation\Cfg_Gen-1522996889668-0\AutosarFiles_ValGen-1522996896134-0\BmwTunSetHndlr_ECUC_8461293497763660174.arxml
    Include file:  C:\_S\work\ses_dev_ea4\CF081A_BmwTunSetHndlr_Impl-z172399\CF081A_BmwTunSetHndlr_Impl\tools\template\..\..\..\TL105A_Artt\tools\include\Helper.tt
    Template:      C:\_S\work\ses_dev_ea4\CF081A_BmwTunSetHndlr_Impl-z172399\CF081A_BmwTunSetHndlr_Impl\tools\template\BmwTunSetHndlr_Cfg.h.tt
    Namespace:     http://autosar.org/schema/r4.0
    Prefix:        ar
    File:          C:/_S/work/ses_dev_ea4/CF081A_BmwTunSetHndlr_Impl-z172399/CF081A_BmwTunSetHndlr_Impl/tools/local/generate\BmwTunSetHndlr_Cfg.h. written.
    Duration:      00:00:00.8580055.
AUTOSAR XML Text Transformation v2.1.2.0
    Output folder: C:\_S\work\ses_dev_ea4\CF081A_BmwTunSetHndlr_Impl-z172399\CF081A_BmwTunSetHndlr_Impl\tools\local\generate
    Descr. file:   C:\Users\Z172399\AppData\Local\Temp\DaVinci\Cfg-7144705\Generation\Cfg_Gen-1522997148869-0\AutosarFiles_ValGen-1522997154915-0\BmwTunSetHndlr_ECUC_8089154920233218781.arxml
    Include file:  C:\_S\work\ses_dev_ea4\CF081A_BmwTunSetHndlr_Impl-z172399\CF081A_BmwTunSetHndlr_Impl\tools\template\..\..\..\TL105A_Artt\tools\include\Helper.tt
    Template:      C:\_S\work\ses_dev_ea4\CF081A_BmwTunSetHndlr_Impl-z172399\CF081A_BmwTunSetHndlr_Impl\tools\template\BmwTunSetHndlr_Cfg.h.tt
    Namespace:     http://autosar.org/schema/r4.0
    Prefix:        ar
    File:          C:/_S/work/ses_dev_ea4/CF081A_BmwTunSetHndlr_Impl-z172399/CF081A_BmwTunSetHndlr_Impl/tools/local/generate\BmwTunSetHndlr_Cfg.h. written.
    Duration:      00:00:00.7800050.
AUTOSAR XML Text Transformation v2.1.2.0
    Output folder: C:\_S\work\ses_dev_ea4\CF081A_BmwTunSetHndlr_Impl-z172399\CF081A_BmwTunSetHndlr_Impl\tools\local\generate
    Descr. file:   C:\Users\Z172399\AppData\Local\Temp\DaVinci\Cfg-7548196\Generation\Cfg_Gen-1522997552379-0\AutosarFiles_ValGen-1522997558608-0\BmwTunSetHndlr_ECUC_6033960183568784006.arxml
    Include file:  C:\_S\work\ses_dev_ea4\CF081A_BmwTunSetHndlr_Impl-z172399\CF081A_BmwTunSetHndlr_Impl\tools\template\..\..\..\TL105A_Artt\tools\include\Helper.tt
    Template:      C:\_S\work\ses_dev_ea4\CF081A_BmwTunSetHndlr_Impl-z172399\CF081A_BmwTunSetHndlr_Impl\tools\template\BmwTunSetHndlr_Cfg.h.tt
    Namespace:     http://autosar.org/schema/r4.0
    Prefix:        ar
    File:          C:/_S/work/ses_dev_ea4/CF081A_BmwTunSetHndlr_Impl-z172399/CF081A_BmwTunSetHndlr_Impl/tools/local/generate\BmwTunSetHndlr_Cfg.h. written.
    Duration:      00:00:00.7956051.
AUTOSAR XML Text Transformation v2.1.2.0
    Output folder: C:\_S\work\ses_dev_ea4\CF081A_BmwTunSetHndlr_Impl-z172399\CF081A_BmwTunSetHndlr_Impl\tools\local\generate
    Descr. file:   C:\Users\Z172399\AppData\Local\Temp\DaVinci\Cfg-7709325\Generation\Cfg_Gen-1522997713193-0\AutosarFiles_ValGen-1522997719838-0\BmwTunSetHndlr_ECUC_8400661541690472241.arxml
    Include file:  C:\_S\work\ses_dev_ea4\CF081A_BmwTunSetHndlr_Impl-z172399\CF081A_BmwTunSetHndlr_Impl\tools\template\..\..\..\TL105A_Artt\tools\include\Helper.tt
    Template:      C:\_S\work\ses_dev_ea4\CF081A_BmwTunSetHndlr_Impl-z172399\CF081A_BmwTunSetHndlr_Impl\tools\template\BmwTunSetHndlr_Cfg.h.tt
    Namespace:     http://autosar.org/schema/r4.0
    Prefix:        ar
    File:          C:/_S/work/ses_dev_ea4/CF081A_BmwTunSetHndlr_Impl-z172399/CF081A_BmwTunSetHndlr_Impl/tools/local/generate\BmwTunSetHndlr_Cfg.h. written.
    Duration:      00:00:00.7956051.
AUTOSAR XML Text Transformation v2.1.2.0
    Output folder: C:\_S\work\ses_dev_ea4\CF081A_BmwTunSetHndlr_Impl-z172399\CF081A_BmwTunSetHndlr_Impl\tools\local\generate
    Descr. file:   C:\Users\Z172399\AppData\Local\Temp\DaVinci\Cfg-2365949\Generation\Cfg_Gen-1523272370593-0\AutosarFiles_ValGen-1523272377094-0\BmwTunSetHndlr_ECUC_9105976463379217305.arxml
    Include file:  C:\_S\work\ses_dev_ea4\CF081A_BmwTunSetHndlr_Impl-z172399\CF081A_BmwTunSetHndlr_Impl\tools\template\..\..\..\TL105A_Artt\tools\include\Helper.tt
    Template:      C:\_S\work\ses_dev_ea4\CF081A_BmwTunSetHndlr_Impl-z172399\CF081A_BmwTunSetHndlr_Impl\tools\template\BmwTunSetHndlr_Cfg.h.tt
    Namespace:     http://autosar.org/schema/r4.0
    Prefix:        ar
A fatal error occurred during execution of the application:
System.UnauthorizedAccessException: Access to the path 'C:\_S\work\ses_dev_ea4\CF081A_BmwTunSetHndlr_Impl-z172399\CF081A_BmwTunSetHndlr_Impl\tools\local\generate\BmwTunSetHndlr_Cfg.h' is denied.
   at System.IO.__Error.WinIOError(Int32 errorCode, String maybeFullPath)
   at System.IO.FileStream.Init(String path, FileMode mode, FileAccess access, Int32 rights, Boolean useRights, FileShare share, Int32 bufferSize, FileOptions options, SECURITY_ATTRIBUTES secAttrs, String msgPath, Boolean bFromProxy)
   at System.IO.FileStream..ctor(String path, FileMode mode, FileAccess access, FileShare share, Int32 bufferSize, FileOptions options, String msgPath, Boolean bFromProxy)
   at System.IO.FileStream..ctor(String path, FileMode mode, FileAccess access, FileShare share, Int32 bufferSize, FileOptions options)
   at System.IO.StreamWriter..ctor(String path, Boolean append, Encoding encoding, Int32 bufferSize)
   at System.IO.StreamWriter..ctor(String path, Boolean append, Encoding encoding)
   at System.IO.File.WriteAllText(String path, String contents, Encoding encoding)
   at Bmw.Artt.Generator.Generate(List`1 descriptionFiles, String templateFile, String outFolder, String outFile, String autosarNamespace, String includePath)
   at Bmw.Artt.Program.DeferredMain()
AUTOSAR XML Text Transformation v2.1.2.0
    Output folder: C:\_S\work\ses_dev_ea4\CF081A_BmwTunSetHndlr_Impl-z172399\CF081A_BmwTunSetHndlr_Impl\tools\local\generate
    Descr. file:   C:\Users\Z172399\AppData\Local\Temp\DaVinci\Cfg-2400027\Generation\Cfg_Gen-1523272404135-0\AutosarFiles_ValGen-1523272409836-0\BmwTunSetHndlr_ECUC_4830561529909626339.arxml
    Include file:  C:\_S\work\ses_dev_ea4\CF081A_BmwTunSetHndlr_Impl-z172399\CF081A_BmwTunSetHndlr_Impl\tools\template\..\..\..\TL105A_Artt\tools\include\Helper.tt
    Template:      C:\_S\work\ses_dev_ea4\CF081A_BmwTunSetHndlr_Impl-z172399\CF081A_BmwTunSetHndlr_Impl\tools\template\BmwTunSetHndlr_Cfg.h.tt
    Namespace:     http://autosar.org/schema/r4.0
    Prefix:        ar
A fatal error occurred during execution of the application:
System.UnauthorizedAccessException: Access to the path 'C:\_S\work\ses_dev_ea4\CF081A_BmwTunSetHndlr_Impl-z172399\CF081A_BmwTunSetHndlr_Impl\tools\local\generate\BmwTunSetHndlr_Cfg.h' is denied.
   at System.IO.__Error.WinIOError(Int32 errorCode, String maybeFullPath)
   at System.IO.FileStream.Init(String path, FileMode mode, FileAccess access, Int32 rights, Boolean useRights, FileShare share, Int32 bufferSize, FileOptions options, SECURITY_ATTRIBUTES secAttrs, String msgPath, Boolean bFromProxy)
   at System.IO.FileStream..ctor(String path, FileMode mode, FileAccess access, FileShare share, Int32 bufferSize, FileOptions options, String msgPath, Boolean bFromProxy)
   at System.IO.FileStream..ctor(String path, FileMode mode, FileAccess access, FileShare share, Int32 bufferSize, FileOptions options)
   at System.IO.StreamWriter..ctor(String path, Boolean append, Encoding encoding, Int32 bufferSize)
   at System.IO.StreamWriter..ctor(String path, Boolean append, Encoding encoding)
   at System.IO.File.WriteAllText(String path, String contents, Encoding encoding)
   at Bmw.Artt.Generator.Generate(List`1 descriptionFiles, String templateFile, String outFolder, String outFile, String autosarNamespace, String includePath)
   at Bmw.Artt.Program.DeferredMain()
AUTOSAR XML Text Transformation v2.1.2.0
    Output folder: C:\_S\work\ses_dev_ea4\CF081A_BmwTunSetHndlr_Impl-z172399\CF081A_BmwTunSetHndlr_Impl\tools\local\generate
    Descr. file:   C:\Users\Z172399\AppData\Local\Temp\DaVinci\Cfg-2438529\Generation\Cfg_Gen-1523272442601-0\AutosarFiles_ValGen-1523272448354-0\BmwTunSetHndlr_ECUC_311819474009812192.arxml
    Include file:  C:\_S\work\ses_dev_ea4\CF081A_BmwTunSetHndlr_Impl-z172399\CF081A_BmwTunSetHndlr_Impl\tools\template\..\..\..\TL105A_Artt\tools\include\Helper.tt
    Template:      C:\_S\work\ses_dev_ea4\CF081A_BmwTunSetHndlr_Impl-z172399\CF081A_BmwTunSetHndlr_Impl\tools\template\BmwTunSetHndlr_Cfg.h.tt
    Namespace:     http://autosar.org/schema/r4.0
    Prefix:        ar
    File:          C:/_S/work/ses_dev_ea4/CF081A_BmwTunSetHndlr_Impl-z172399/CF081A_BmwTunSetHndlr_Impl/tools/local/generate\BmwTunSetHndlr_Cfg.h. written.
    Duration:      00:00:00.7488048.
AUTOSAR XML Text Transformation v2.1.2.0
    Output folder: C:\_S\work\ses_dev_ea4\CF081A_BmwTunSetHndlr_Impl-z172399\CF081A_BmwTunSetHndlr_Impl\tools\local\generate
    Descr. file:   C:\Users\Z172399\AppData\Local\Temp\DaVinci\Cfg-3262607\Generation\Cfg_Gen-1523353267128-0\AutosarFiles_ValGen-1523353273609-0\BmwTunSetHndlr_ECUC_8025338083458171074.arxml
    Include file:  C:\_S\work\ses_dev_ea4\CF081A_BmwTunSetHndlr_Impl-z172399\CF081A_BmwTunSetHndlr_Impl\tools\template\..\..\..\TL105A_Artt\tools\include\Helper.tt
    Template:      C:\_S\work\ses_dev_ea4\CF081A_BmwTunSetHndlr_Impl-z172399\CF081A_BmwTunSetHndlr_Impl\tools\template\BmwTunSetHndlr_Cfg.h.tt
    Namespace:     http://autosar.org/schema/r4.0
    Prefix:        ar
    File:          C:/_S/work/ses_dev_ea4/CF081A_BmwTunSetHndlr_Impl-z172399/CF081A_BmwTunSetHndlr_Impl/tools/local/generate\BmwTunSetHndlr_Cfg.h. written.
    Duration:      00:00:00.8892057.
AUTOSAR XML Text Transformation v2.1.2.0
    Output folder: C:\Users\nz2999\Documents\Synergy\ccm_wa\ses_dev_ea4\CF081A_BmwTunSetHndlr_Impl-nz2999\CF081A_BmwTunSetHndlr_Impl\tools\local\generate
    Descr. file:   C:\Users\nz2999\AppData\Local\Temp\DaVinci\Cfg-7942623\Generation\Cfg_Gen-1526567947908-0\AutosarFiles_ValGen-1526567954723-0\BmwTunSetHndlr_ECUC_1012884154869212561.arxml
    Include file:  C:\Users\nz2999\Documents\Synergy\ccm_wa\ses_dev_ea4\CF081A_BmwTunSetHndlr_Impl-nz2999\CF081A_BmwTunSetHndlr_Impl\tools\template\..\..\..\TL105A_Artt\tools\include\Helper.tt
    Template:      C:\Users\nz2999\Documents\Synergy\ccm_wa\ses_dev_ea4\CF081A_BmwTunSetHndlr_Impl-nz2999\CF081A_BmwTunSetHndlr_Impl\tools\template\BmwTunSetHndlr_Cfg.h.tt
    Namespace:     http://autosar.org/schema/r4.0
    Prefix:        ar
    File:          C:/Users/nz2999/Documents/Synergy/ccm_wa/ses_dev_ea4/CF081A_BmwTunSetHndlr_Impl-nz2999/CF081A_BmwTunSetHndlr_Impl/tools/local/generate\BmwTunSetHndlr_Cfg.h. written.
    Duration:      00:00:00.9204059.
